{"/home/travis/build/npmtest/node-npmtest-testem/test.js":{"path":"/home/travis/build/npmtest/node-npmtest-testem/test.js","s":{"1":2,"2":2,"3":2,"4":2,"5":2,"6":2,"7":2,"8":1,"9":2,"10":2,"11":1,"12":1,"13":1,"14":1,"15":2,"16":2,"17":2,"18":2,"19":1,"20":1,"21":2,"22":2,"23":2,"24":1,"25":1,"26":1,"27":1,"28":1,"29":1,"30":1,"31":1,"32":1,"33":1,"34":1,"35":1,"36":1,"37":1,"38":1,"39":2,"40":2,"41":1,"42":2,"43":2,"44":1,"45":2,"46":2,"47":1,"48":2,"49":2,"50":1,"51":1,"52":1,"53":1,"54":1},"b":{"1":[2,1,1,1],"2":[1,1,1,1],"3":[1,1],"4":[1,1],"5":[1,1],"6":[1,1],"7":[1,1],"8":[1,1],"9":[1,1],"10":[1,1,1],"11":[1,1],"12":[1,1],"13":[1,1],"14":[1,1],"15":[1,1],"16":[1,1],"17":[1,1]},"f":{"1":2,"2":2,"3":2,"4":2,"5":2,"6":1,"7":1,"8":1,"9":2,"10":2,"11":2,"12":2,"13":1},"fnMap":{"1":{"name":"(anonymous_1)","line":12,"loc":{"start":{"line":12,"column":1},"end":{"line":12,"column":13}}},"2":{"name":"(anonymous_2)","line":19,"loc":{"start":{"line":19,"column":5},"end":{"line":19,"column":17}}},"3":{"name":"(anonymous_3)","line":23,"loc":{"start":{"line":23,"column":24},"end":{"line":23,"column":36}}},"4":{"name":"(anonymous_4)","line":61,"loc":{"start":{"line":61,"column":5},"end":{"line":61,"column":17}}},"5":{"name":"(anonymous_5)","line":82,"loc":{"start":{"line":82,"column":5},"end":{"line":82,"column":17}}},"6":{"name":"(anonymous_6)","line":91,"loc":{"start":{"line":91,"column":77},"end":{"line":94,"column":10}}},"7":{"name":"(anonymous_7)","line":112,"loc":{"start":{"line":112,"column":83},"end":{"line":115,"column":10}},"skip":true},"8":{"name":"(anonymous_8)","line":123,"loc":{"start":{"line":123,"column":77},"end":{"line":126,"column":10}},"skip":true},"9":{"name":"(anonymous_9)","line":139,"loc":{"start":{"line":139,"column":12},"end":{"line":139,"column":40}},"skip":true},"10":{"name":"(anonymous_10)","line":147,"loc":{"start":{"line":147,"column":77},"end":{"line":150,"column":10}},"skip":true},"11":{"name":"(anonymous_11)","line":158,"loc":{"start":{"line":158,"column":83},"end":{"line":161,"column":10}},"skip":true},"12":{"name":"(anonymous_12)","line":169,"loc":{"start":{"line":169,"column":79},"end":{"line":172,"column":10}},"skip":true},"13":{"name":"(anonymous_13)","line":180,"loc":{"start":{"line":180,"column":75},"end":{"line":183,"column":10}},"skip":true}},"statementMap":{"1":{"start":{"line":12,"column":0},"end":{"line":195,"column":5}},"2":{"start":{"line":14,"column":4},"end":{"line":14,"column":14}},"3":{"start":{"line":19,"column":4},"end":{"line":56,"column":9}},"4":{"start":{"line":21,"column":8},"end":{"line":21,"column":19}},"5":{"start":{"line":23,"column":8},"end":{"line":35,"column":13}},"6":{"start":{"line":24,"column":12},"end":{"line":34,"column":13}},"7":{"start":{"line":25,"column":16},"end":{"line":28,"column":30}},"8":{"start":{"line":30,"column":16},"end":{"line":33,"column":27}},"9":{"start":{"line":37,"column":8},"end":{"line":39,"column":21}},"10":{"start":{"line":40,"column":8},"end":{"line":53,"column":9}},"11":{"start":{"line":43,"column":12},"end":{"line":46,"column":14}},"12":{"start":{"line":47,"column":12},"end":{"line":47,"column":18}},"13":{"start":{"line":50,"column":12},"end":{"line":51,"column":46}},"14":{"start":{"line":52,"column":12},"end":{"line":52,"column":18}},"15":{"start":{"line":55,"column":8},"end":{"line":55,"column":35}},"16":{"start":{"line":61,"column":4},"end":{"line":63,"column":9}},"17":{"start":{"line":62,"column":8},"end":{"line":62,"column":15}},"18":{"start":{"line":64,"column":4},"end":{"line":77,"column":5}},"19":{"start":{"line":70,"column":8},"end":{"line":70,"column":14}},"20":{"start":{"line":76,"column":8},"end":{"line":76,"column":14}},"21":{"start":{"line":82,"column":4},"end":{"line":84,"column":9}},"22":{"start":{"line":83,"column":8},"end":{"line":83,"column":15}},"23":{"start":{"line":85,"column":4},"end":{"line":194,"column":5}},"24":{"start":{"line":91,"column":8},"end":{"line":99,"column":10}},"25":{"start":{"line":98,"column":12},"end":{"line":98,"column":35}},"26":{"start":{"line":102,"column":8},"end":{"line":104,"column":63}},"27":{"start":{"line":105,"column":8},"end":{"line":105,"column":14}},"28":{"start":{"line":112,"column":8},"end":{"line":121,"column":10},"skip":true},"29":{"start":{"line":119,"column":12},"end":{"line":119,"column":55},"skip":true},"30":{"start":{"line":120,"column":12},"end":{"line":120,"column":48},"skip":true},"31":{"start":{"line":123,"column":8},"end":{"line":136,"column":10},"skip":true},"32":{"start":{"line":130,"column":12},"end":{"line":130,"column":76},"skip":true},"33":{"start":{"line":131,"column":12},"end":{"line":131,"column":73},"skip":true},"34":{"start":{"line":132,"column":12},"end":{"line":132,"column":74},"skip":true},"35":{"start":{"line":133,"column":12},"end":{"line":133,"column":79},"skip":true},"36":{"start":{"line":134,"column":12},"end":{"line":134,"column":25},"skip":true},"37":{"start":{"line":135,"column":12},"end":{"line":135,"column":45},"skip":true},"38":{"start":{"line":138,"column":8},"end":{"line":145,"column":14},"skip":true},"39":{"start":{"line":143,"column":16},"end":{"line":143,"column":29},"skip":true},"40":{"start":{"line":144,"column":16},"end":{"line":144,"column":55},"skip":true},"41":{"start":{"line":147,"column":8},"end":{"line":156,"column":10},"skip":true},"42":{"start":{"line":154,"column":12},"end":{"line":154,"column":25},"skip":true},"43":{"start":{"line":155,"column":12},"end":{"line":155,"column":45},"skip":true},"44":{"start":{"line":158,"column":8},"end":{"line":167,"column":10},"skip":true},"45":{"start":{"line":165,"column":12},"end":{"line":165,"column":25},"skip":true},"46":{"start":{"line":166,"column":12},"end":{"line":166,"column":48},"skip":true},"47":{"start":{"line":169,"column":8},"end":{"line":178,"column":10},"skip":true},"48":{"start":{"line":176,"column":12},"end":{"line":176,"column":25},"skip":true},"49":{"start":{"line":177,"column":12},"end":{"line":177,"column":46},"skip":true},"50":{"start":{"line":180,"column":8},"end":{"line":189,"column":10},"skip":true},"51":{"start":{"line":187,"column":12},"end":{"line":187,"column":94},"skip":true},"52":{"start":{"line":188,"column":12},"end":{"line":188,"column":48},"skip":true},"53":{"start":{"line":192,"column":8},"end":{"line":192,"column":35},"skip":true},"54":{"start":{"line":193,"column":8},"end":{"line":193,"column":14},"skip":true}},"branchMap":{"1":{"line":25,"type":"binary-expr","locations":[{"start":{"line":25,"column":23},"end":{"line":25,"column":62}},{"start":{"line":26,"column":20},"end":{"line":26,"column":70}},{"start":{"line":27,"column":20},"end":{"line":27,"column":71}},{"start":{"line":28,"column":20},"end":{"line":28,"column":29}}]},"2":{"line":30,"type":"binary-expr","locations":[{"start":{"line":30,"column":23},"end":{"line":30,"column":37}},{"start":{"line":31,"column":20},"end":{"line":31,"column":61}},{"start":{"line":32,"column":20},"end":{"line":32,"column":70}},{"start":{"line":33,"column":20},"end":{"line":33,"column":26}}]},"3":{"line":37,"type":"cond-expr","locations":[{"start":{"line":38,"column":14},"end":{"line":38,"column":20}},{"start":{"line":39,"column":14},"end":{"line":39,"column":20}}]},"4":{"line":40,"type":"switch","locations":[{"start":{"line":42,"column":8},"end":{"line":47,"column":18}},{"start":{"line":49,"column":8},"end":{"line":52,"column":18}}]},"5":{"line":44,"type":"binary-expr","locations":[{"start":{"line":44,"column":16},"end":{"line":44,"column":44}},{"start":{"line":44,"column":48},"end":{"line":44,"column":66}}]},"6":{"line":50,"type":"binary-expr","locations":[{"start":{"line":50,"column":21},"end":{"line":50,"column":49}},{"start":{"line":50,"column":53},"end":{"line":50,"column":72}}]},"7":{"line":64,"type":"switch","locations":[{"start":{"line":69,"column":4},"end":{"line":70,"column":14}},{"start":{"line":75,"column":4},"end":{"line":76,"column":14}}]},"8":{"line":85,"type":"switch","locations":[{"start":{"line":90,"column":4},"end":{"line":105,"column":14}},{"start":{"line":111,"column":4},"end":{"line":193,"column":14},"skip":true}]},"9":{"line":91,"type":"binary-expr","locations":[{"start":{"line":91,"column":42},"end":{"line":91,"column":73}},{"start":{"line":91,"column":77},"end":{"line":99,"column":9}}]},"10":{"line":102,"type":"binary-expr","locations":[{"start":{"line":102,"column":18},"end":{"line":102,"column":32}},{"start":{"line":103,"column":12},"end":{"line":103,"column":53}},{"start":{"line":104,"column":12},"end":{"line":104,"column":61}}]},"11":{"line":112,"type":"binary-expr","locations":[{"start":{"line":112,"column":45},"end":{"line":112,"column":79},"skip":true},{"start":{"line":112,"column":83},"end":{"line":121,"column":9},"skip":true}]},"12":{"line":123,"type":"binary-expr","locations":[{"start":{"line":123,"column":42},"end":{"line":123,"column":73},"skip":true},{"start":{"line":123,"column":77},"end":{"line":136,"column":9},"skip":true}]},"13":{"line":138,"type":"binary-expr","locations":[{"start":{"line":138,"column":48},"end":{"line":138,"column":85},"skip":true},{"start":{"line":139,"column":12},"end":{"line":145,"column":13},"skip":true}]},"14":{"line":147,"type":"binary-expr","locations":[{"start":{"line":147,"column":42},"end":{"line":147,"column":73},"skip":true},{"start":{"line":147,"column":77},"end":{"line":156,"column":9},"skip":true}]},"15":{"line":158,"type":"binary-expr","locations":[{"start":{"line":158,"column":45},"end":{"line":158,"column":79},"skip":true},{"start":{"line":158,"column":83},"end":{"line":167,"column":9},"skip":true}]},"16":{"line":169,"type":"binary-expr","locations":[{"start":{"line":169,"column":43},"end":{"line":169,"column":75},"skip":true},{"start":{"line":169,"column":79},"end":{"line":178,"column":9},"skip":true}]},"17":{"line":180,"type":"binary-expr","locations":[{"start":{"line":180,"column":41},"end":{"line":180,"column":71},"skip":true},{"start":{"line":180,"column":75},"end":{"line":189,"column":9},"skip":true}]}},"code":["/* istanbul instrument in package npmtest_testem */","/*jslint","    bitwise: true,","    browser: true,","    maxerr: 8,","    maxlen: 96,","    node: true,","    nomen: true,","    regexp: true,","    stupid: true","*/","(function () {","    'use strict';","    var local;","","","","    // run shared js-env code - pre-init","    (function () {","        // init local","        local = {};","        // init modeJs","        local.modeJs = (function () {","            try {","                return typeof navigator.userAgent === 'string' &&","                    typeof document.querySelector('body') === 'object' &&","                    typeof XMLHttpRequest.prototype.open === 'function' &&","                    'browser';","            } catch (errorCaughtBrowser) {","                return module.exports &&","                    typeof process.versions.node === 'string' &&","                    typeof require('http').createServer === 'function' &&","                    'node';","            }","        }());","        // init global","        local.global = local.modeJs === 'browser'","            ? window","            : global;","        switch (local.modeJs) {","        // re-init local from window.local","        case 'browser':","            local = local.global.utility2.objectSetDefault(","                local.global.utility2_rollup || local.global.local,","                local.global.utility2","            );","            break;","        // re-init local from example.js","        case 'node':","            local = (local.global.utility2_rollup || require('utility2'))","                .requireExampleJsFromReadme();","            break;","        }","        // export local","        local.global.local = local;","    }());","","","","    // run shared js-env code - function","    (function () {","        return;","    }());","    switch (local.modeJs) {","","","","    // run browser js-env code - function","    case 'browser':","        break;","","","","    // run node js-env code - function","    case 'node':","        break;","    }","","","","    // run shared js-env code - post-init","    (function () {","        return;","    }());","    switch (local.modeJs) {","","","","    // run browser js-env code - post-init","    case 'browser':","        local.testCase_browser_nullCase = local.testCase_browser_nullCase || function (","            options,","            onError","        ) {","        /*","         * this function will test browsers's null-case handling-behavior-behavior","         */","            onError(null, options);","        };","","        // run tests","        local.nop(local.modeTest &&","            document.querySelector('#testRunButton1') &&","            document.querySelector('#testRunButton1').click());","        break;","","","","    // run node js-env code - post-init","    /* istanbul ignore next */","    case 'node':","        local.testCase_buildApidoc_default = local.testCase_buildApidoc_default || function (","            options,","            onError","        ) {","        /*","         * this function will test buildApidoc's default handling-behavior-behavior","         */","            options = { modulePathList: module.paths };","            local.buildApidoc(options, onError);","        };","","        local.testCase_buildApp_default = local.testCase_buildApp_default || function (","            options,","            onError","        ) {","        /*","         * this function will test buildApp's default handling-behavior-behavior","         */","            local.testCase_buildReadme_default(options, local.onErrorThrow);","            local.testCase_buildLib_default(options, local.onErrorThrow);","            local.testCase_buildTest_default(options, local.onErrorThrow);","            local.testCase_buildCustomOrg_default(options, local.onErrorThrow);","            options = [];","            local.buildApp(options, onError);","        };","","        local.testCase_buildCustomOrg_default = local.testCase_buildCustomOrg_default ||","            function (options, onError) {","            /*","             * this function will test buildCustomOrg's default handling-behavior","             */","                options = {};","                local.buildCustomOrg(options, onError);","            };","","        local.testCase_buildLib_default = local.testCase_buildLib_default || function (","            options,","            onError","        ) {","        /*","         * this function will test buildLib's default handling-behavior","         */","            options = {};","            local.buildLib(options, onError);","        };","","        local.testCase_buildReadme_default = local.testCase_buildReadme_default || function (","            options,","            onError","        ) {","        /*","         * this function will test buildReadme's default handling-behavior-behavior","         */","            options = {};","            local.buildReadme(options, onError);","        };","","        local.testCase_buildTest_default = local.testCase_buildTest_default || function (","            options,","            onError","        ) {","        /*","         * this function will test buildTest's default handling-behavior","         */","            options = {};","            local.buildTest(options, onError);","        };","","        local.testCase_webpage_default = local.testCase_webpage_default || function (","            options,","            onError","        ) {","        /*","         * this function will test webpage's default handling-behavior","         */","            options = { modeCoverageMerge: true, url: local.serverLocalHost + '?modeTest=1' };","            local.browserTest(options, onError);","        };","","        // run test-server","        local.testRunServer(local);","        break;","    }","}());",""],"l":{"12":2,"14":2,"19":2,"21":2,"23":2,"24":2,"25":2,"30":1,"37":2,"40":2,"43":1,"47":1,"50":1,"52":1,"55":2,"61":2,"62":2,"64":2,"70":1,"76":1,"82":2,"83":2,"85":2,"91":1,"98":1,"102":1,"105":1,"112":1,"119":1,"120":1,"123":1,"130":1,"131":1,"132":1,"133":1,"134":1,"135":1,"138":1,"143":2,"144":2,"147":1,"154":2,"155":2,"158":1,"165":2,"166":2,"169":1,"176":2,"177":2,"180":1,"187":1,"188":1,"192":1,"193":1}},"/home/travis/build/npmtest/node-npmtest-testem/lib.npmtest_testem.js":{"path":"/home/travis/build/npmtest/node-npmtest-testem/lib.npmtest_testem.js","s":{"1":2,"2":2,"3":2,"4":2,"5":2,"6":2,"7":2,"8":1,"9":2,"10":2,"11":2,"12":2,"13":1,"14":1,"15":1,"16":1},"b":{"1":[2,1,1,1],"2":[1,1,1,1],"3":[1,1],"4":[2,2],"5":[1,1]},"f":{"1":2,"2":2,"3":2},"fnMap":{"1":{"name":"(anonymous_1)","line":12,"loc":{"start":{"line":12,"column":1},"end":{"line":12,"column":13}}},"2":{"name":"(anonymous_2)","line":19,"loc":{"start":{"line":19,"column":5},"end":{"line":19,"column":17}}},"3":{"name":"(anonymous_3)","line":23,"loc":{"start":{"line":23,"column":24},"end":{"line":23,"column":36}}}},"statementMap":{"1":{"start":{"line":12,"column":0},"end":{"line":53,"column":5}},"2":{"start":{"line":14,"column":4},"end":{"line":14,"column":14}},"3":{"start":{"line":19,"column":4},"end":{"line":52,"column":9}},"4":{"start":{"line":21,"column":8},"end":{"line":21,"column":19}},"5":{"start":{"line":23,"column":8},"end":{"line":35,"column":13}},"6":{"start":{"line":24,"column":12},"end":{"line":34,"column":13}},"7":{"start":{"line":25,"column":16},"end":{"line":28,"column":30}},"8":{"start":{"line":30,"column":16},"end":{"line":33,"column":27}},"9":{"start":{"line":37,"column":8},"end":{"line":39,"column":21}},"10":{"start":{"line":41,"column":8},"end":{"line":41,"column":54}},"11":{"start":{"line":43,"column":8},"end":{"line":43,"column":51}},"12":{"start":{"line":45,"column":8},"end":{"line":51,"column":9}},"13":{"start":{"line":46,"column":12},"end":{"line":46,"column":57}},"14":{"start":{"line":48,"column":12},"end":{"line":48,"column":35}},"15":{"start":{"line":49,"column":12},"end":{"line":49,"column":49}},"16":{"start":{"line":50,"column":12},"end":{"line":50,"column":43}}},"branchMap":{"1":{"line":25,"type":"binary-expr","locations":[{"start":{"line":25,"column":23},"end":{"line":25,"column":62}},{"start":{"line":26,"column":20},"end":{"line":26,"column":70}},{"start":{"line":27,"column":20},"end":{"line":27,"column":71}},{"start":{"line":28,"column":20},"end":{"line":28,"column":29}}]},"2":{"line":30,"type":"binary-expr","locations":[{"start":{"line":30,"column":23},"end":{"line":30,"column":37}},{"start":{"line":31,"column":20},"end":{"line":31,"column":61}},{"start":{"line":32,"column":20},"end":{"line":32,"column":70}},{"start":{"line":33,"column":20},"end":{"line":33,"column":26}}]},"3":{"line":37,"type":"cond-expr","locations":[{"start":{"line":38,"column":14},"end":{"line":38,"column":20}},{"start":{"line":39,"column":14},"end":{"line":39,"column":20}}]},"4":{"line":41,"type":"binary-expr","locations":[{"start":{"line":41,"column":16},"end":{"line":41,"column":44}},{"start":{"line":41,"column":48},"end":{"line":41,"column":53}}]},"5":{"line":45,"type":"if","locations":[{"start":{"line":45,"column":8},"end":{"line":45,"column":8}},{"start":{"line":45,"column":8},"end":{"line":45,"column":8}}]}},"code":["/* istanbul instrument in package npmtest_testem */","/*jslint","    bitwise: true,","    browser: true,","    maxerr: 8,","    maxlen: 96,","    node: true,","    nomen: true,","    regexp: true,","    stupid: true","*/","(function () {","    'use strict';","    var local;","","","","    // run shared js-env code - pre-init","    (function () {","        // init local","        local = {};","        // init modeJs","        local.modeJs = (function () {","            try {","                return typeof navigator.userAgent === 'string' &&","                    typeof document.querySelector('body') === 'object' &&","                    typeof XMLHttpRequest.prototype.open === 'function' &&","                    'browser';","            } catch (errorCaughtBrowser) {","                return module.exports &&","                    typeof process.versions.node === 'string' &&","                    typeof require('http').createServer === 'function' &&","                    'node';","            }","        }());","        // init global","        local.global = local.modeJs === 'browser'","            ? window","            : global;","        // init utility2_rollup","        local = local.global.utility2_rollup || local;","        // init lib","        local.local = local.npmtest_testem = local;","        // init exports","        if (local.modeJs === 'browser') {","            local.global.utility2_npmtest_testem = local;","        } else {","            module.exports = local;","            module.exports.__dirname = __dirname;","            module.exports.module = module;","        }","    }());","}());",""],"l":{"12":2,"14":2,"19":2,"21":2,"23":2,"24":2,"25":2,"30":1,"37":2,"41":2,"43":2,"45":2,"46":1,"48":1,"49":1,"50":1}},"/home/travis/build/npmtest/node-npmtest-testem/example.js":{"path":"/home/travis/build/npmtest/node-npmtest-testem/example.js","s":{"1":2,"2":2,"3":2,"4":2,"5":2,"6":2,"7":2,"8":1,"9":2,"10":2,"11":2,"12":2,"13":1,"14":2,"15":2,"16":2,"17":2,"18":2,"19":0,"20":2,"21":1,"22":1,"23":1,"24":1,"25":1,"26":0,"27":0,"28":1,"29":1,"30":2,"31":0,"32":0,"33":0,"34":1,"35":2,"36":2,"37":3,"38":3,"39":3,"40":3,"41":0,"42":3,"43":3,"44":3,"45":1,"46":3,"47":1,"48":1,"49":1,"50":1,"51":1,"52":1,"53":1,"54":1,"55":1,"56":1,"57":0,"58":1,"59":6,"60":6,"61":1,"62":2,"63":0,"64":2,"65":1,"66":1,"67":0,"68":0,"69":0,"70":0,"71":0,"72":0,"73":0,"74":0,"75":0,"76":0,"77":0,"78":0,"79":0,"80":0,"81":0,"82":0,"83":0},"b":{"1":[2,1,1,1],"2":[1,1,1,1],"3":[1,1],"4":[2,2],"5":[1,1],"6":[1,1],"7":[2,0],"8":[2,1,1,1,1,1],"9":[0,2,0],"10":[1,1],"11":[2,1,1],"12":[1,0],"13":[0,2],"14":[2,0,0,0,0,0,0],"15":[0,3],"16":[3,0],"17":[1,1],"18":[0,1],"19":[1,2,0,2],"20":[1,0],"21":[1,1],"22":[0,0],"23":[0,0],"24":[0,0],"25":[0,0],"26":[0,0],"27":[0,0],"28":[0,0]},"f":{"1":2,"2":2,"3":2,"4":2,"5":2,"6":2,"7":3,"8":3,"9":3,"10":1,"11":6,"12":0},"fnMap":{"1":{"name":"(anonymous_1)","line":26,"loc":{"start":{"line":26,"column":1},"end":{"line":26,"column":13}}},"2":{"name":"(anonymous_2)","line":33,"loc":{"start":{"line":33,"column":5},"end":{"line":33,"column":17}}},"3":{"name":"(anonymous_3)","line":37,"loc":{"start":{"line":37,"column":24},"end":{"line":37,"column":36}}},"4":{"name":"(anonymous_4)","line":69,"loc":{"start":{"line":69,"column":31},"end":{"line":69,"column":48}},"skip":true},"5":{"name":"(anonymous_5)","line":78,"loc":{"start":{"line":78,"column":26},"end":{"line":78,"column":45}},"skip":true},"6":{"name":"(anonymous_6)","line":123,"loc":{"start":{"line":123,"column":33},"end":{"line":123,"column":48}},"skip":true},"7":{"name":"(anonymous_7)","line":125,"loc":{"start":{"line":125,"column":27},"end":{"line":125,"column":39}},"skip":true},"8":{"name":"(anonymous_8)","line":133,"loc":{"start":{"line":133,"column":59},"end":{"line":133,"column":74}},"skip":true},"9":{"name":"(anonymous_9)","line":143,"loc":{"start":{"line":143,"column":45},"end":{"line":143,"column":62}},"skip":true},"10":{"name":"(anonymous_10)","line":144,"loc":{"start":{"line":144,"column":73},"end":{"line":144,"column":92}},"skip":true},"11":{"name":"(anonymous_11)","line":272,"loc":{"start":{"line":272,"column":51},"end":{"line":272,"column":77}},"skip":true},"12":{"name":"(anonymous_12)","line":315,"loc":{"start":{"line":315,"column":32},"end":{"line":315,"column":61}},"skip":true}},"statementMap":{"1":{"start":{"line":26,"column":0},"end":{"line":326,"column":5}},"2":{"start":{"line":28,"column":4},"end":{"line":28,"column":14}},"3":{"start":{"line":33,"column":4},"end":{"line":60,"column":9}},"4":{"start":{"line":35,"column":8},"end":{"line":35,"column":19}},"5":{"start":{"line":37,"column":8},"end":{"line":49,"column":13}},"6":{"start":{"line":38,"column":12},"end":{"line":48,"column":13}},"7":{"start":{"line":39,"column":16},"end":{"line":42,"column":30}},"8":{"start":{"line":44,"column":16},"end":{"line":47,"column":27}},"9":{"start":{"line":51,"column":8},"end":{"line":53,"column":21}},"10":{"start":{"line":55,"column":8},"end":{"line":57,"column":45}},"11":{"start":{"line":59,"column":8},"end":{"line":59,"column":35}},"12":{"start":{"line":61,"column":4},"end":{"line":325,"column":5}},"13":{"start":{"line":69,"column":8},"end":{"line":121,"column":10},"skip":true},"14":{"start":{"line":70,"column":12},"end":{"line":88,"column":13},"skip":true},"15":{"start":{"line":76,"column":16},"end":{"line":87,"column":19},"skip":true},"16":{"start":{"line":79,"column":20},"end":{"line":86,"column":21},"skip":true},"17":{"start":{"line":82,"column":24},"end":{"line":82,"column":43},"skip":true},"18":{"start":{"line":83,"column":24},"end":{"line":83,"column":30},"skip":true},"19":{"start":{"line":85,"column":24},"end":{"line":85,"column":49},"skip":true},"20":{"start":{"line":89,"column":12},"end":{"line":107,"column":13},"skip":true},"21":{"start":{"line":92,"column":16},"end":{"line":102,"column":17},"skip":true},"22":{"start":{"line":93,"column":20},"end":{"line":93,"column":86},"skip":true},"23":{"start":{"line":94,"column":20},"end":{"line":95,"column":45},"skip":true},"24":{"start":{"line":96,"column":20},"end":{"line":96,"column":42},"skip":true},"25":{"start":{"line":97,"column":20},"end":{"line":97,"column":48},"skip":true},"26":{"start":{"line":100,"column":20},"end":{"line":100,"column":85},"skip":true},"27":{"start":{"line":101,"column":20},"end":{"line":101,"column":96},"skip":true},"28":{"start":{"line":103,"column":16},"end":{"line":103,"column":22},"skip":true},"29":{"start":{"line":106,"column":16},"end":{"line":106,"column":22},"skip":true},"30":{"start":{"line":108,"column":12},"end":{"line":120,"column":13},"skip":true},"31":{"start":{"line":114,"column":16},"end":{"line":119,"column":17},"skip":true},"32":{"start":{"line":116,"column":20},"end":{"line":116,"column":78},"skip":true},"33":{"start":{"line":118,"column":20},"end":{"line":118,"column":47},"skip":true},"34":{"start":{"line":123,"column":8},"end":{"line":141,"column":11},"skip":true},"35":{"start":{"line":124,"column":12},"end":{"line":124,"column":54},"skip":true},"36":{"start":{"line":125,"column":12},"end":{"line":140,"column":14},"skip":true},"37":{"start":{"line":126,"column":16},"end":{"line":126,"column":28},"skip":true},"38":{"start":{"line":127,"column":16},"end":{"line":127,"column":69},"skip":true},"39":{"start":{"line":128,"column":16},"end":{"line":128,"column":75},"skip":true},"40":{"start":{"line":129,"column":16},"end":{"line":131,"column":17},"skip":true},"41":{"start":{"line":130,"column":20},"end":{"line":130,"column":27},"skip":true},"42":{"start":{"line":133,"column":16},"end":{"line":137,"column":36},"skip":true},"43":{"start":{"line":134,"column":20},"end":{"line":136,"column":55},"skip":true},"44":{"start":{"line":139,"column":16},"end":{"line":139,"column":57},"skip":true},"45":{"start":{"line":143,"column":8},"end":{"line":147,"column":11},"skip":true},"46":{"start":{"line":144,"column":12},"end":{"line":146,"column":15},"skip":true},"47":{"start":{"line":145,"column":16},"end":{"line":145,"column":70},"skip":true},"48":{"start":{"line":149,"column":8},"end":{"line":149,"column":31},"skip":true},"49":{"start":{"line":150,"column":8},"end":{"line":150,"column":14},"skip":true},"50":{"start":{"line":158,"column":8},"end":{"line":158,"column":31},"skip":true},"51":{"start":{"line":160,"column":8},"end":{"line":160,"column":33},"skip":true},"52":{"start":{"line":161,"column":8},"end":{"line":161,"column":37},"skip":true},"53":{"start":{"line":162,"column":8},"end":{"line":162,"column":35},"skip":true},"54":{"start":{"line":164,"column":8},"end":{"line":164,"column":50},"skip":true},"55":{"start":{"line":166,"column":8},"end":{"line":256,"column":2},"skip":true},"56":{"start":{"line":258,"column":8},"end":{"line":286,"column":9},"skip":true},"57":{"start":{"line":259,"column":12},"end":{"line":269,"column":14},"skip":true},"58":{"start":{"line":271,"column":12},"end":{"line":285,"column":19},"skip":true},"59":{"start":{"line":274,"column":20},"end":{"line":274,"column":35},"skip":true},"60":{"start":{"line":275,"column":20},"end":{"line":284,"column":21},"skip":true},"61":{"start":{"line":277,"column":24},"end":{"line":277,"column":64},"skip":true},"62":{"start":{"line":279,"column":24},"end":{"line":279,"column":40},"skip":true},"63":{"start":{"line":281,"column":24},"end":{"line":281,"column":40},"skip":true},"64":{"start":{"line":283,"column":24},"end":{"line":283,"column":39},"skip":true},"65":{"start":{"line":288,"column":8},"end":{"line":290,"column":9},"skip":true},"66":{"start":{"line":289,"column":12},"end":{"line":289,"column":18},"skip":true},"67":{"start":{"line":291,"column":8},"end":{"line":293,"column":54},"skip":true},"68":{"start":{"line":296,"column":8},"end":{"line":301,"column":37},"skip":true},"69":{"start":{"line":303,"column":8},"end":{"line":303,"column":82},"skip":true},"70":{"start":{"line":306,"column":8},"end":{"line":308,"column":9},"skip":true},"71":{"start":{"line":307,"column":12},"end":{"line":307,"column":82},"skip":true},"72":{"start":{"line":310,"column":8},"end":{"line":312,"column":9},"skip":true},"73":{"start":{"line":311,"column":12},"end":{"line":311,"column":18},"skip":true},"74":{"start":{"line":313,"column":8},"end":{"line":313,"column":54},"skip":true},"75":{"start":{"line":314,"column":8},"end":{"line":314,"column":69},"skip":true},"76":{"start":{"line":315,"column":8},"end":{"line":323,"column":36},"skip":true},"77":{"start":{"line":316,"column":12},"end":{"line":316,"column":61},"skip":true},"78":{"start":{"line":317,"column":12},"end":{"line":320,"column":13},"skip":true},"79":{"start":{"line":318,"column":16},"end":{"line":318,"column":75},"skip":true},"80":{"start":{"line":319,"column":16},"end":{"line":319,"column":23},"skip":true},"81":{"start":{"line":321,"column":12},"end":{"line":321,"column":38},"skip":true},"82":{"start":{"line":322,"column":12},"end":{"line":322,"column":27},"skip":true},"83":{"start":{"line":324,"column":8},"end":{"line":324,"column":14},"skip":true}},"branchMap":{"1":{"line":39,"type":"binary-expr","locations":[{"start":{"line":39,"column":23},"end":{"line":39,"column":62}},{"start":{"line":40,"column":20},"end":{"line":40,"column":70}},{"start":{"line":41,"column":20},"end":{"line":41,"column":71}},{"start":{"line":42,"column":20},"end":{"line":42,"column":29}}]},"2":{"line":44,"type":"binary-expr","locations":[{"start":{"line":44,"column":23},"end":{"line":44,"column":37}},{"start":{"line":45,"column":20},"end":{"line":45,"column":61}},{"start":{"line":46,"column":20},"end":{"line":46,"column":70}},{"start":{"line":47,"column":20},"end":{"line":47,"column":26}}]},"3":{"line":51,"type":"cond-expr","locations":[{"start":{"line":52,"column":14},"end":{"line":52,"column":20}},{"start":{"line":53,"column":14},"end":{"line":53,"column":20}}]},"4":{"line":55,"type":"binary-expr","locations":[{"start":{"line":55,"column":16},"end":{"line":55,"column":44}},{"start":{"line":55,"column":49},"end":{"line":57,"column":43}}]},"5":{"line":55,"type":"cond-expr","locations":[{"start":{"line":56,"column":14},"end":{"line":56,"column":50}},{"start":{"line":57,"column":14},"end":{"line":57,"column":43}}]},"6":{"line":61,"type":"switch","locations":[{"start":{"line":68,"column":4},"end":{"line":150,"column":14},"skip":true},{"start":{"line":156,"column":4},"end":{"line":324,"column":14},"skip":true}]},"7":{"line":70,"type":"if","locations":[{"start":{"line":70,"column":12},"end":{"line":70,"column":12},"skip":true},{"start":{"line":70,"column":12},"end":{"line":70,"column":12},"skip":true}]},"8":{"line":70,"type":"binary-expr","locations":[{"start":{"line":70,"column":16},"end":{"line":70,"column":22},"skip":true},{"start":{"line":70,"column":27},"end":{"line":70,"column":32},"skip":true},{"start":{"line":71,"column":20},"end":{"line":71,"column":39},"skip":true},{"start":{"line":72,"column":20},"end":{"line":72,"column":49},"skip":true},{"start":{"line":73,"column":20},"end":{"line":73,"column":58},"skip":true},{"start":{"line":74,"column":20},"end":{"line":74,"column":69},"skip":true}]},"9":{"line":79,"type":"switch","locations":[{"start":{"line":80,"column":20},"end":{"line":80,"column":33},"skip":true},{"start":{"line":81,"column":20},"end":{"line":83,"column":30},"skip":true},{"start":{"line":84,"column":20},"end":{"line":85,"column":49},"skip":true}]},"10":{"line":89,"type":"switch","locations":[{"start":{"line":90,"column":12},"end":{"line":103,"column":22},"skip":true},{"start":{"line":105,"column":12},"end":{"line":106,"column":22},"skip":true}]},"11":{"line":89,"type":"binary-expr","locations":[{"start":{"line":89,"column":20},"end":{"line":89,"column":25},"skip":true},{"start":{"line":89,"column":29},"end":{"line":89,"column":48},"skip":true},{"start":{"line":89,"column":52},"end":{"line":89,"column":74},"skip":true}]},"12":{"line":92,"type":"if","locations":[{"start":{"line":92,"column":16},"end":{"line":92,"column":16},"skip":true},{"start":{"line":92,"column":16},"end":{"line":92,"column":16},"skip":true}]},"13":{"line":108,"type":"if","locations":[{"start":{"line":108,"column":12},"end":{"line":108,"column":12},"skip":true},{"start":{"line":108,"column":12},"end":{"line":108,"column":12},"skip":true}]},"14":{"line":108,"type":"binary-expr","locations":[{"start":{"line":108,"column":16},"end":{"line":108,"column":61},"skip":true},{"start":{"line":108,"column":66},"end":{"line":108,"column":72},"skip":true},{"start":{"line":108,"column":77},"end":{"line":108,"column":82},"skip":true},{"start":{"line":109,"column":20},"end":{"line":109,"column":39},"skip":true},{"start":{"line":110,"column":20},"end":{"line":110,"column":49},"skip":true},{"start":{"line":111,"column":20},"end":{"line":111,"column":58},"skip":true},{"start":{"line":112,"column":20},"end":{"line":112,"column":68},"skip":true}]},"15":{"line":129,"type":"if","locations":[{"start":{"line":129,"column":16},"end":{"line":129,"column":16},"skip":true},{"start":{"line":129,"column":16},"end":{"line":129,"column":16},"skip":true}]},"16":{"line":134,"type":"cond-expr","locations":[{"start":{"line":135,"column":26},"end":{"line":135,"column":29},"skip":true},{"start":{"line":136,"column":26},"end":{"line":136,"column":54},"skip":true}]},"17":{"line":164,"type":"binary-expr","locations":[{"start":{"line":164,"column":27},"end":{"line":164,"column":43},"skip":true},{"start":{"line":164,"column":47},"end":{"line":164,"column":49},"skip":true}]},"18":{"line":258,"type":"if","locations":[{"start":{"line":258,"column":8},"end":{"line":258,"column":8},"skip":true},{"start":{"line":258,"column":8},"end":{"line":258,"column":8},"skip":true}]},"19":{"line":275,"type":"switch","locations":[{"start":{"line":276,"column":20},"end":{"line":277,"column":64},"skip":true},{"start":{"line":278,"column":20},"end":{"line":279,"column":40},"skip":true},{"start":{"line":280,"column":20},"end":{"line":281,"column":40},"skip":true},{"start":{"line":282,"column":20},"end":{"line":283,"column":39},"skip":true}]},"20":{"line":288,"type":"if","locations":[{"start":{"line":288,"column":8},"end":{"line":288,"column":8},"skip":true},{"start":{"line":288,"column":8},"end":{"line":288,"column":8},"skip":true}]},"21":{"line":288,"type":"binary-expr","locations":[{"start":{"line":288,"column":12},"end":{"line":288,"column":40},"skip":true},{"start":{"line":288,"column":44},"end":{"line":288,"column":67},"skip":true}]},"22":{"line":292,"type":"binary-expr","locations":[{"start":{"line":292,"column":12},"end":{"line":292,"column":50},"skip":true},{"start":{"line":293,"column":12},"end":{"line":293,"column":53},"skip":true}]},"23":{"line":297,"type":"binary-expr","locations":[{"start":{"line":297,"column":12},"end":{"line":297,"column":64},"skip":true},{"start":{"line":298,"column":12},"end":{"line":301,"column":36},"skip":true}]},"24":{"line":303,"type":"binary-expr","locations":[{"start":{"line":303,"column":43},"end":{"line":303,"column":75},"skip":true},{"start":{"line":303,"column":79},"end":{"line":303,"column":81},"skip":true}]},"25":{"line":306,"type":"if","locations":[{"start":{"line":306,"column":8},"end":{"line":306,"column":8},"skip":true},{"start":{"line":306,"column":8},"end":{"line":306,"column":8},"skip":true}]},"26":{"line":310,"type":"if","locations":[{"start":{"line":310,"column":8},"end":{"line":310,"column":8},"skip":true},{"start":{"line":310,"column":8},"end":{"line":310,"column":8},"skip":true}]},"27":{"line":313,"type":"binary-expr","locations":[{"start":{"line":313,"column":27},"end":{"line":313,"column":43},"skip":true},{"start":{"line":313,"column":47},"end":{"line":313,"column":53},"skip":true}]},"28":{"line":317,"type":"if","locations":[{"start":{"line":317,"column":12},"end":{"line":317,"column":12},"skip":true},{"start":{"line":317,"column":12},"end":{"line":317,"column":12},"skip":true}]}},"code":["/*","example.js","","quickstart example","","instruction","    1. save this script as example.js","    2. run the shell command:","        $ npm install npmtest-testem && PORT=8081 node example.js","    3. play with the browser-demo on http://127.0.0.1:8081","*/","","","","/* istanbul instrument in package npmtest_testem */","/*jslint","    bitwise: true,","    browser: true,","    maxerr: 8,","    maxlen: 96,","    node: true,","    nomen: true,","    regexp: true,","    stupid: true","*/","(function () {","    'use strict';","    var local;","","","","    // run shared js-env code - pre-init","    (function () {","        // init local","        local = {};","        // init modeJs","        local.modeJs = (function () {","            try {","                return typeof navigator.userAgent === 'string' &&","                    typeof document.querySelector('body') === 'object' &&","                    typeof XMLHttpRequest.prototype.open === 'function' &&","                    'browser';","            } catch (errorCaughtBrowser) {","                return module.exports &&","                    typeof process.versions.node === 'string' &&","                    typeof require('http').createServer === 'function' &&","                    'node';","            }","        }());","        // init global","        local.global = local.modeJs === 'browser'","            ? window","            : global;","        // init utility2_rollup","        local = local.global.utility2_rollup || (local.modeJs === 'browser'","            ? local.global.utility2_npmtest_testem","            : global.utility2_moduleExports);","        // export local","        local.global.local = local;","    }());","    switch (local.modeJs) {","","","","    // post-init","    // run browser js-env code - post-init","    /* istanbul ignore next */","    case 'browser':","        local.testRunBrowser = function (event) {","            if (!event || (event &&","                    event.currentTarget &&","                    event.currentTarget.className &&","                    event.currentTarget.className.includes &&","                    event.currentTarget.className.includes('onreset'))) {","                // reset output","                Array.from(","                    document.querySelectorAll('body > .resettable')","                ).forEach(function (element) {","                    switch (element.tagName) {","                    case 'INPUT':","                    case 'TEXTAREA':","                        element.value = '';","                        break;","                    default:","                        element.textContent = '';","                    }","                });","            }","            switch (event && event.currentTarget && event.currentTarget.id) {","            case 'testRunButton1':","                // show tests","                if (document.querySelector('#testReportDiv1').style.display === 'none') {","                    document.querySelector('#testReportDiv1').style.display = 'block';","                    document.querySelector('#testRunButton1').textContent =","                        'hide internal test';","                    local.modeTest = true;","                    local.testRunDefault(local);","                // hide tests","                } else {","                    document.querySelector('#testReportDiv1').style.display = 'none';","                    document.querySelector('#testRunButton1').textContent = 'run internal test';","                }","                break;","            // custom-case","            default:","                break;","            }","            if (document.querySelector('#inputTextareaEval1') && (!event || (event &&","                    event.currentTarget &&","                    event.currentTarget.className &&","                    event.currentTarget.className.includes &&","                    event.currentTarget.className.includes('oneval')))) {","                // try to eval input-code","                try {","                    /*jslint evil: true*/","                    eval(document.querySelector('#inputTextareaEval1').value);","                } catch (errorCaught) {","                    console.error(errorCaught);","                }","            }","        };","        // log stderr and stdout to #outputTextareaStdout1","        ['error', 'log'].forEach(function (key) {","            console[key + '_original'] = console[key];","            console[key] = function () {","                var element;","                console[key + '_original'].apply(console, arguments);","                element = document.querySelector('#outputTextareaStdout1');","                if (!element) {","                    return;","                }","                // append text to #outputTextareaStdout1","                element.value += Array.from(arguments).map(function (arg) {","                    return typeof arg === 'string'","                        ? arg","                        : JSON.stringify(arg, null, 4);","                }).join(' ') + '\\n';","                // scroll textarea to bottom","                element.scrollTop = element.scrollHeight;","            };","        });","        // init event-handling","        ['change', 'click', 'keyup'].forEach(function (event) {","            Array.from(document.querySelectorAll('.on' + event)).forEach(function (element) {","                element.addEventListener(event, local.testRunBrowser);","            });","        });","        // run tests","        local.testRunBrowser();","        break;","","","","    // run node js-env code - post-init","    /* istanbul ignore next */","    case 'node':","        // export local","        module.exports = local;","        // require modules","        local.fs = require('fs');","        local.http = require('http');","        local.url = require('url');","        // init assets","        local.assetsDict = local.assetsDict || {};","        /* jslint-ignore-begin */","        local.assetsDict['/assets.index.template.html'] = '\\","<!doctype html>\\n\\","<html lang=\"en\">\\n\\","<head>\\n\\","<meta charset=\"UTF-8\">\\n\\","<meta name=\"viewport\" content=\"width=device-width, initial-scale=1\">\\n\\","<title>{{env.npm_package_name}} (v{{env.npm_package_version}})</title>\\n\\","<style>\\n\\","/*csslint\\n\\","    box-sizing: false,\\n\\","    universal-selector: false\\n\\","*/\\n\\","* {\\n\\","    box-sizing: border-box;\\n\\","}\\n\\","body {\\n\\","    background: #dde;\\n\\","    font-family: Arial, Helvetica, sans-serif;\\n\\","    margin: 2rem;\\n\\","}\\n\\","body > * {\\n\\","    margin-bottom: 1rem;\\n\\","}\\n\\",".utility2FooterDiv {\\n\\","    margin-top: 20px;\\n\\","    text-align: center;\\n\\","}\\n\\","</style>\\n\\","<style>\\n\\","/*csslint\\n\\","*/\\n\\","textarea {\\n\\","    font-family: monospace;\\n\\","    height: 10rem;\\n\\","    width: 100%;\\n\\","}\\n\\","textarea[readonly] {\\n\\","    background: #ddd;\\n\\","}\\n\\","</style>\\n\\","</head>\\n\\","<body>\\n\\","<!-- utility2-comment\\n\\","<div id=\"ajaxProgressDiv1\" style=\"background: #d00; height: 2px; left: 0; margin: 0; padding: 0; position: fixed; top: 0; transition: background 0.5s, width 1.5s; width: 25%;\"></div>\\n\\","utility2-comment -->\\n\\","<h1>\\n\\","<!-- utility2-comment\\n\\","    <a\\n\\","        {{#if env.npm_package_homepage}}\\n\\","        href=\"{{env.npm_package_homepage}}\"\\n\\","        {{/if env.npm_package_homepage}}\\n\\","        target=\"_blank\"\\n\\","    >\\n\\","utility2-comment -->\\n\\","        {{env.npm_package_name}} (v{{env.npm_package_version}})\\n\\","<!-- utility2-comment\\n\\","    </a>\\n\\","utility2-comment -->\\n\\","</h1>\\n\\","<h3>{{env.npm_package_description}}</h3>\\n\\","<!-- utility2-comment\\n\\","<h4><a download href=\"assets.app.js\">download standalone app</a></h4>\\n\\","<button class=\"onclick onreset\" id=\"testRunButton1\">run internal test</button><br>\\n\\","<div id=\"testReportDiv1\" style=\"display: none;\"></div>\\n\\","utility2-comment -->\\n\\","\\n\\","\\n\\","\\n\\","<label>stderr and stdout</label>\\n\\","<textarea class=\"resettable\" id=\"outputTextareaStdout1\" readonly></textarea>\\n\\","<!-- utility2-comment\\n\\","{{#if isRollup}}\\n\\","<script src=\"assets.app.js\"></script>\\n\\","{{#unless isRollup}}\\n\\","utility2-comment -->\\n\\","<script src=\"assets.utility2.rollup.js\"></script>\\n\\","<script src=\"jsonp.utility2._stateInit?callback=window.utility2._stateInit\"></script>\\n\\","<script src=\"assets.npmtest_testem.rollup.js\"></script>\\n\\","<script src=\"assets.example.js\"></script>\\n\\","<script src=\"assets.test.js\"></script>\\n\\","<!-- utility2-comment\\n\\","{{/if isRollup}}\\n\\","utility2-comment -->\\n\\","<div class=\"utility2FooterDiv\">\\n\\","    [ this app was created with\\n\\","    <a href=\"https://github.com/kaizhu256/node-utility2\" target=\"_blank\">utility2</a>\\n\\","    ]\\n\\","</div>\\n\\","</body>\\n\\","</html>\\n\\","';","        /* jslint-ignore-end */","        if (local.templateRender) {","            local.assetsDict['/'] = local.templateRender(","                local.assetsDict['/assets.index.template.html'],","                {","                    env: local.objectSetDefault(local.env, {","                        npm_package_description: 'the greatest app in the world!',","                        npm_package_name: 'my-app',","                        npm_package_nameAlias: 'my_app',","                        npm_package_version: '0.0.1'","                    })","                }","            );","        } else {","            local.assetsDict['/'] = local.assetsDict['/assets.index.template.html']","                .replace((/\\{\\{env\\.(\\w+?)\\}\\}/g), function (match0, match1) {","                    // jslint-hack","                    String(match0);","                    switch (match1) {","                    case 'npm_package_description':","                        return 'the greatest app in the world!';","                    case 'npm_package_name':","                        return 'my-app';","                    case 'npm_package_nameAlias':","                        return 'my_app';","                    case 'npm_package_version':","                        return '0.0.1';","                    }","                });","        }","        // run the cli","        if (local.global.utility2_rollup || module !== require.main) {","            break;","        }","        local.assetsDict['/assets.example.js'] =","            local.assetsDict['/assets.example.js'] ||","            local.fs.readFileSync(__filename, 'utf8');","        // bug-workaround - long $npm_package_buildCustomOrg","        /* jslint-ignore-begin */","        local.assetsDict['/assets.npmtest_testem.rollup.js'] =","            local.assetsDict['/assets.npmtest_testem.rollup.js'] ||","            local.fs.readFileSync(","                local.npmtest_testem.__dirname + '/lib.npmtest_testem.js',","                'utf8'","            ).replace((/^#!/), '//');","        /* jslint-ignore-end */","        local.assetsDict['/favicon.ico'] = local.assetsDict['/favicon.ico'] || '';","        // if $npm_config_timeout_exit exists,","        // then exit this process after $npm_config_timeout_exit ms","        if (Number(process.env.npm_config_timeout_exit)) {","            setTimeout(process.exit, Number(process.env.npm_config_timeout_exit));","        }","        // start server","        if (local.global.utility2_serverHttp1) {","            break;","        }","        process.env.PORT = process.env.PORT || '8081';","        console.error('server starting on port ' + process.env.PORT);","        local.http.createServer(function (request, response) {","            request.urlParsed = local.url.parse(request.url);","            if (local.assetsDict[request.urlParsed.pathname] !== undefined) {","                response.end(local.assetsDict[request.urlParsed.pathname]);","                return;","            }","            response.statusCode = 404;","            response.end();","        }).listen(process.env.PORT);","        break;","    }","}());",""],"l":{"26":2,"28":2,"33":2,"35":2,"37":2,"38":2,"39":2,"44":1,"51":2,"55":2,"59":2,"61":2,"69":1,"70":2,"76":2,"79":2,"82":2,"83":2,"85":1,"89":2,"92":1,"93":1,"94":1,"96":1,"97":1,"100":1,"101":1,"103":1,"106":1,"108":2,"114":1,"116":1,"118":1,"123":1,"124":2,"125":2,"126":3,"127":3,"128":3,"129":3,"130":1,"133":3,"134":3,"139":3,"143":1,"144":3,"145":1,"149":1,"150":1,"158":1,"160":1,"161":1,"162":1,"164":1,"166":1,"258":1,"259":1,"271":1,"274":6,"275":6,"277":1,"279":2,"281":1,"283":2,"288":1,"289":1,"291":1,"296":1,"303":1,"306":1,"307":1,"310":1,"311":1,"313":1,"314":1,"315":1,"316":1,"317":1,"318":1,"319":1,"321":1,"322":1,"324":1}},"/home/travis/build/npmtest/node-npmtest-testem/node_modules/testem/lib/api.js":{"path":"/home/travis/build/npmtest/node-npmtest-testem/node_modules/testem/lib/api.js","s":{"1":1,"2":1,"3":1,"4":1,"5":1,"6":1,"7":1,"8":1,"9":1,"10":1,"11":1,"12":1,"13":1,"14":0,"15":0,"16":1,"17":1,"18":1,"19":0,"20":1,"21":1,"22":1,"23":1,"24":1,"25":1,"26":1,"27":0,"28":1,"29":0,"30":0,"31":1,"32":0,"33":0,"34":0,"35":0,"36":0,"37":0,"38":0,"39":1},"b":{"1":[0,1]},"f":{"1":1,"2":1,"3":0,"4":1,"5":8,"6":1,"7":0,"8":0,"9":0,"10":0,"11":0},"fnMap":{"1":{"name":"Api","line":51,"loc":{"start":{"line":51,"column":0},"end":{"line":51,"column":15}}},"2":{"name":"(anonymous_2)","line":53,"loc":{"start":{"line":53,"column":22},"end":{"line":53,"column":48}}},"3":{"name":"(anonymous_3)","line":58,"loc":{"start":{"line":58,"column":19},"end":{"line":58,"column":30}}},"4":{"name":"(anonymous_4)","line":64,"loc":{"start":{"line":64,"column":33},"end":{"line":64,"column":44}}},"5":{"name":"(anonymous_5)","line":70,"loc":{"start":{"line":70,"column":23},"end":{"line":70,"column":34}}},"6":{"name":"(anonymous_6)","line":75,"loc":{"start":{"line":75,"column":25},"end":{"line":75,"column":54}}},"7":{"name":"(anonymous_7)","line":80,"loc":{"start":{"line":80,"column":24},"end":{"line":80,"column":35}}},"8":{"name":"(anonymous_8)","line":84,"loc":{"start":{"line":84,"column":24},"end":{"line":84,"column":53}}},"9":{"name":"(anonymous_9)","line":89,"loc":{"start":{"line":89,"column":28},"end":{"line":89,"column":46}}},"10":{"name":"(anonymous_10)","line":92,"loc":{"start":{"line":92,"column":14},"end":{"line":92,"column":25}}},"11":{"name":"(anonymous_11)","line":95,"loc":{"start":{"line":95,"column":30},"end":{"line":95,"column":41}}}},"statementMap":{"1":{"start":{"line":3,"column":0},"end":{"line":3,"column":28}},"2":{"start":{"line":4,"column":0},"end":{"line":4,"column":33}},"3":{"start":{"line":5,"column":0},"end":{"line":5,"column":50}},"4":{"start":{"line":6,"column":0},"end":{"line":6,"column":23}},"5":{"start":{"line":7,"column":0},"end":{"line":7,"column":27}},"6":{"start":{"line":8,"column":0},"end":{"line":8,"column":33}},"7":{"start":{"line":51,"column":0},"end":{"line":51,"column":17}},"8":{"start":{"line":53,"column":0},"end":{"line":62,"column":2}},"9":{"start":{"line":54,"column":2},"end":{"line":54,"column":18}},"10":{"start":{"line":55,"column":2},"end":{"line":55,"column":47}},"11":{"start":{"line":56,"column":2},"end":{"line":56,"column":26}},"12":{"start":{"line":57,"column":2},"end":{"line":57,"column":34}},"13":{"start":{"line":58,"column":2},"end":{"line":61,"column":5}},"14":{"start":{"line":59,"column":4},"end":{"line":59,"column":47}},"15":{"start":{"line":60,"column":4},"end":{"line":60,"column":21}},"16":{"start":{"line":64,"column":0},"end":{"line":73,"column":2}},"17":{"start":{"line":65,"column":2},"end":{"line":65,"column":39}},"18":{"start":{"line":66,"column":2},"end":{"line":72,"column":3}},"19":{"start":{"line":67,"column":4},"end":{"line":67,"column":45}},"20":{"start":{"line":69,"column":4},"end":{"line":69,"column":40}},"21":{"start":{"line":70,"column":4},"end":{"line":70,"column":37}},"22":{"start":{"line":71,"column":4},"end":{"line":71,"column":28}},"23":{"start":{"line":75,"column":0},"end":{"line":78,"column":2}},"24":{"start":{"line":76,"column":2},"end":{"line":76,"column":25}},"25":{"start":{"line":77,"column":2},"end":{"line":77,"column":31}},"26":{"start":{"line":80,"column":0},"end":{"line":82,"column":2}},"27":{"start":{"line":81,"column":2},"end":{"line":81,"column":38}},"28":{"start":{"line":84,"column":0},"end":{"line":87,"column":2}},"29":{"start":{"line":85,"column":2},"end":{"line":85,"column":25}},"30":{"start":{"line":86,"column":2},"end":{"line":86,"column":30}},"31":{"start":{"line":89,"column":0},"end":{"line":99,"column":2}},"32":{"start":{"line":90,"column":2},"end":{"line":90,"column":25}},"33":{"start":{"line":91,"column":2},"end":{"line":91,"column":64}},"34":{"start":{"line":92,"column":2},"end":{"line":98,"column":5}},"35":{"start":{"line":93,"column":4},"end":{"line":93,"column":36}},"36":{"start":{"line":94,"column":4},"end":{"line":94,"column":19}},"37":{"start":{"line":95,"column":4},"end":{"line":97,"column":7}},"38":{"start":{"line":96,"column":6},"end":{"line":96,"column":77}},"39":{"start":{"line":101,"column":0},"end":{"line":101,"column":21}}},"branchMap":{"1":{"line":66,"type":"if","locations":[{"start":{"line":66,"column":2},"end":{"line":66,"column":2}},{"start":{"line":66,"column":2},"end":{"line":66,"column":2}}]}},"code":["'use strict';","","var log = require('npmlog');","var Config = require('./config');","var EventEmitter = require('events').EventEmitter;","var fs = require('fs');","var App = require('./app');","var Server = require('./server');","","/*","  CLI-level options:","","  file:                 [String]  configuration file (testem.json, .testem.json, testem.yml, .testem.yml)","  host:                 [String]  server host to use (localhost)","  port:                 [Number]  server port to use (7357)","  launch:               [Array]   list of launchers to use for current runs (defaults to current mode)","  skip:                 [Array]   list of launchers to skip","  debug:                [Boolean] debug mode (false)","  test_page:            [String|Array]  path (or list of paths) to the page (or pages) to use to run tests","  growl:                [Boolean] enables growl / native notifications (false)","","  Config-level options:","","  launchers:            [Object]  List of custom launchers","  launch_in_dev:        [Array]   list of launchers to use for dev runs","  launch_in_ci:         [Array]   list of launchers to use for CI runs","  timeout:              [Number]  timeout for a browser","  framework:            [String]  test framework to use","  url:                  [String]  url server runs at (http://{host}:{port}/)","  src_files:            [Array]   list of files or file patterns to use","  src_files_ignore:     [Array]   list of files or file patterns to exclude from usage","  serve_files:          [Array]   list of files or file patterns to inject into test playground (defaults to src_files)","  watch_files:          [Array]   list of files or file patterns to watch changes of (defaults to src_files)","  css_files:            [Array]   additional stylesheets to include","  cwd:                  [Path]    directory to use as root","  config_dir:           [Path]    directory to use as root for resolving configs, if different than cwd","  query_params:         [Object]  Object map defining query params to add to the test page. Can be query string also.","  parallel:             [Number]  max number of parallel runners (1)","  routes:               [Object]  overrides for assets paths","  fail_on_zero_tests:   [Boolean] whether process should exit with error status when no tests found","  unsafe_file_serving:  [Boolean] allow serving directories that are not in your CWD (false)","","  Available hooks:","","  on_start:             Runs on suite startup","  before_tests:         Runs before every run of tests","  after_tests:          Runs after every run of tests","  on_exit:              Runs before suite exits","*/","","function Api() {}","","Api.prototype.setup = function(mode, finalizer) {","  var self = this;","  this.config = new Config(mode, this.options);","  this.configureLogging();","  log.info('Test\\'em starting..');","  this.config.read(function() {","    self.app = new App(self.config, finalizer);","    self.app.start();","  });","};","","Api.prototype.configureLogging = function() {","  var debug = this.config.get('debug');","  if (debug) {","    log.stream = fs.createWriteStream(debug);","  } else {","    var fakeStream = new EventEmitter();","    fakeStream.write = function() {};","    log.stream = fakeStream;","  }","};","","Api.prototype.startDev = function(options, finalizer) {","  this.options = options;","  this.setup('dev', finalizer);","};","","Api.prototype.restart = function() {","  this.app.triggerRun('Api: restart');","};","","Api.prototype.startCI = function(options, finalizer) {","  this.options = options;","  this.setup('ci', finalizer);","};","","Api.prototype.startServer = function(options) {","  this.options = options;","  var config = this.config = new Config('server', this.options);","  config.read(function() {","    var server = new Server(config);","    server.start();","    server.on('server-start', function() {","      console.log('Open ' + config.get('url') + ' in a browser to connect.');","    });","  });","};","","module.exports = Api;",""],"l":{"3":1,"4":1,"5":1,"6":1,"7":1,"8":1,"51":1,"53":1,"54":1,"55":1,"56":1,"57":1,"58":1,"59":0,"60":0,"64":1,"65":1,"66":1,"67":0,"69":1,"70":1,"71":1,"75":1,"76":1,"77":1,"80":1,"81":0,"84":1,"85":0,"86":0,"89":1,"90":0,"91":0,"92":0,"93":0,"94":0,"95":0,"96":0,"101":1}},"/home/travis/build/npmtest/node-npmtest-testem/node_modules/testem/lib/config.js":{"path":"/home/travis/build/npmtest/node-npmtest-testem/node_modules/testem/lib/config.js","s":{"1":1,"2":1,"3":1,"4":1,"5":1,"6":1,"7":1,"8":1,"9":1,"10":1,"11":1,"12":1,"13":1,"14":1,"15":1,"16":1,"17":1,"18":1,"19":1,"20":2,"21":2,"22":2,"23":2,"24":2,"25":2,"26":2,"27":2,"28":2,"29":0,"30":2,"31":0,"32":0,"33":1,"34":1,"35":1,"36":0,"37":1,"38":1,"39":1,"40":0,"41":0,"42":0,"43":0,"44":0,"45":0,"46":0,"47":0,"48":0,"49":1,"50":6,"51":0,"52":6,"53":1,"54":0,"55":1,"56":6,"57":0,"58":6,"59":1,"60":0,"61":1,"62":6,"63":1,"64":0,"65":0,"66":0,"67":0,"68":0,"69":0,"70":0,"71":0,"72":0,"73":0,"74":0,"75":0,"76":0,"77":1,"78":0,"79":0,"80":0,"81":1,"82":0,"83":0,"84":0,"85":0,"86":0,"87":0,"88":0,"89":1,"90":0,"91":0,"92":0,"93":0,"94":0,"95":0,"96":0,"97":0,"98":1,"99":0,"100":0,"101":0,"102":0,"103":1,"104":0,"105":0,"106":0,"107":0,"108":0,"109":0,"110":0,"111":0,"112":0,"113":0,"114":0,"115":0,"116":0,"117":0,"118":1,"119":0,"120":0,"121":0,"122":0,"123":0,"124":0,"125":0,"126":1,"127":7,"128":0,"129":7,"130":0,"131":7,"132":0,"133":7,"134":0,"135":0,"136":0,"137":0,"138":1,"139":7,"140":7,"141":7,"142":0,"143":7,"144":1,"145":0,"146":0,"147":0,"148":1,"149":0,"150":1,"151":0,"152":0,"153":0,"154":0,"155":0,"156":0,"157":0,"158":0,"159":0,"160":0,"161":0,"162":0,"163":0,"164":0,"165":0,"166":1,"167":0,"168":0,"169":0,"170":0,"171":0,"172":1,"173":0,"174":0,"175":0,"176":0,"177":0,"178":0,"179":0,"180":0,"181":0,"182":0,"183":0,"184":0,"185":1,"186":0,"187":0,"188":0,"189":0,"190":0,"191":0,"192":0,"193":0,"194":0,"195":0,"196":0,"197":0,"198":1,"199":0,"200":0,"201":0,"202":0,"203":0,"204":0,"205":0,"206":0,"207":0,"208":0,"209":0,"210":0,"211":0,"212":0,"213":0,"214":0,"215":0,"216":0,"217":0,"218":0,"219":1,"220":0,"221":0,"222":0,"223":0,"224":0,"225":0,"226":0,"227":0,"228":0,"229":0,"230":0,"231":0,"232":0,"233":0,"234":0,"235":0,"236":0,"237":0,"238":0,"239":0,"240":0,"241":0,"242":0,"243":0,"244":0,"245":0,"246":1,"247":0,"248":0,"249":0,"250":1,"251":0,"252":0,"253":0,"254":1,"255":0,"256":0,"257":0,"258":1,"259":0,"260":1,"261":0,"262":0,"263":1,"264":0,"265":1,"266":0,"267":0,"268":0,"269":0,"270":0,"271":0,"272":0,"273":0,"274":1,"275":0,"276":0,"277":0,"278":0,"279":0,"280":0,"281":0,"282":0,"283":0,"284":0,"285":0,"286":0,"287":0,"288":0,"289":0,"290":0,"291":0,"292":0,"293":1},"b":{"1":[2,0],"2":[2,2],"3":[2,0],"4":[0,2],"5":[0,2],"6":[0,1],"7":[0,0],"8":[0,0],"9":[0,0],"10":[0,6],"11":[0,6],"12":[6,6],"13":[0,0],"14":[0,0],"15":[0,0],"16":[0,0],"17":[0,0],"18":[0,0],"19":[0,0],"20":[0,0],"21":[0,0],"22":[0,0],"23":[0,0],"24":[0,0],"25":[0,0],"26":[0,0],"27":[0,0],"28":[0,0],"29":[0,0],"30":[0,0],"31":[0,7],"32":[7,7],"33":[0,7],"34":[7,0],"35":[0,7],"36":[7,0],"37":[0,7],"38":[0,0],"39":[7,0],"40":[0,7],"41":[0,0],"42":[0,0],"43":[0,0],"44":[0,0],"45":[0,0],"46":[0,0],"47":[0,0],"48":[0,0],"49":[0,0],"50":[0,0],"51":[0,0],"52":[0,0],"53":[0,0],"54":[0,0],"55":[0,0],"56":[0,0],"57":[0,0],"58":[0,0],"59":[0,0],"60":[0,0],"61":[0,0],"62":[0,0],"63":[0,0],"64":[0,0],"65":[0,0],"66":[0,0],"67":[0,0],"68":[0,0],"69":[0,0],"70":[0,0],"71":[0,0],"72":[0,0,0],"73":[0,0,0],"74":[0,0],"75":[0,0],"76":[0,0],"77":[0,0],"78":[0,0],"79":[0,0],"80":[0,0]},"f":{"1":2,"2":1,"3":0,"4":0,"5":6,"6":0,"7":6,"8":0,"9":6,"10":0,"11":0,"12":0,"13":0,"14":0,"15":0,"16":0,"17":0,"18":0,"19":0,"20":0,"21":7,"22":7,"23":0,"24":0,"25":0,"26":0,"27":0,"28":0,"29":0,"30":0,"31":0,"32":0,"33":0,"34":0,"35":0,"36":0,"37":0,"38":0,"39":0,"40":0,"41":0,"42":0,"43":0,"44":0,"45":0,"46":0,"47":0,"48":0,"49":0,"50":0,"51":0,"52":0,"53":0,"54":0,"55":0,"56":0,"57":0,"58":0},"fnMap":{"1":{"name":"Config","line":34,"loc":{"start":{"line":34,"column":0},"end":{"line":34,"column":46}}},"2":{"name":"(anonymous_2)","line":58,"loc":{"start":{"line":58,"column":24},"end":{"line":58,"column":43}}},"3":{"name":"(anonymous_3)","line":69,"loc":{"start":{"line":69,"column":90},"end":{"line":69,"column":108}}},"4":{"name":"(anonymous_4)","line":72,"loc":{"start":{"line":72,"column":36},"end":{"line":72,"column":55}}},"5":{"name":"(anonymous_5)","line":88,"loc":{"start":{"line":88,"column":31},"end":{"line":88,"column":50}}},"6":{"name":"(anonymous_6)","line":96,"loc":{"start":{"line":96,"column":26},"end":{"line":96,"column":37}}},"7":{"name":"(anonymous_7)","line":102,"loc":{"start":{"line":102,"column":37},"end":{"line":102,"column":56}}},"8":{"name":"(anonymous_8)","line":110,"loc":{"start":{"line":110,"column":38},"end":{"line":110,"column":57}}},"9":{"name":"(anonymous_9)","line":114,"loc":{"start":{"line":114,"column":23},"end":{"line":114,"column":34}}},"10":{"name":"(anonymous_10)","line":118,"loc":{"start":{"line":118,"column":34},"end":{"line":118,"column":65}}},"11":{"name":"(anonymous_11)","line":138,"loc":{"start":{"line":138,"column":26},"end":{"line":138,"column":57}}},"12":{"name":"(anonymous_12)","line":145,"loc":{"start":{"line":145,"column":28},"end":{"line":145,"column":59}}},"13":{"name":"(anonymous_13)","line":147,"loc":{"start":{"line":147,"column":26},"end":{"line":147,"column":46}}},"14":{"name":"(anonymous_14)","line":158,"loc":{"start":{"line":158,"column":28},"end":{"line":158,"column":59}}},"15":{"name":"(anonymous_15)","line":160,"loc":{"start":{"line":160,"column":26},"end":{"line":160,"column":46}}},"16":{"name":"(anonymous_16)","line":175,"loc":{"start":{"line":175,"column":7},"end":{"line":175,"column":18}}},"17":{"name":"(anonymous_17)","line":190,"loc":{"start":{"line":190,"column":42},"end":{"line":190,"column":78}}},"18":{"name":"(anonymous_18)","line":204,"loc":{"start":{"line":204,"column":38},"end":{"line":204,"column":54}}},"19":{"name":"(anonymous_19)","line":215,"loc":{"start":{"line":215,"column":31},"end":{"line":215,"column":42}}},"20":{"name":"(anonymous_20)","line":224,"loc":{"start":{"line":224,"column":22},"end":{"line":224,"column":37}}},"21":{"name":"(anonymous_21)","line":229,"loc":{"start":{"line":229,"column":37},"end":{"line":229,"column":51}}},"22":{"name":"(anonymous_22)","line":249,"loc":{"start":{"line":249,"column":23},"end":{"line":249,"column":37}}},"23":{"name":"(anonymous_23)","line":259,"loc":{"start":{"line":259,"column":23},"end":{"line":259,"column":44}}},"24":{"name":"(anonymous_24)","line":266,"loc":{"start":{"line":266,"column":29},"end":{"line":266,"column":40}}},"25":{"name":"(anonymous_25)","line":270,"loc":{"start":{"line":270,"column":41},"end":{"line":270,"column":54}}},"26":{"name":"(anonymous_26)","line":274,"loc":{"start":{"line":274,"column":56},"end":{"line":274,"column":89}}},"27":{"name":"(anonymous_27)","line":280,"loc":{"start":{"line":280,"column":30},"end":{"line":280,"column":48}}},"28":{"name":"(anonymous_28)","line":297,"loc":{"start":{"line":297,"column":32},"end":{"line":297,"column":45}}},"29":{"name":"(anonymous_29)","line":299,"loc":{"start":{"line":299,"column":29},"end":{"line":299,"column":63}}},"30":{"name":"(anonymous_30)","line":308,"loc":{"start":{"line":308,"column":42},"end":{"line":308,"column":62}}},"31":{"name":"(anonymous_31)","line":321,"loc":{"start":{"line":321,"column":33},"end":{"line":321,"column":48}}},"32":{"name":"(anonymous_32)","line":328,"loc":{"start":{"line":328,"column":38},"end":{"line":328,"column":62}}},"33":{"name":"(anonymous_33)","line":334,"loc":{"start":{"line":334,"column":17},"end":{"line":334,"column":32}}},"34":{"name":"(anonymous_34)","line":349,"loc":{"start":{"line":349,"column":37},"end":{"line":349,"column":48}}},"35":{"name":"(anonymous_35)","line":351,"loc":{"start":{"line":351,"column":29},"end":{"line":351,"column":54}}},"36":{"name":"(anonymous_36)","line":353,"loc":{"start":{"line":353,"column":11},"end":{"line":353,"column":23}}},"37":{"name":"(anonymous_37)","line":356,"loc":{"start":{"line":356,"column":38},"end":{"line":356,"column":50}}},"38":{"name":"(anonymous_38)","line":358,"loc":{"start":{"line":358,"column":43},"end":{"line":358,"column":55}}},"39":{"name":"(anonymous_39)","line":363,"loc":{"start":{"line":363,"column":30},"end":{"line":363,"column":49}}},"40":{"name":"(anonymous_40)","line":382,"loc":{"start":{"line":382,"column":30},"end":{"line":382,"column":65}}},"41":{"name":"(anonymous_41)","line":394,"loc":{"start":{"line":394,"column":15},"end":{"line":394,"column":38}}},"42":{"name":"(anonymous_42)","line":403,"loc":{"start":{"line":403,"column":26},"end":{"line":403,"column":38}}},"43":{"name":"(anonymous_43)","line":406,"loc":{"start":{"line":406,"column":33},"end":{"line":406,"column":70}}},"44":{"name":"(anonymous_44)","line":417,"loc":{"start":{"line":417,"column":75},"end":{"line":417,"column":91}}},"45":{"name":"(anonymous_45)","line":418,"loc":{"start":{"line":418,"column":43},"end":{"line":418,"column":55}}},"46":{"name":"(anonymous_46)","line":424,"loc":{"start":{"line":424,"column":10},"end":{"line":424,"column":27}}},"47":{"name":"(anonymous_47)","line":430,"loc":{"start":{"line":430,"column":31},"end":{"line":430,"column":50}}},"48":{"name":"(anonymous_48)","line":436,"loc":{"start":{"line":436,"column":33},"end":{"line":436,"column":52}}},"49":{"name":"(anonymous_49)","line":442,"loc":{"start":{"line":442,"column":34},"end":{"line":442,"column":45}}},"50":{"name":"(anonymous_50)","line":450,"loc":{"start":{"line":450,"column":30},"end":{"line":450,"column":41}}},"51":{"name":"(anonymous_51)","line":454,"loc":{"start":{"line":454,"column":31},"end":{"line":454,"column":50}}},"52":{"name":"(anonymous_52)","line":459,"loc":{"start":{"line":459,"column":33},"end":{"line":459,"column":44}}},"53":{"name":"getOptions","line":461,"loc":{"start":{"line":461,"column":2},"end":{"line":461,"column":25}}},"54":{"name":"(anonymous_54)","line":466,"loc":{"start":{"line":466,"column":24},"end":{"line":466,"column":36}}},"55":{"name":"(anonymous_55)","line":476,"loc":{"start":{"line":476,"column":35},"end":{"line":476,"column":48}}},"56":{"name":"(anonymous_56)","line":491,"loc":{"start":{"line":491,"column":21},"end":{"line":491,"column":42}}},"57":{"name":"(anonymous_57)","line":492,"loc":{"start":{"line":492,"column":25},"end":{"line":492,"column":37}}},"58":{"name":"(anonymous_58)","line":498,"loc":{"start":{"line":498,"column":21},"end":{"line":498,"column":42}}}},"statementMap":{"1":{"start":{"line":13,"column":0},"end":{"line":13,"column":23}},"2":{"start":{"line":14,"column":0},"end":{"line":14,"column":23}},"3":{"start":{"line":15,"column":0},"end":{"line":15,"column":30}},"4":{"start":{"line":16,"column":0},"end":{"line":16,"column":28}},"5":{"start":{"line":17,"column":0},"end":{"line":17,"column":27}},"6":{"start":{"line":18,"column":0},"end":{"line":18,"column":27}},"7":{"start":{"line":19,"column":0},"end":{"line":19,"column":25}},"8":{"start":{"line":20,"column":0},"end":{"line":20,"column":41}},"9":{"start":{"line":21,"column":0},"end":{"line":21,"column":35}},"10":{"start":{"line":23,"column":0},"end":{"line":23,"column":53}},"11":{"start":{"line":24,"column":0},"end":{"line":24,"column":52}},"12":{"start":{"line":25,"column":0},"end":{"line":25,"column":31}},"13":{"start":{"line":26,"column":0},"end":{"line":26,"column":36}},"14":{"start":{"line":27,"column":0},"end":{"line":27,"column":27}},"15":{"start":{"line":28,"column":0},"end":{"line":28,"column":51}},"16":{"start":{"line":29,"column":0},"end":{"line":29,"column":38}},"17":{"start":{"line":31,"column":0},"end":{"line":31,"column":54}},"18":{"start":{"line":32,"column":0},"end":{"line":32,"column":41}},"19":{"start":{"line":34,"column":0},"end":{"line":56,"column":1}},"20":{"start":{"line":35,"column":2},"end":{"line":35,"column":25}},"21":{"start":{"line":36,"column":2},"end":{"line":36,"column":39}},"22":{"start":{"line":37,"column":2},"end":{"line":37,"column":24}},"23":{"start":{"line":38,"column":2},"end":{"line":38,"column":29}},"24":{"start":{"line":39,"column":2},"end":{"line":41,"column":4}},"25":{"start":{"line":43,"column":2},"end":{"line":46,"column":3}},"26":{"start":{"line":44,"column":4},"end":{"line":44,"column":38}},"27":{"start":{"line":45,"column":4},"end":{"line":45,"column":35}},"28":{"start":{"line":48,"column":2},"end":{"line":50,"column":3}},"29":{"start":{"line":49,"column":4},"end":{"line":49,"column":42}},"30":{"start":{"line":52,"column":2},"end":{"line":55,"column":3}},"31":{"start":{"line":53,"column":4},"end":{"line":53,"column":45}},"32":{"start":{"line":54,"column":4},"end":{"line":54,"column":39}},"33":{"start":{"line":58,"column":0},"end":{"line":86,"column":2}},"34":{"start":{"line":59,"column":2},"end":{"line":59,"column":41}},"35":{"start":{"line":61,"column":2},"end":{"line":85,"column":3}},"36":{"start":{"line":62,"column":4},"end":{"line":62,"column":46}},"37":{"start":{"line":64,"column":4},"end":{"line":64,"column":43}},"38":{"start":{"line":68,"column":4},"end":{"line":68,"column":104}},"39":{"start":{"line":69,"column":4},"end":{"line":84,"column":18}},"40":{"start":{"line":70,"column":6},"end":{"line":70,"column":34}},"41":{"start":{"line":71,"column":6},"end":{"line":76,"column":7}},"42":{"start":{"line":72,"column":8},"end":{"line":74,"column":11}},"43":{"start":{"line":73,"column":10},"end":{"line":73,"column":41}},"44":{"start":{"line":75,"column":8},"end":{"line":75,"column":109}},"45":{"start":{"line":77,"column":6},"end":{"line":83,"column":7}},"46":{"start":{"line":78,"column":8},"end":{"line":78,"column":50}},"47":{"start":{"line":80,"column":8},"end":{"line":82,"column":9}},"48":{"start":{"line":81,"column":10},"end":{"line":81,"column":30}},"49":{"start":{"line":88,"column":0},"end":{"line":94,"column":2}},"50":{"start":{"line":89,"column":2},"end":{"line":91,"column":3}},"51":{"start":{"line":90,"column":4},"end":{"line":90,"column":20}},"52":{"start":{"line":93,"column":2},"end":{"line":93,"column":44}},"53":{"start":{"line":96,"column":0},"end":{"line":100,"column":2}},"54":{"start":{"line":97,"column":2},"end":{"line":99,"column":4}},"55":{"start":{"line":102,"column":0},"end":{"line":108,"column":2}},"56":{"start":{"line":103,"column":2},"end":{"line":107,"column":3}},"57":{"start":{"line":104,"column":4},"end":{"line":104,"column":63}},"58":{"start":{"line":106,"column":4},"end":{"line":106,"column":38}},"59":{"start":{"line":110,"column":0},"end":{"line":112,"column":2}},"60":{"start":{"line":111,"column":2},"end":{"line":111,"column":45}},"61":{"start":{"line":114,"column":0},"end":{"line":116,"column":2}},"62":{"start":{"line":115,"column":2},"end":{"line":115,"column":42}},"63":{"start":{"line":118,"column":0},"end":{"line":136,"column":2}},"64":{"start":{"line":119,"column":2},"end":{"line":119,"column":18}},"65":{"start":{"line":120,"column":2},"end":{"line":135,"column":3}},"66":{"start":{"line":121,"column":4},"end":{"line":123,"column":5}},"67":{"start":{"line":122,"column":6},"end":{"line":122,"column":26}},"68":{"start":{"line":124,"column":9},"end":{"line":135,"column":3}},"69":{"start":{"line":125,"column":4},"end":{"line":125,"column":38}},"70":{"start":{"line":126,"column":9},"end":{"line":135,"column":3}},"71":{"start":{"line":127,"column":4},"end":{"line":127,"column":40}},"72":{"start":{"line":128,"column":9},"end":{"line":135,"column":3}},"73":{"start":{"line":129,"column":4},"end":{"line":129,"column":40}},"74":{"start":{"line":131,"column":4},"end":{"line":131,"column":67}},"75":{"start":{"line":132,"column":4},"end":{"line":134,"column":5}},"76":{"start":{"line":133,"column":6},"end":{"line":133,"column":26}},"77":{"start":{"line":138,"column":0},"end":{"line":143,"column":2}},"78":{"start":{"line":139,"column":2},"end":{"line":139,"column":65}},"79":{"start":{"line":140,"column":2},"end":{"line":142,"column":3}},"80":{"start":{"line":141,"column":4},"end":{"line":141,"column":24}},"81":{"start":{"line":145,"column":0},"end":{"line":156,"column":2}},"82":{"start":{"line":146,"column":2},"end":{"line":146,"column":18}},"83":{"start":{"line":147,"column":2},"end":{"line":155,"column":5}},"84":{"start":{"line":148,"column":4},"end":{"line":151,"column":5}},"85":{"start":{"line":149,"column":6},"end":{"line":149,"column":40}},"86":{"start":{"line":150,"column":6},"end":{"line":150,"column":29}},"87":{"start":{"line":152,"column":4},"end":{"line":154,"column":5}},"88":{"start":{"line":153,"column":6},"end":{"line":153,"column":26}},"89":{"start":{"line":158,"column":0},"end":{"line":170,"column":2}},"90":{"start":{"line":159,"column":2},"end":{"line":159,"column":18}},"91":{"start":{"line":160,"column":2},"end":{"line":169,"column":5}},"92":{"start":{"line":161,"column":4},"end":{"line":165,"column":5}},"93":{"start":{"line":162,"column":6},"end":{"line":162,"column":44}},"94":{"start":{"line":163,"column":6},"end":{"line":163,"column":29}},"95":{"start":{"line":164,"column":6},"end":{"line":164,"column":41}},"96":{"start":{"line":166,"column":4},"end":{"line":168,"column":5}},"97":{"start":{"line":167,"column":6},"end":{"line":167,"column":26}},"98":{"start":{"line":172,"column":0},"end":{"line":188,"column":2}},"99":{"start":{"line":176,"column":4},"end":{"line":176,"column":24}},"100":{"start":{"line":177,"column":4},"end":{"line":179,"column":5}},"101":{"start":{"line":178,"column":6},"end":{"line":178,"column":23}},"102":{"start":{"line":180,"column":4},"end":{"line":180,"column":76}},"103":{"start":{"line":190,"column":0},"end":{"line":213,"column":2}},"104":{"start":{"line":191,"column":2},"end":{"line":193,"column":3}},"105":{"start":{"line":192,"column":4},"end":{"line":192,"column":21}},"106":{"start":{"line":195,"column":2},"end":{"line":200,"column":3}},"107":{"start":{"line":196,"column":4},"end":{"line":198,"column":5}},"108":{"start":{"line":197,"column":6},"end":{"line":197,"column":48}},"109":{"start":{"line":199,"column":4},"end":{"line":199,"column":55}},"110":{"start":{"line":202,"column":2},"end":{"line":202,"column":36}},"111":{"start":{"line":203,"column":2},"end":{"line":203,"column":64}},"112":{"start":{"line":204,"column":2},"end":{"line":206,"column":5}},"113":{"start":{"line":205,"column":4},"end":{"line":205,"column":53}},"114":{"start":{"line":207,"column":2},"end":{"line":207,"column":35}},"115":{"start":{"line":208,"column":2},"end":{"line":210,"column":39}},"116":{"start":{"line":211,"column":2},"end":{"line":211,"column":48}},"117":{"start":{"line":212,"column":2},"end":{"line":212,"column":28}},"118":{"start":{"line":215,"column":0},"end":{"line":227,"column":2}},"119":{"start":{"line":216,"column":2},"end":{"line":216,"column":53}},"120":{"start":{"line":217,"column":2},"end":{"line":217,"column":59}},"121":{"start":{"line":218,"column":2},"end":{"line":218,"column":18}},"122":{"start":{"line":220,"column":2},"end":{"line":222,"column":3}},"123":{"start":{"line":221,"column":4},"end":{"line":221,"column":26}},"124":{"start":{"line":224,"column":2},"end":{"line":226,"column":5}},"125":{"start":{"line":225,"column":4},"end":{"line":225,"column":58}},"126":{"start":{"line":229,"column":0},"end":{"line":247,"column":2}},"127":{"start":{"line":230,"column":2},"end":{"line":232,"column":3}},"128":{"start":{"line":231,"column":4},"end":{"line":231,"column":28}},"129":{"start":{"line":233,"column":2},"end":{"line":235,"column":3}},"130":{"start":{"line":234,"column":4},"end":{"line":234,"column":33}},"131":{"start":{"line":236,"column":2},"end":{"line":238,"column":3}},"132":{"start":{"line":237,"column":4},"end":{"line":237,"column":33}},"133":{"start":{"line":239,"column":2},"end":{"line":246,"column":3}},"134":{"start":{"line":240,"column":4},"end":{"line":240,"column":40}},"135":{"start":{"line":241,"column":4},"end":{"line":245,"column":5}},"136":{"start":{"line":242,"column":6},"end":{"line":242,"column":35}},"137":{"start":{"line":244,"column":6},"end":{"line":244,"column":24}},"138":{"start":{"line":249,"column":0},"end":{"line":257,"column":2}},"139":{"start":{"line":250,"column":2},"end":{"line":250,"column":36}},"140":{"start":{"line":251,"column":2},"end":{"line":251,"column":44}},"141":{"start":{"line":252,"column":2},"end":{"line":256,"column":3}},"142":{"start":{"line":253,"column":4},"end":{"line":253,"column":34}},"143":{"start":{"line":255,"column":4},"end":{"line":255,"column":39}},"144":{"start":{"line":259,"column":0},"end":{"line":264,"column":2}},"145":{"start":{"line":260,"column":2},"end":{"line":262,"column":3}},"146":{"start":{"line":261,"column":4},"end":{"line":261,"column":21}},"147":{"start":{"line":263,"column":2},"end":{"line":263,"column":27}},"148":{"start":{"line":266,"column":0},"end":{"line":268,"column":2}},"149":{"start":{"line":267,"column":2},"end":{"line":267,"column":58}},"150":{"start":{"line":270,"column":0},"end":{"line":295,"column":2}},"151":{"start":{"line":271,"column":2},"end":{"line":271,"column":18}},"152":{"start":{"line":273,"column":2},"end":{"line":273,"column":55}},"153":{"start":{"line":274,"column":2},"end":{"line":294,"column":5}},"154":{"start":{"line":275,"column":4},"end":{"line":277,"column":5}},"155":{"start":{"line":276,"column":6},"end":{"line":276,"column":21}},"156":{"start":{"line":279,"column":4},"end":{"line":279,"column":32}},"157":{"start":{"
[...]
peof window !== 'undefined') {","  window.Testem = Testem;","  init();","}",""],"l":{"17":1,"21":0,"22":0,"23":0,"24":0,"25":0,"26":0,"29":1,"30":0,"33":0,"35":0,"36":0,"37":0,"39":0,"40":0,"41":0,"42":0,"43":0,"44":0,"45":0,"46":0,"47":0,"48":0,"49":0,"52":0,"53":0,"54":0,"56":0,"59":0,"60":0,"61":0,"63":0,"65":0,"68":0,"69":0,"70":0,"71":0,"72":0,"73":0,"76":0,"77":0,"81":1,"82":1,"83":0,"84":0,"87":0,"88":0,"89":0,"90":0,"91":0,"92":0,"93":0,"94":0,"95":0,"96":0,"97":0,"99":0,"102":0,"103":0,"106":1,"107":1,"108":0,"109":0,"110":0,"116":1,"117":0,"118":0,"122":1,"123":1,"126":1,"136":0,"141":0,"142":0,"144":0,"145":0,"148":0,"149":0,"151":0,"152":0,"153":0,"156":0,"158":0,"159":0,"162":0,"166":0,"167":0,"168":0,"171":0,"172":0,"173":0,"174":0,"175":0,"178":0,"181":0,"182":0,"184":0,"185":0,"187":0,"191":0,"192":0,"195":0,"198":0,"199":0,"200":0,"201":0,"203":0,"205":0,"206":0,"208":0,"209":0,"211":0,"214":0,"218":0,"219":0,"222":0,"223":0,"225":0,"228":0,"229":0,"232":0,"233":0,"234":0,"238":0,"239":0,"241":0,"242":0,"244":0,"247":0,"248":0,"250":0,"252":0,"253":0,"255":0,"256":0,"258":0,"259":0,"261":0,"262":0,"264":0,"265":0,"267":0,"268":0,"273":0,"276":0,"279":0,"283":0,"284":0,"287":0,"290":0,"291":0,"293":0,"294":0,"296":0,"300":0,"304":0,"310":1,"311":1,"314":1,"315":1,"318":1,"319":0,"320":0,"322":0,"323":0,"324":0,"325":0,"326":0,"327":0,"330":0,"331":0,"332":0,"335":1,"336":0,"337":0,"338":0,"339":0,"340":0,"341":0,"342":0,"344":0,"347":1,"348":0,"349":0,"351":0,"355":1,"356":1,"357":0,"358":0,"359":0,"360":0,"361":0,"362":0,"363":0,"366":0,"367":0,"368":0,"371":0,"372":0,"373":0,"374":0,"376":0,"378":0,"381":0,"386":0,"387":0,"388":0,"389":0,"394":1,"395":0,"396":0,"397":0,"398":0,"400":0,"401":0,"406":1,"407":0,"410":1,"411":0,"412":0}},"/home/travis/build/npmtest/node-npmtest-testem/node_modules/testem/public/testem/testem_connection.js":{"path":"/home/travis/build/npmtest/node-npmtest-testem/node_modules/testem/public/testem/testem_connection.js","s":{"1":2,"2":2,"3":1,"4":0,"5":0,"6":0,"7":1,"8":0,"9":1,"10":0,"11":1,"12":0,"13":0,"14":0,"15":0,"16":0,"17":2,"18":0,"19":0,"20":0,"21":0,"22":1,"23":0,"24":0,"25":0,"26":0,"27":0,"28":0,"29":0,"30":0,"31":0,"32":0,"33":0,"34":1,"35":0,"36":1,"37":0,"38":0,"39":1,"40":0,"41":0,"42":1,"43":0,"44":0,"45":0,"46":0,"47":0,"48":0,"49":1,"50":0,"51":0,"52":0,"53":0,"54":0,"55":0,"56":0,"57":0,"58":0,"59":0,"60":0,"61":0,"62":0,"63":0,"64":0,"65":0,"66":0,"67":0,"68":0,"69":1,"70":0,"71":0,"72":0,"73":1,"74":0,"75":0,"76":0,"77":0,"78":0,"79":0,"80":0,"81":0,"82":1,"83":0,"84":0,"85":0,"86":0,"87":0,"88":0,"89":0,"90":0,"91":0,"92":0,"93":0,"94":0,"95":0,"96":0},"b":{"1":[0,0],"2":[0,0],"3":[0,0],"4":[0,0],"5":[0,0],"6":[0,0],"7":[0,0],"8":[0,0],"9":[0,0]},"f":{"1":0,"2":0,"3":0,"4":0,"5":0,"6":0,"7":0,"8":0,"9":0,"10":0,"11":0,"12":0,"13":0,"14":0,"15":0,"16":0,"17":0,"18":0,"19":0,"20":0,"21":0,"22":0,"23":0,"24":0,"25":0,"26":0,"27":0,"28":0,"29":0},"fnMap":{"1":{"name":"syncConnectStatus","line":7,"loc":{"start":{"line":7,"column":0},"end":{"line":7,"column":29}}},"2":{"name":"serializeMessage","line":14,"loc":{"start":{"line":14,"column":0},"end":{"line":14,"column":35}}},"3":{"name":"deserializeMessage","line":22,"loc":{"start":{"line":22,"column":0},"end":{"line":22,"column":37}}},"4":{"name":"sendMessageToParent","line":26,"loc":{"start":{"line":26,"column":0},"end":{"line":26,"column":41}}},"5":{"name":"(anonymous_5)","line":36,"loc":{"start":{"line":36,"column":2},"end":{"line":36,"column":25}}},"6":{"name":"(anonymous_6)","line":37,"loc":{"start":{"line":37,"column":2},"end":{"line":37,"column":25}}},"7":{"name":"handleMessage","line":42,"loc":{"start":{"line":42,"column":0},"end":{"line":42,"column":30}}},"8":{"name":"addMessageListener","line":63,"loc":{"start":{"line":63,"column":0},"end":{"line":63,"column":56}}},"9":{"name":"addMessageListenerOnce","line":67,"loc":{"start":{"line":67,"column":0},"end":{"line":67,"column":48}}},"10":{"name":"startTests","line":72,"loc":{"start":{"line":72,"column":0},"end":{"line":72,"column":22}}},"11":{"name":"initUI","line":77,"loc":{"start":{"line":77,"column":0},"end":{"line":77,"column":18}}},"12":{"name":"getBrowserName","line":86,"loc":{"start":{"line":86,"column":0},"end":{"line":86,"column":35}}},"13":{"name":"(anonymous_13)","line":89,"loc":{"start":{"line":89,"column":40},"end":{"line":89,"column":52}}},"14":{"name":"(anonymous_14)","line":92,"loc":{"start":{"line":92,"column":32},"end":{"line":92,"column":44}}},"15":{"name":"(anonymous_15)","line":100,"loc":{"start":{"line":100,"column":55},"end":{"line":100,"column":67}}},"16":{"name":"(anonymous_16)","line":103,"loc":{"start":{"line":103,"column":54},"end":{"line":103,"column":66}}},"17":{"name":"(anonymous_17)","line":106,"loc":{"start":{"line":106,"column":52},"end":{"line":106,"column":64}}},"18":{"name":"(anonymous_18)","line":109,"loc":{"start":{"line":109,"column":44},"end":{"line":109,"column":56}}},"19":{"name":"(anonymous_19)","line":113,"loc":{"start":{"line":113,"column":20},"end":{"line":113,"column":32}}},"20":{"name":"getId","line":132,"loc":{"start":{"line":132,"column":0},"end":{"line":132,"column":25}}},"21":{"name":"(anonymous_21)","line":133,"loc":{"start":{"line":133,"column":35},"end":{"line":133,"column":48}}},"22":{"name":"init","line":139,"loc":{"start":{"line":139,"column":0},"end":{"line":139,"column":16}}},"23":{"name":"(anonymous_23)","line":140,"loc":{"start":{"line":140,"column":8},"end":{"line":140,"column":21}}},"24":{"name":"(anonymous_24)","line":147,"loc":{"start":{"line":147,"column":41},"end":{"line":147,"column":56}}},"25":{"name":"initSocket","line":156,"loc":{"start":{"line":156,"column":0},"end":{"line":156,"column":24}}},"26":{"name":"(anonymous_26)","line":159,"loc":{"start":{"line":159,"column":23},"end":{"line":159,"column":34}}},"27":{"name":"(anonymous_27)","line":163,"loc":{"start":{"line":163,"column":26},"end":{"line":163,"column":37}}},"28":{"name":"(anonymous_28)","line":168,"loc":{"start":{"line":168,"column":36},"end":{"line":168,"column":47}}},"29":{"name":"(anonymous_29)","line":171,"loc":{"start":{"line":171,"column":24},"end":{"line":171,"column":35}}}},"statementMap":{"1":{"start":{"line":4,"column":0},"end":{"line":4,"column":11}},"2":{"start":{"line":5,"column":0},"end":{"line":5,"column":35}},"3":{"start":{"line":7,"column":0},"end":{"line":12,"column":1}},"4":{"start":{"line":8,"column":2},"end":{"line":8,"column":53}},"5":{"start":{"line":9,"column":2},"end":{"line":11,"column":3}},"6":{"start":{"line":10,"column":4},"end":{"line":10,"column":34}},"7":{"start":{"line":14,"column":0},"end":{"line":20,"column":1}},"8":{"start":{"line":19,"column":2},"end":{"line":19,"column":33}},"9":{"start":{"line":22,"column":0},"end":{"line":24,"column":1}},"10":{"start":{"line":23,"column":2},"end":{"line":23,"column":29}},"11":{"start":{"line":26,"column":0},"end":{"line":33,"column":1}},"12":{"start":{"line":27,"column":2},"end":{"line":27,"column":29}},"13":{"start":{"line":28,"column":2},"end":{"line":30,"column":3}},"14":{"start":{"line":29,"column":4},"end":{"line":29,"column":24}},"15":{"start":{"line":31,"column":2},"end":{"line":31,"column":38}},"16":{"start":{"line":32,"column":2},"end":{"line":32,"column":35}},"17":{"start":{"line":35,"column":0},"end":{"line":37,"column":62}},"18":{"start":{"line":36,"column":27},"end":{"line":36,"column":64}},"19":{"start":{"line":37,"column":27},"end":{"line":37,"column":59}},"20":{"start":{"line":39,"column":0},"end":{"line":39,"column":46}},"21":{"start":{"line":41,"column":0},"end":{"line":41,"column":26}},"22":{"start":{"line":42,"column":0},"end":{"line":61,"column":1}},"23":{"start":{"line":43,"column":2},"end":{"line":46,"column":3}},"24":{"start":{"line":45,"column":4},"end":{"line":45,"column":11}},"25":{"start":{"line":47,"column":2},"end":{"line":47,"column":47}},"26":{"start":{"line":48,"column":2},"end":{"line":48,"column":29}},"27":{"start":{"line":49,"column":2},"end":{"line":49,"column":29}},"28":{"start":{"line":51,"column":2},"end":{"line":60,"column":3}},"29":{"start":{"line":52,"column":4},"end":{"line":52,"column":53}},"30":{"start":{"line":53,"column":4},"end":{"line":53,"column":55}},"31":{"start":{"line":55,"column":4},"end":{"line":55,"column":19}},"32":{"start":{"line":57,"column":4},"end":{"line":59,"column":5}},"33":{"start":{"line":58,"column":6},"end":{"line":58,"column":36}},"34":{"start":{"line":63,"column":0},"end":{"line":65,"column":1}},"35":{"start":{"line":64,"column":2},"end":{"line":64,"column":72}},"36":{"start":{"line":67,"column":0},"end":{"line":70,"column":1}},"37":{"start":{"line":68,"column":2},"end":{"line":68,"column":24}},"38":{"start":{"line":69,"column":2},"end":{"line":69,"column":49}},"39":{"start":{"line":72,"column":0},"end":{"line":75,"column":1}},"40":{"start":{"line":73,"column":2},"end":{"line":73,"column":22}},"41":{"start":{"line":74,"column":2},"end":{"line":74,"column":32}},"42":{"start":{"line":77,"column":0},"end":{"line":84,"column":1}},"43":{"start":{"line":78,"column":2},"end":{"line":78,"column":45}},"44":{"start":{"line":79,"column":2},"end":{"line":79,"column":42}},"45":{"start":{"line":80,"column":2},"end":{"line":80,"column":27}},"46":{"start":{"line":81,"column":2},"end":{"line":81,"column":32}},"47":{"start":{"line":82,"column":2},"end":{"line":82,"column":25}},"48":{"start":{"line":83,"column":2},"end":{"line":83,"column":33}},"49":{"start":{"line":86,"column":0},"end":{"line":130,"column":1}},"50":{"start":{"line":87,"column":2},"end":{"line":112,"column":4}},"51":{"start":{"line":90,"column":6},"end":{"line":90,"column":36}},"52":{"start":{"line":93,"column":6},"end":{"line":93,"column":39}},"53":{"start":{"line":101,"column":6},"end":{"line":101,"column":42}},"54":{"start":{"line":104,"column":6},"end":{"line":104,"column":42}},"55":{"start":{"line":107,"column":6},"end":{"line":107,"column":42}},"56":{"start":{"line":110,"column":6},"end":{"line":110,"column":36}},"57":{"start":{"line":113,"column":2},"end":{"line":115,"column":4}},"58":{"start":{"line":114,"column":4},"end":{"line":114,"column":32}},"59":{"start":{"line":117,"column":2},"end":{"line":128,"column":3}},"60":{"start":{"line":118,"column":4},"end":{"line":118,"column":26}},"61":{"start":{"line":119,"column":4},"end":{"line":119,"column":27}},"62":{"start":{"line":120,"column":4},"end":{"line":123,"column":5}},"63":{"start":{"line":121,"column":6},"end":{"line":121,"column":22}},"64":{"start":{"line":122,"column":6},"end":{"line":122,"column":23}},"65":{"start":{"line":124,"column":4},"end":{"line":124,"column":39}},"66":{"start":{"line":125,"column":4},"end":{"line":127,"column":5}},"67":{"start":{"line":126,"column":6},"end":{"line":126,"column":25}},"68":{"start":{"line":129,"column":2},"end":{"line":129,"column":19}},"69":{"start":{"line":132,"column":0},"end":{"line":137,"column":1}},"70":{"start":{"line":133,"column":2},"end":{"line":135,"column":5}},"71":{"start":{"line":134,"column":4},"end":{"line":134,"column":17}},"72":{"start":{"line":136,"column":2},"end":{"line":136,"column":32}},"73":{"start":{"line":139,"column":0},"end":{"line":154,"column":1}},"74":{"start":{"line":140,"column":2},"end":{"line":153,"column":5}},"75":{"start":{"line":141,"column":4},"end":{"line":152,"column":5}},"76":{"start":{"line":142,"column":6},"end":{"line":142,"column":52}},"77":{"start":{"line":144,"column":6},"end":{"line":144,"column":21}},"78":{"start":{"line":146,"column":6},"end":{"line":146,"column":42}},"79":{"start":{"line":147,"column":6},"end":{"line":149,"column":9}},"80":{"start":{"line":148,"column":8},"end":{"line":148,"column":40}},"81":{"start":{"line":151,"column":6},"end":{"line":151,"column":42}},"82":{"start":{"line":156,"column":0},"end":{"line":174,"column":1}},"83":{"start":{"line":157,"column":2},"end":{"line":157,"column":78}},"84":{"start":{"line":158,"column":2},"end":{"line":158,"column":72}},"85":{"start":{"line":159,"column":2},"end":{"line":162,"column":5}},"86":{"start":{"line":160,"column":4},"end":{"line":160,"column":32}},"87":{"start":{"line":161,"column":4},"end":{"line":161,"column":24}},"88":{"start":{"line":163,"column":2},"end":{"line":166,"column":5}},"89":{"start":{"line":164,"column":4},"end":{"line":164,"column":35}},"90":{"start":{"line":165,"column":4},"end":{"line":165,"column":24}},"91":{"start":{"line":167,"column":2},"end":{"line":167,"column":39}},"92":{"start":{"line":168,"column":2},"end":{"line":170,"column":5}},"93":{"start":{"line":169,"column":4},"end":{"line":169,"column":48}},"94":{"start":{"line":171,"column":2},"end":{"line":173,"column":5}},"95":{"start":{"line":172,"column":4},"end":{"line":172,"column":36}},"96":{"start":{"line":176,"column":0},"end":{"line":176,"column":7}}},"branchMap":{"1":{"line":9,"type":"if","locations":[{"start":{"line":9,"column":2},"end":{"line":9,"column":2}},{"start":{"line":9,"column":2},"end":{"line":9,"column":2}}]},"2":{"line":28,"type":"if","locations":[{"start":{"line":28,"column":2},"end":{"line":28,"column":2}},{"start":{"line":28,"column":2},"end":{"line":28,"column":2}}]},"3":{"line":35,"type":"cond-expr","locations":[{"start":{"line":36,"column":2},"end":{"line":36,"column":66}},{"start":{"line":37,"column":2},"end":{"line":37,"column":61}}]},"4":{"line":43,"type":"if","locations":[{"start":{"line":43,"column":2},"end":{"line":43,"column":2}},{"start":{"line":43,"column":2},"end":{"line":43,"column":2}}]},"5":{"line":51,"type":"if","locations":[{"start":{"line":51,"column":2},"end":{"line":51,"column":2}},{"start":{"line":51,"column":2},"end":{"line":51,"column":2}}]},"6":{"line":57,"type":"if","locations":[{"start":{"line":57,"column":4},"end":{"line":57,"column":4}},{"start":{"line":57,"column":4},"end":{"line":57,"column":4}}]},"7":{"line":120,"type":"if","locations":[{"start":{"line":120,"column":4},"end":{"line":120,"column":4}},{"start":{"line":120,"column":4},"end":{"line":120,"column":4}}]},"8":{"line":125,"type":"if","locations":[{"start":{"line":125,"column":4},"end":{"line":125,"column":4}},{"start":{"line":125,"column":4},"end":{"line":125,"column":4}}]},"9":{"line":141,"type":"if","locations":[{"start":{"line":141,"column":4},"end":{"line":141,"column":4}},{"start":{"line":141,"column":4},"end":{"line":141,"column":4}}]}},"code":["/* globals document, parent, window, io, navigator */","'use strict';","","var socket;","var connectStatus = 'disconnected';","","function syncConnectStatus() {","  var elm = document.getElementById('__testem_ui__');","  if (elm) {","    elm.className = connectStatus;","  }","}","","function serializeMessage(message) {","  // stringify for browsers (IE <= 10) that do not support sending an","  // object via postMessage","  // No need to decycle because the messages sent from iframe to parent","  // are known and will not include arbitrary objects.","  return JSON.stringify(message);","}","","function deserializeMessage(message) {","  return JSON.parse(message);","}","","function sendMessageToParent(type, data) {","  var message = {type: type};","  if (data) {","    message.data = data;","  }","  message = serializeMessage(message);","  parent.postMessage(message, '*');","}","","var addListener = window.addEventListener ?","  function(obj, evt, cb) { obj.addEventListener(evt, cb, false); } :","  function(obj, evt, cb) { obj.attachEvent('on' + evt, cb); };","","addListener(window, 'message', handleMessage);","","var messageListeners = {};","function handleMessage(event) {","  if (event.source !== window.parent) {","    // Ignore messages not from the parent","    return;","  }","  var message = deserializeMessage(event.data);","  var type    = message.type;","  var data    = message.data;","","  if (messageListeners[type]) {","    var callback   = messageListeners[type].callback;","    var listenOnce = messageListeners[type].listenOnce;","","    callback(data);","","    if (listenOnce) {","      messageListeners[type] = null;","    }","  }","}","","function addMessageListener(type, callback, listenOnce) {","  messageListeners[type] = {callback: callback, listenOnce: listenOnce};","}","","function addMessageListenerOnce(type, callback) {","  var listenOnce = true;","  addMessageListener(type, callback, listenOnce);","}","","function startTests() {","  socket.disconnect();","  sendMessageToParent('reload');","}","","function initUI() {","  var markup = 'TEST\\u0027EM \\u0027SCRIPTS!';","  var elm = document.createElement('div');","  elm.id = '__testem_ui__';","  elm.className = connectStatus;","  elm.innerHTML = markup;","  document.body.appendChild(elm);","}","","function getBrowserName(userAgent) {","  var regexs = [","    /MS(?:(IE) (1?[0-9]\\.[0-9]))/,","    [/Trident\\/.* rv:(1?[0-9]\\.[0-9])/, function(m) {","      return ['IE', m[1]].join(' ');","    }],","    [/(OPR)\\/([0-9]+\\.[0-9]+)/, function(m) {","      return ['Opera', m[2]].join(' ');","    }],","    /(Opera).*Version\\/([0-9]+\\.[0-9]+)/,","    /(Edge)\\/([0-9]+\\.[0-9]+)/,","    /(Chrome)\\/([0-9]+\\.[0-9]+)/,","    /(Firefox)\\/([0-9a-z]+\\.[0-9a-z]+)/,","    /(PhantomJS)\\/([0-9]+\\.[0-9]+)/,","    [/(Android).*Version\\/([0-9]+\\.[0-9]+).*(Safari)/, function(m) {","      return [m[1], m[3], m[2]].join(' ');","    }],","    [/(iPhone).*Version\\/([0-9]+\\.[0-9]+).*(Safari)/, function(m) {","      return [m[1], m[3], m[2]].join(' ');","    }],","    [/(iPad).*Version\\/([0-9]+\\.[0-9]+).*(Safari)/, function(m) {","      return [m[1], m[3], m[2]].join(' ');","    }],","    [/Version\\/([0-9]+\\.[0-9]+).*(Safari)/, function(m) {","      return [m[2], m[1]].join(' ');","    }]","  ];","  var defaultPick = function(m) {","    return m.slice(1).join(' ');","  };","","  for (var i = 0; i < regexs.length; i++) {","    var regex = regexs[i];","    var pick = defaultPick;","    if (regex instanceof Array) {","      pick = regex[1];","      regex = regex[0];","    }","    var match = userAgent.match(regex);","    if (match) {","      return pick(match);","    }","  }","  return userAgent;","}","","function getId(callback) {","  addMessageListenerOnce('get-id', function(id) {","    callback(id);","  });","  sendMessageToParent('get-id');","}","","function init() {","  getId(function(id) {","    if (id === '-1') { // No connection required","      sendMessageToParent('no-connection-required');","    } else {","      initSocket(id);","","      addListener(window, 'load', initUI);","      addMessageListener('emit-message', function(item) {","        socket.emit.apply(socket, item);","      });","","      sendMessageToParent('iframe-ready');","    }","  });","}","","function initSocket(id) {","  socket = io.connect({ reconnectionDelayMax: 1000, randomizationFactor: 0 });","  socket.emit('browser-login', getBrowserName(navigator.userAgent), id);","  socket.on('connect', function() {","    connectStatus = 'connected';","    syncConnectStatus();","  });","  socket.on('disconnect', function() {","    connectStatus = 'disconnected';","    syncConnectStatus();","  });","  socket.on('start-tests', startTests);","  socket.on('tap-all-test-results', function() {","    sendMessageToParent('tap-all-test-results');","  });","  socket.on('stop-run', function() {","    sendMessageToParent('stop-run');","  });","}","","init();",""],"l":{"4":2,"5":2,"7":1,"8":0,"9":0,"10":0,"14":1,"19":0,"22":1,"23":0,"26":1,"27":0,"28":0,"29":0,"31":0,"32":0,"35":2,"36":0,"37":0,"39":0,"41":0,"42":1,"43":0,"45":0,"47":0,"48":0,"49":0,"51":0,"52":0,"53":0,"55":0,"57":0,"58":0,"63":1,"64":0,"67":1,"68":0,"69":0,"72":1,"73":0,"74":0,"77":1,"78":0,"79":0,"80":0,"81":0,"82":0,"83":0,"86":1,"87":0,"90":0,"93":0,"101":0,"104":0,"107":0,"110":0,"113":0,"114":0,"117":0,"118":0,"119":0,"120":0,"121":0,"122":0,"124":0,"125":0,"126":0,"129":0,"132":1,"133":0,"134":0,"136":0,"139":1,"140":0,"141":0,"142":0,"144":0,"146":0,"147":0,"148":0,"151":0,"156":1,"157":0,"158":0,"159":0,"160":0,"161":0,"163":0,"164":0,"165":0,"167":0,"168":0,"169":0,"171":0,"172":0,"176":0}}}