{"/home/travis/build/npmtest/node-npmtest-testem/test.js":{"path":"/home/travis/build/npmtest/node-npmtest-testem/test.js","s":{"1":2,"2":2,"3":2,"4":2,"5":2,"6":2,"7":2,"8":1,"9":2,"10":2,"11":1,"12":1,"13":1,"14":1,"15":2,"16":2,"17":2,"18":2,"19":1,"20":1,"21":2,"22":2,"23":2,"24":1,"25":1,"26":1,"27":1,"28":1,"29":1,"30":1,"31":1,"32":1,"33":1,"34":1,"35":1,"36":1,"37":2,"38":2,"39":1,"40":2,"41":2,"42":1,"43":2,"44":2,"45":1,"46":2,"47":2,"48":1,"49":1,"50":1,"51":1,"52":1},"b":{"1":[2,1,1,1],"2":[1,1,1,1],"3":[1,1],"4":[1,1],"5":[1,1],"6":[1,1],"7":[1,1],"8":[1,1],"9":[1,1,1],"10":[1,1],"11":[1,1],"12":[1,1],"13":[1,1],"14":[1,1],"15":[1,1],"16":[1,1]},"f":{"1":2,"2":2,"3":2,"4":2,"5":2,"6":1,"7":1,"8":2,"9":2,"10":2,"11":2,"12":1},"fnMap":{"1":{"name":"(anonymous_1)","line":12,"loc":{"start":{"line":12,"column":1},"end":{"line":12,"column":13}}},"2":{"name":"(anonymous_2)","line":19,"loc":{"start":{"line":19,"column":5},"end":{"line":19,"column":17}}},"3":{"name":"(anonymous_3)","line":23,"loc":{"start":{"line":23,"column":24},"end":{"line":23,"column":36}}},"4":{"name":"(anonymous_4)","line":61,"loc":{"start":{"line":61,"column":5},"end":{"line":61,"column":17}}},"5":{"name":"(anonymous_5)","line":82,"loc":{"start":{"line":82,"column":5},"end":{"line":82,"column":17}}},"6":{"name":"(anonymous_6)","line":102,"loc":{"start":{"line":102,"column":83},"end":{"line":105,"column":10}},"skip":true},"7":{"name":"(anonymous_7)","line":113,"loc":{"start":{"line":113,"column":77},"end":{"line":116,"column":10}},"skip":true},"8":{"name":"(anonymous_8)","line":129,"loc":{"start":{"line":129,"column":12},"end":{"line":129,"column":40}},"skip":true},"9":{"name":"(anonymous_9)","line":137,"loc":{"start":{"line":137,"column":77},"end":{"line":140,"column":10}},"skip":true},"10":{"name":"(anonymous_10)","line":148,"loc":{"start":{"line":148,"column":83},"end":{"line":151,"column":10}},"skip":true},"11":{"name":"(anonymous_11)","line":159,"loc":{"start":{"line":159,"column":79},"end":{"line":162,"column":10}},"skip":true},"12":{"name":"(anonymous_12)","line":170,"loc":{"start":{"line":170,"column":75},"end":{"line":173,"column":10}},"skip":true}},"statementMap":{"1":{"start":{"line":12,"column":0},"end":{"line":185,"column":5}},"2":{"start":{"line":14,"column":4},"end":{"line":14,"column":14}},"3":{"start":{"line":19,"column":4},"end":{"line":56,"column":9}},"4":{"start":{"line":21,"column":8},"end":{"line":21,"column":19}},"5":{"start":{"line":23,"column":8},"end":{"line":35,"column":13}},"6":{"start":{"line":24,"column":12},"end":{"line":34,"column":13}},"7":{"start":{"line":25,"column":16},"end":{"line":28,"column":30}},"8":{"start":{"line":30,"column":16},"end":{"line":33,"column":27}},"9":{"start":{"line":37,"column":8},"end":{"line":39,"column":21}},"10":{"start":{"line":40,"column":8},"end":{"line":53,"column":9}},"11":{"start":{"line":43,"column":12},"end":{"line":46,"column":14}},"12":{"start":{"line":47,"column":12},"end":{"line":47,"column":18}},"13":{"start":{"line":50,"column":12},"end":{"line":51,"column":46}},"14":{"start":{"line":52,"column":12},"end":{"line":52,"column":18}},"15":{"start":{"line":55,"column":8},"end":{"line":55,"column":35}},"16":{"start":{"line":61,"column":4},"end":{"line":63,"column":9}},"17":{"start":{"line":62,"column":8},"end":{"line":62,"column":15}},"18":{"start":{"line":64,"column":4},"end":{"line":77,"column":5}},"19":{"start":{"line":70,"column":8},"end":{"line":70,"column":14}},"20":{"start":{"line":76,"column":8},"end":{"line":76,"column":14}},"21":{"start":{"line":82,"column":4},"end":{"line":84,"column":9}},"22":{"start":{"line":83,"column":8},"end":{"line":83,"column":15}},"23":{"start":{"line":85,"column":4},"end":{"line":184,"column":5}},"24":{"start":{"line":92,"column":8},"end":{"line":94,"column":63}},"25":{"start":{"line":95,"column":8},"end":{"line":95,"column":14}},"26":{"start":{"line":102,"column":8},"end":{"line":111,"column":10},"skip":true},"27":{"start":{"line":109,"column":12},"end":{"line":109,"column":55},"skip":true},"28":{"start":{"line":110,"column":12},"end":{"line":110,"column":48},"skip":true},"29":{"start":{"line":113,"column":8},"end":{"line":126,"column":10},"skip":true},"30":{"start":{"line":120,"column":12},"end":{"line":120,"column":76},"skip":true},"31":{"start":{"line":121,"column":12},"end":{"line":121,"column":73},"skip":true},"32":{"start":{"line":122,"column":12},"end":{"line":122,"column":74},"skip":true},"33":{"start":{"line":123,"column":12},"end":{"line":123,"column":79},"skip":true},"34":{"start":{"line":124,"column":12},"end":{"line":124,"column":25},"skip":true},"35":{"start":{"line":125,"column":12},"end":{"line":125,"column":45},"skip":true},"36":{"start":{"line":128,"column":8},"end":{"line":135,"column":14},"skip":true},"37":{"start":{"line":133,"column":16},"end":{"line":133,"column":29},"skip":true},"38":{"start":{"line":134,"column":16},"end":{"line":134,"column":55},"skip":true},"39":{"start":{"line":137,"column":8},"end":{"line":146,"column":10},"skip":true},"40":{"start":{"line":144,"column":12},"end":{"line":144,"column":25},"skip":true},"41":{"start":{"line":145,"column":12},"end":{"line":145,"column":45},"skip":true},"42":{"start":{"line":148,"column":8},"end":{"line":157,"column":10},"skip":true},"43":{"start":{"line":155,"column":12},"end":{"line":155,"column":25},"skip":true},"44":{"start":{"line":156,"column":12},"end":{"line":156,"column":48},"skip":true},"45":{"start":{"line":159,"column":8},"end":{"line":168,"column":10},"skip":true},"46":{"start":{"line":166,"column":12},"end":{"line":166,"column":25},"skip":true},"47":{"start":{"line":167,"column":12},"end":{"line":167,"column":46},"skip":true},"48":{"start":{"line":170,"column":8},"end":{"line":179,"column":10},"skip":true},"49":{"start":{"line":177,"column":12},"end":{"line":177,"column":94},"skip":true},"50":{"start":{"line":178,"column":12},"end":{"line":178,"column":48},"skip":true},"51":{"start":{"line":182,"column":8},"end":{"line":182,"column":35},"skip":true},"52":{"start":{"line":183,"column":8},"end":{"line":183,"column":14},"skip":true}},"branchMap":{"1":{"line":25,"type":"binary-expr","locations":[{"start":{"line":25,"column":23},"end":{"line":25,"column":62}},{"start":{"line":26,"column":20},"end":{"line":26,"column":70}},{"start":{"line":27,"column":20},"end":{"line":27,"column":71}},{"start":{"line":28,"column":20},"end":{"line":28,"column":29}}]},"2":{"line":30,"type":"binary-expr","locations":[{"start":{"line":30,"column":23},"end":{"line":30,"column":37}},{"start":{"line":31,"column":20},"end":{"line":31,"column":61}},{"start":{"line":32,"column":20},"end":{"line":32,"column":70}},{"start":{"line":33,"column":20},"end":{"line":33,"column":26}}]},"3":{"line":37,"type":"cond-expr","locations":[{"start":{"line":38,"column":14},"end":{"line":38,"column":20}},{"start":{"line":39,"column":14},"end":{"line":39,"column":20}}]},"4":{"line":40,"type":"switch","locations":[{"start":{"line":42,"column":8},"end":{"line":47,"column":18}},{"start":{"line":49,"column":8},"end":{"line":52,"column":18}}]},"5":{"line":44,"type":"binary-expr","locations":[{"start":{"line":44,"column":16},"end":{"line":44,"column":44}},{"start":{"line":44,"column":48},"end":{"line":44,"column":66}}]},"6":{"line":50,"type":"binary-expr","locations":[{"start":{"line":50,"column":21},"end":{"line":50,"column":49}},{"start":{"line":50,"column":53},"end":{"line":50,"column":72}}]},"7":{"line":64,"type":"switch","locations":[{"start":{"line":69,"column":4},"end":{"line":70,"column":14}},{"start":{"line":75,"column":4},"end":{"line":76,"column":14}}]},"8":{"line":85,"type":"switch","locations":[{"start":{"line":90,"column":4},"end":{"line":95,"column":14}},{"start":{"line":101,"column":4},"end":{"line":183,"column":14},"skip":true}]},"9":{"line":92,"type":"binary-expr","locations":[{"start":{"line":92,"column":18},"end":{"line":92,"column":32}},{"start":{"line":93,"column":12},"end":{"line":93,"column":53}},{"start":{"line":94,"column":12},"end":{"line":94,"column":61}}]},"10":{"line":102,"type":"binary-expr","locations":[{"start":{"line":102,"column":45},"end":{"line":102,"column":79},"skip":true},{"start":{"line":102,"column":83},"end":{"line":111,"column":9},"skip":true}]},"11":{"line":113,"type":"binary-expr","locations":[{"start":{"line":113,"column":42},"end":{"line":113,"column":73},"skip":true},{"start":{"line":113,"column":77},"end":{"line":126,"column":9},"skip":true}]},"12":{"line":128,"type":"binary-expr","locations":[{"start":{"line":128,"column":48},"end":{"line":128,"column":85},"skip":true},{"start":{"line":129,"column":12},"end":{"line":135,"column":13},"skip":true}]},"13":{"line":137,"type":"binary-expr","locations":[{"start":{"line":137,"column":42},"end":{"line":137,"column":73},"skip":true},{"start":{"line":137,"column":77},"end":{"line":146,"column":9},"skip":true}]},"14":{"line":148,"type":"binary-expr","locations":[{"start":{"line":148,"column":45},"end":{"line":148,"column":79},"skip":true},{"start":{"line":148,"column":83},"end":{"line":157,"column":9},"skip":true}]},"15":{"line":159,"type":"binary-expr","locations":[{"start":{"line":159,"column":43},"end":{"line":159,"column":75},"skip":true},{"start":{"line":159,"column":79},"end":{"line":168,"column":9},"skip":true}]},"16":{"line":170,"type":"binary-expr","locations":[{"start":{"line":170,"column":41},"end":{"line":170,"column":71},"skip":true},{"start":{"line":170,"column":75},"end":{"line":179,"column":9},"skip":true}]}},"code":["/* istanbul instrument in package npmtest_testem */","/*jslint","    bitwise: true,","    browser: true,","    maxerr: 8,","    maxlen: 96,","    node: true,","    nomen: true,","    regexp: true,","    stupid: true","*/","(function () {","    'use strict';","    var local;","","","","    // run shared js-env code - pre-init","    (function () {","        // init local","        local = {};","        // init modeJs","        local.modeJs = (function () {","            try {","                return typeof navigator.userAgent === 'string' &&","                    typeof document.querySelector('body') === 'object' &&","                    typeof XMLHttpRequest.prototype.open === 'function' &&","                    'browser';","            } catch (errorCaughtBrowser) {","                return module.exports &&","                    typeof process.versions.node === 'string' &&","                    typeof require('http').createServer === 'function' &&","                    'node';","            }","        }());","        // init global","        local.global = local.modeJs === 'browser'","            ? window","            : global;","        switch (local.modeJs) {","        // re-init local from window.local","        case 'browser':","            local = local.global.utility2.objectSetDefault(","                local.global.utility2_rollup || local.global.local,","                local.global.utility2","            );","            break;","        // re-init local from example.js","        case 'node':","            local = (local.global.utility2_rollup || require('utility2'))","                .requireExampleJsFromReadme();","            break;","        }","        // export local","        local.global.local = local;","    }());","","","","    // run shared js-env code - function","    (function () {","        return;","    }());","    switch (local.modeJs) {","","","","    // run browser js-env code - function","    case 'browser':","        break;","","","","    // run node js-env code - function","    case 'node':","        break;","    }","","","","    // run shared js-env code - post-init","    (function () {","        return;","    }());","    switch (local.modeJs) {","","","","    // run browser js-env code - post-init","    case 'browser':","        // run tests","        local.nop(local.modeTest &&","            document.querySelector('#testRunButton1') &&","            document.querySelector('#testRunButton1').click());","        break;","","","","    // run node js-env code - post-init","    /* istanbul ignore next */","    case 'node':","        local.testCase_buildApidoc_default = local.testCase_buildApidoc_default || function (","            options,","            onError","        ) {","        /*","         * this function will test buildApidoc's default handling-behavior-behavior","         */","            options = { modulePathList: module.paths };","            local.buildApidoc(options, onError);","        };","","        local.testCase_buildApp_default = local.testCase_buildApp_default || function (","            options,","            onError","        ) {","        /*","         * this function will test buildApp's default handling-behavior-behavior","         */","            local.testCase_buildReadme_default(options, local.onErrorThrow);","            local.testCase_buildLib_default(options, local.onErrorThrow);","            local.testCase_buildTest_default(options, local.onErrorThrow);","            local.testCase_buildCustomOrg_default(options, local.onErrorThrow);","            options = [];","            local.buildApp(options, onError);","        };","","        local.testCase_buildCustomOrg_default = local.testCase_buildCustomOrg_default ||","            function (options, onError) {","            /*","             * this function will test buildCustomOrg's default handling-behavior","             */","                options = {};","                local.buildCustomOrg(options, onError);","            };","","        local.testCase_buildLib_default = local.testCase_buildLib_default || function (","            options,","            onError","        ) {","        /*","         * this function will test buildLib's default handling-behavior","         */","            options = {};","            local.buildLib(options, onError);","        };","","        local.testCase_buildReadme_default = local.testCase_buildReadme_default || function (","            options,","            onError","        ) {","        /*","         * this function will test buildReadme's default handling-behavior-behavior","         */","            options = {};","            local.buildReadme(options, onError);","        };","","        local.testCase_buildTest_default = local.testCase_buildTest_default || function (","            options,","            onError","        ) {","        /*","         * this function will test buildTest's default handling-behavior","         */","            options = {};","            local.buildTest(options, onError);","        };","","        local.testCase_webpage_default = local.testCase_webpage_default || function (","            options,","            onError","        ) {","        /*","         * this function will test webpage's default handling-behavior","         */","            options = { modeCoverageMerge: true, url: local.serverLocalHost + '?modeTest=1' };","            local.browserTest(options, onError);","        };","","        // run test-server","        local.testRunServer(local);","        break;","    }","}());",""],"l":{"12":2,"14":2,"19":2,"21":2,"23":2,"24":2,"25":2,"30":1,"37":2,"40":2,"43":1,"47":1,"50":1,"52":1,"55":2,"61":2,"62":2,"64":2,"70":1,"76":1,"82":2,"83":2,"85":2,"92":1,"95":1,"102":1,"109":1,"110":1,"113":1,"120":1,"121":1,"122":1,"123":1,"124":1,"125":1,"128":1,"133":2,"134":2,"137":1,"144":2,"145":2,"148":1,"155":2,"156":2,"159":1,"166":2,"167":2,"170":1,"177":1,"178":1,"182":1,"183":1}},"/home/travis/build/npmtest/node-npmtest-testem/lib.npmtest_testem.js":{"path":"/home/travis/build/npmtest/node-npmtest-testem/lib.npmtest_testem.js","s":{"1":2,"2":2,"3":2,"4":2,"5":2,"6":2,"7":2,"8":1,"9":2,"10":2,"11":2,"12":2,"13":1,"14":1,"15":1,"16":1},"b":{"1":[2,1,1,1],"2":[1,1,1,1],"3":[1,1],"4":[2,2],"5":[1,1]},"f":{"1":2,"2":2,"3":2},"fnMap":{"1":{"name":"(anonymous_1)","line":12,"loc":{"start":{"line":12,"column":1},"end":{"line":12,"column":13}}},"2":{"name":"(anonymous_2)","line":19,"loc":{"start":{"line":19,"column":5},"end":{"line":19,"column":17}}},"3":{"name":"(anonymous_3)","line":23,"loc":{"start":{"line":23,"column":24},"end":{"line":23,"column":36}}}},"statementMap":{"1":{"start":{"line":12,"column":0},"end":{"line":53,"column":5}},"2":{"start":{"line":14,"column":4},"end":{"line":14,"column":14}},"3":{"start":{"line":19,"column":4},"end":{"line":52,"column":9}},"4":{"start":{"line":21,"column":8},"end":{"line":21,"column":19}},"5":{"start":{"line":23,"column":8},"end":{"line":35,"column":13}},"6":{"start":{"line":24,"column":12},"end":{"line":34,"column":13}},"7":{"start":{"line":25,"column":16},"end":{"line":28,"column":30}},"8":{"start":{"line":30,"column":16},"end":{"line":33,"column":27}},"9":{"start":{"line":37,"column":8},"end":{"line":39,"column":21}},"10":{"start":{"line":41,"column":8},"end":{"line":41,"column":54}},"11":{"start":{"line":43,"column":8},"end":{"line":43,"column":51}},"12":{"start":{"line":45,"column":8},"end":{"line":51,"column":9}},"13":{"start":{"line":46,"column":12},"end":{"line":46,"column":57}},"14":{"start":{"line":48,"column":12},"end":{"line":48,"column":35}},"15":{"start":{"line":49,"column":12},"end":{"line":49,"column":49}},"16":{"start":{"line":50,"column":12},"end":{"line":50,"column":43}}},"branchMap":{"1":{"line":25,"type":"binary-expr","locations":[{"start":{"line":25,"column":23},"end":{"line":25,"column":62}},{"start":{"line":26,"column":20},"end":{"line":26,"column":70}},{"start":{"line":27,"column":20},"end":{"line":27,"column":71}},{"start":{"line":28,"column":20},"end":{"line":28,"column":29}}]},"2":{"line":30,"type":"binary-expr","locations":[{"start":{"line":30,"column":23},"end":{"line":30,"column":37}},{"start":{"line":31,"column":20},"end":{"line":31,"column":61}},{"start":{"line":32,"column":20},"end":{"line":32,"column":70}},{"start":{"line":33,"column":20},"end":{"line":33,"column":26}}]},"3":{"line":37,"type":"cond-expr","locations":[{"start":{"line":38,"column":14},"end":{"line":38,"column":20}},{"start":{"line":39,"column":14},"end":{"line":39,"column":20}}]},"4":{"line":41,"type":"binary-expr","locations":[{"start":{"line":41,"column":16},"end":{"line":41,"column":44}},{"start":{"line":41,"column":48},"end":{"line":41,"column":53}}]},"5":{"line":45,"type":"if","locations":[{"start":{"line":45,"column":8},"end":{"line":45,"column":8}},{"start":{"line":45,"column":8},"end":{"line":45,"column":8}}]}},"code":["/* istanbul instrument in package npmtest_testem */","/*jslint","    bitwise: true,","    browser: true,","    maxerr: 8,","    maxlen: 96,","    node: true,","    nomen: true,","    regexp: true,","    stupid: true","*/","(function () {","    'use strict';","    var local;","","","","    // run shared js-env code - pre-init","    (function () {","        // init local","        local = {};","        // init modeJs","        local.modeJs = (function () {","            try {","                return typeof navigator.userAgent === 'string' &&","                    typeof document.querySelector('body') === 'object' &&","                    typeof XMLHttpRequest.prototype.open === 'function' &&","                    'browser';","            } catch (errorCaughtBrowser) {","                return module.exports &&","                    typeof process.versions.node === 'string' &&","                    typeof require('http').createServer === 'function' &&","                    'node';","            }","        }());","        // init global","        local.global = local.modeJs === 'browser'","            ? window","            : global;","        // init utility2_rollup","        local = local.global.utility2_rollup || local;","        // init lib","        local.local = local.npmtest_testem = local;","        // init exports","        if (local.modeJs === 'browser') {","            local.global.utility2_npmtest_testem = local;","        } else {","            module.exports = local;","            module.exports.__dirname = __dirname;","            module.exports.module = module;","        }","    }());","}());",""],"l":{"12":2,"14":2,"19":2,"21":2,"23":2,"24":2,"25":2,"30":1,"37":2,"41":2,"43":2,"45":2,"46":1,"48":1,"49":1,"50":1}},"/home/travis/build/npmtest/node-npmtest-testem/example.js":{"path":"/home/travis/build/npmtest/node-npmtest-testem/example.js","s":{"1":2,"2":2,"3":2,"4":2,"5":2,"6":2,"7":2,"8":1,"9":2,"10":2,"11":2,"12":2,"13":1,"14":2,"15":2,"16":2,"17":2,"18":2,"19":0,"20":2,"21":1,"22":1,"23":1,"24":1,"25":1,"26":0,"27":0,"28":1,"29":1,"30":2,"31":0,"32":0,"33":0,"34":1,"35":2,"36":2,"37":2,"38":2,"39":2,"40":2,"41":0,"42":2,"43":2,"44":2,"45":1,"46":3,"47":1,"48":1,"49":1,"50":1,"51":1,"52":1,"53":1,"54":1,"55":1,"56":1,"57":0,"58":1,"59":6,"60":6,"61":1,"62":2,"63":0,"64":2,"65":1,"66":1,"67":0,"68":0,"69":0,"70":0,"71":0,"72":0,"73":0,"74":0,"75":0,"76":0,"77":0,"78":0,"79":0,"80":0,"81":0,"82":0,"83":0},"b":{"1":[2,1,1,1],"2":[1,1,1,1],"3":[1,1],"4":[2,2],"5":[1,1],"6":[1,1],"7":[2,0],"8":[2,1,1,1,1,1],"9":[0,2,0],"10":[1,1],"11":[2,1,1],"12":[1,0],"13":[0,2],"14":[2,0,0,0,0,0,0],"15":[0,2],"16":[2,0],"17":[1,1],"18":[0,1],"19":[1,2,0,2],"20":[1,0],"21":[1,1],"22":[0,0],"23":[0,0],"24":[0,0],"25":[0,0],"26":[0,0],"27":[0,0],"28":[0,0]},"f":{"1":2,"2":2,"3":2,"4":2,"5":2,"6":2,"7":2,"8":2,"9":3,"10":1,"11":6,"12":0},"fnMap":{"1":{"name":"(anonymous_1)","line":26,"loc":{"start":{"line":26,"column":1},"end":{"line":26,"column":13}}},"2":{"name":"(anonymous_2)","line":33,"loc":{"start":{"line":33,"column":5},"end":{"line":33,"column":17}}},"3":{"name":"(anonymous_3)","line":37,"loc":{"start":{"line":37,"column":24},"end":{"line":37,"column":36}}},"4":{"name":"(anonymous_4)","line":69,"loc":{"start":{"line":69,"column":31},"end":{"line":69,"column":48}},"skip":true},"5":{"name":"(anonymous_5)","line":78,"loc":{"start":{"line":78,"column":26},"end":{"line":78,"column":45}},"skip":true},"6":{"name":"(anonymous_6)","line":123,"loc":{"start":{"line":123,"column":33},"end":{"line":123,"column":48}},"skip":true},"7":{"name":"(anonymous_7)","line":125,"loc":{"start":{"line":125,"column":27},"end":{"line":125,"column":39}},"skip":true},"8":{"name":"(anonymous_8)","line":133,"loc":{"start":{"line":133,"column":59},"end":{"line":133,"column":74}},"skip":true},"9":{"name":"(anonymous_9)","line":143,"loc":{"start":{"line":143,"column":45},"end":{"line":143,"column":62}},"skip":true},"10":{"name":"(anonymous_10)","line":144,"loc":{"start":{"line":144,"column":73},"end":{"line":144,"column":92}},"skip":true},"11":{"name":"(anonymous_11)","line":272,"loc":{"start":{"line":272,"column":51},"end":{"line":272,"column":77}},"skip":true},"12":{"name":"(anonymous_12)","line":314,"loc":{"start":{"line":314,"column":32},"end":{"line":314,"column":61}},"skip":true}},"statementMap":{"1":{"start":{"line":26,"column":0},"end":{"line":325,"column":5}},"2":{"start":{"line":28,"column":4},"end":{"line":28,"column":14}},"3":{"start":{"line":33,"column":4},"end":{"line":60,"column":9}},"4":{"start":{"line":35,"column":8},"end":{"line":35,"column":19}},"5":{"start":{"line":37,"column":8},"end":{"line":49,"column":13}},"6":{"start":{"line":38,"column":12},"end":{"line":48,"column":13}},"7":{"start":{"line":39,"column":16},"end":{"line":42,"column":30}},"8":{"start":{"line":44,"column":16},"end":{"line":47,"column":27}},"9":{"start":{"line":51,"column":8},"end":{"line":53,"column":21}},"10":{"start":{"line":55,"column":8},"end":{"line":57,"column":45}},"11":{"start":{"line":59,"column":8},"end":{"line":59,"column":35}},"12":{"start":{"line":61,"column":4},"end":{"line":324,"column":5}},"13":{"start":{"line":69,"column":8},"end":{"line":121,"column":10},"skip":true},"14":{"start":{"line":70,"column":12},"end":{"line":88,"column":13},"skip":true},"15":{"start":{"line":76,"column":16},"end":{"line":87,"column":19},"skip":true},"16":{"start":{"line":79,"column":20},"end":{"line":86,"column":21},"skip":true},"17":{"start":{"line":82,"column":24},"end":{"line":82,"column":43},"skip":true},"18":{"start":{"line":83,"column":24},"end":{"line":83,"column":30},"skip":true},"19":{"start":{"line":85,"column":24},"end":{"line":85,"column":49},"skip":true},"20":{"start":{"line":89,"column":12},"end":{"line":107,"column":13},"skip":true},"21":{"start":{"line":92,"column":16},"end":{"line":102,"column":17},"skip":true},"22":{"start":{"line":93,"column":20},"end":{"line":93,"column":86},"skip":true},"23":{"start":{"line":94,"column":20},"end":{"line":95,"column":45},"skip":true},"24":{"start":{"line":96,"column":20},"end":{"line":96,"column":42},"skip":true},"25":{"start":{"line":97,"column":20},"end":{"line":97,"column":48},"skip":true},"26":{"start":{"line":100,"column":20},"end":{"line":100,"column":85},"skip":true},"27":{"start":{"line":101,"column":20},"end":{"line":101,"column":96},"skip":true},"28":{"start":{"line":103,"column":16},"end":{"line":103,"column":22},"skip":true},"29":{"start":{"line":106,"column":16},"end":{"line":106,"column":22},"skip":true},"30":{"start":{"line":108,"column":12},"end":{"line":120,"column":13},"skip":true},"31":{"start":{"line":114,"column":16},"end":{"line":119,"column":17},"skip":true},"32":{"start":{"line":116,"column":20},"end":{"line":116,"column":78},"skip":true},"33":{"start":{"line":118,"column":20},"end":{"line":118,"column":47},"skip":true},"34":{"start":{"line":123,"column":8},"end":{"line":141,"column":11},"skip":true},"35":{"start":{"line":124,"column":12},"end":{"line":124,"column":54},"skip":true},"36":{"start":{"line":125,"column":12},"end":{"line":140,"column":14},"skip":true},"37":{"start":{"line":126,"column":16},"end":{"line":126,"column":28},"skip":true},"38":{"start":{"line":127,"column":16},"end":{"line":127,"column":69},"skip":true},"39":{"start":{"line":128,"column":16},"end":{"line":128,"column":75},"skip":true},"40":{"start":{"line":129,"column":16},"end":{"line":131,"column":17},"skip":true},"41":{"start":{"line":130,"column":20},"end":{"line":130,"column":27},"skip":true},"42":{"start":{"line":133,"column":16},"end":{"line":137,"column":36},"skip":true},"43":{"start":{"line":134,"column":20},"end":{"line":136,"column":55},"skip":true},"44":{"start":{"line":139,"column":16},"end":{"line":139,"column":57},"skip":true},"45":{"start":{"line":143,"column":8},"end":{"line":147,"column":11},"skip":true},"46":{"start":{"line":144,"column":12},"end":{"line":146,"column":15},"skip":true},"47":{"start":{"line":145,"column":16},"end":{"line":145,"column":70},"skip":true},"48":{"start":{"line":149,"column":8},"end":{"line":149,"column":31},"skip":true},"49":{"start":{"line":150,"column":8},"end":{"line":150,"column":14},"skip":true},"50":{"start":{"line":158,"column":8},"end":{"line":158,"column":31},"skip":true},"51":{"start":{"line":160,"column":8},"end":{"line":160,"column":33},"skip":true},"52":{"start":{"line":161,"column":8},"end":{"line":161,"column":37},"skip":true},"53":{"start":{"line":162,"column":8},"end":{"line":162,"column":35},"skip":true},"54":{"start":{"line":164,"column":8},"end":{"line":164,"column":50},"skip":true},"55":{"start":{"line":166,"column":8},"end":{"line":256,"column":2},"skip":true},"56":{"start":{"line":258,"column":8},"end":{"line":286,"column":9},"skip":true},"57":{"start":{"line":259,"column":12},"end":{"line":269,"column":14},"skip":true},"58":{"start":{"line":271,"column":12},"end":{"line":285,"column":19},"skip":true},"59":{"start":{"line":274,"column":20},"end":{"line":274,"column":35},"skip":true},"60":{"start":{"line":275,"column":20},"end":{"line":284,"column":21},"skip":true},"61":{"start":{"line":277,"column":24},"end":{"line":277,"column":64},"skip":true},"62":{"start":{"line":279,"column":24},"end":{"line":279,"column":40},"skip":true},"63":{"start":{"line":281,"column":24},"end":{"line":281,"column":40},"skip":true},"64":{"start":{"line":283,"column":24},"end":{"line":283,"column":39},"skip":true},"65":{"start":{"line":288,"column":8},"end":{"line":290,"column":9},"skip":true},"66":{"start":{"line":289,"column":12},"end":{"line":289,"column":18},"skip":true},"67":{"start":{"line":291,"column":8},"end":{"line":293,"column":54},"skip":true},"68":{"start":{"line":294,"column":8},"end":{"line":301,"column":37},"skip":true},"69":{"start":{"line":302,"column":8},"end":{"line":302,"column":82},"skip":true},"70":{"start":{"line":305,"column":8},"end":{"line":307,"column":9},"skip":true},"71":{"start":{"line":306,"column":12},"end":{"line":306,"column":82},"skip":true},"72":{"start":{"line":309,"column":8},"end":{"line":311,"column":9},"skip":true},"73":{"start":{"line":310,"column":12},"end":{"line":310,"column":18},"skip":true},"74":{"start":{"line":312,"column":8},"end":{"line":312,"column":54},"skip":true},"75":{"start":{"line":313,"column":8},"end":{"line":313,"column":69},"skip":true},"76":{"start":{"line":314,"column":8},"end":{"line":322,"column":36},"skip":true},"77":{"start":{"line":315,"column":12},"end":{"line":315,"column":61},"skip":true},"78":{"start":{"line":316,"column":12},"end":{"line":319,"column":13},"skip":true},"79":{"start":{"line":317,"column":16},"end":{"line":317,"column":75},"skip":true},"80":{"start":{"line":318,"column":16},"end":{"line":318,"column":23},"skip":true},"81":{"start":{"line":320,"column":12},"end":{"line":320,"column":38},"skip":true},"82":{"start":{"line":321,"column":12},"end":{"line":321,"column":27},"skip":true},"83":{"start":{"line":323,"column":8},"end":{"line":323,"column":14},"skip":true}},"branchMap":{"1":{"line":39,"type":"binary-expr","locations":[{"start":{"line":39,"column":23},"end":{"line":39,"column":62}},{"start":{"line":40,"column":20},"end":{"line":40,"column":70}},{"start":{"line":41,"column":20},"end":{"line":41,"column":71}},{"start":{"line":42,"column":20},"end":{"line":42,"column":29}}]},"2":{"line":44,"type":"binary-expr","locations":[{"start":{"line":44,"column":23},"end":{"line":44,"column":37}},{"start":{"line":45,"column":20},"end":{"line":45,"column":61}},{"start":{"line":46,"column":20},"end":{"line":46,"column":70}},{"start":{"line":47,"column":20},"end":{"line":47,"column":26}}]},"3":{"line":51,"type":"cond-expr","locations":[{"start":{"line":52,"column":14},"end":{"line":52,"column":20}},{"start":{"line":53,"column":14},"end":{"line":53,"column":20}}]},"4":{"line":55,"type":"binary-expr","locations":[{"start":{"line":55,"column":16},"end":{"line":55,"column":44}},{"start":{"line":55,"column":49},"end":{"line":57,"column":43}}]},"5":{"line":55,"type":"cond-expr","locations":[{"start":{"line":56,"column":14},"end":{"line":56,"column":50}},{"start":{"line":57,"column":14},"end":{"line":57,"column":43}}]},"6":{"line":61,"type":"switch","locations":[{"start":{"line":68,"column":4},"end":{"line":150,"column":14},"skip":true},{"start":{"line":156,"column":4},"end":{"line":323,"column":14},"skip":true}]},"7":{"line":70,"type":"if","locations":[{"start":{"line":70,"column":12},"end":{"line":70,"column":12},"skip":true},{"start":{"line":70,"column":12},"end":{"line":70,"column":12},"skip":true}]},"8":{"line":70,"type":"binary-expr","locations":[{"start":{"line":70,"column":16},"end":{"line":70,"column":22},"skip":true},{"start":{"line":70,"column":27},"end":{"line":70,"column":32},"skip":true},{"start":{"line":71,"column":20},"end":{"line":71,"column":39},"skip":true},{"start":{"line":72,"column":20},"end":{"line":72,"column":49},"skip":true},{"start":{"line":73,"column":20},"end":{"line":73,"column":58},"skip":true},{"start":{"line":74,"column":20},"end":{"line":74,"column":69},"skip":true}]},"9":{"line":79,"type":"switch","locations":[{"start":{"line":80,"column":20},"end":{"line":80,"column":33},"skip":true},{"start":{"line":81,"column":20},"end":{"line":83,"column":30},"skip":true},{"start":{"line":84,"column":20},"end":{"line":85,"column":49},"skip":true}]},"10":{"line":89,"type":"switch","locations":[{"start":{"line":90,"column":12},"end":{"line":103,"column":22},"skip":true},{"start":{"line":105,"column":12},"end":{"line":106,"column":22},"skip":true}]},"11":{"line":89,"type":"binary-expr","locations":[{"start":{"line":89,"column":20},"end":{"line":89,"column":25},"skip":true},{"start":{"line":89,"column":29},"end":{"line":89,"column":48},"skip":true},{"start":{"line":89,"column":52},"end":{"line":89,"column":74},"skip":true}]},"12":{"line":92,"type":"if","locations":[{"start":{"line":92,"column":16},"end":{"line":92,"column":16},"skip":true},{"start":{"line":92,"column":16},"end":{"line":92,"column":16},"skip":true}]},"13":{"line":108,"type":"if","locations":[{"start":{"line":108,"column":12},"end":{"line":108,"column":12},"skip":true},{"start":{"line":108,"column":12},"end":{"line":108,"column":12},"skip":true}]},"14":{"line":108,"type":"binary-expr","locations":[{"start":{"line":108,"column":16},"end":{"line":108,"column":61},"skip":true},{"start":{"line":108,"column":66},"end":{"line":108,"column":72},"skip":true},{"start":{"line":108,"column":77},"end":{"line":108,"column":82},"skip":true},{"start":{"line":109,"column":20},"end":{"line":109,"column":39},"skip":true},{"start":{"line":110,"column":20},"end":{"line":110,"column":49},"skip":true},{"start":{"line":111,"column":20},"end":{"line":111,"column":58},"skip":true},{"start":{"line":112,"column":20},"end":{"line":112,"column":68},"skip":true}]},"15":{"line":129,"type":"if","locations":[{"start":{"line":129,"column":16},"end":{"line":129,"column":16},"skip":true},{"start":{"line":129,"column":16},"end":{"line":129,"column":16},"skip":true}]},"16":{"line":134,"type":"cond-expr","locations":[{"start":{"line":135,"column":26},"end":{"line":135,"column":29},"skip":true},{"start":{"line":136,"column":26},"end":{"line":136,"column":54},"skip":true}]},"17":{"line":164,"type":"binary-expr","locations":[{"start":{"line":164,"column":27},"end":{"line":164,"column":43},"skip":true},{"start":{"line":164,"column":47},"end":{"line":164,"column":49},"skip":true}]},"18":{"line":258,"type":"if","locations":[{"start":{"line":258,"column":8},"end":{"line":258,"column":8},"skip":true},{"start":{"line":258,"column":8},"end":{"line":258,"column":8},"skip":true}]},"19":{"line":275,"type":"switch","locations":[{"start":{"line":276,"column":20},"end":{"line":277,"column":64},"skip":true},{"start":{"line":278,"column":20},"end":{"line":279,"column":40},"skip":true},{"start":{"line":280,"column":20},"end":{"line":281,"column":40},"skip":true},{"start":{"line":282,"column":20},"end":{"line":283,"column":39},"skip":true}]},"20":{"line":288,"type":"if","locations":[{"start":{"line":288,"column":8},"end":{"line":288,"column":8},"skip":true},{"start":{"line":288,"column":8},"end":{"line":288,"column":8},"skip":true}]},"21":{"line":288,"type":"binary-expr","locations":[{"start":{"line":288,"column":12},"end":{"line":288,"column":40},"skip":true},{"start":{"line":288,"column":44},"end":{"line":288,"column":67},"skip":true}]},"22":{"line":292,"type":"binary-expr","locations":[{"start":{"line":292,"column":12},"end":{"line":292,"column":50},"skip":true},{"start":{"line":293,"column":12},"end":{"line":293,"column":53},"skip":true}]},"23":{"line":295,"type":"binary-expr","locations":[{"start":{"line":295,"column":12},"end":{"line":295,"column":64},"skip":true},{"start":{"line":296,"column":12},"end":{"line":301,"column":36},"skip":true}]},"24":{"line":302,"type":"binary-expr","locations":[{"start":{"line":302,"column":43},"end":{"line":302,"column":75},"skip":true},{"start":{"line":302,"column":79},"end":{"line":302,"column":81},"skip":true}]},"25":{"line":305,"type":"if","locations":[{"start":{"line":305,"column":8},"end":{"line":305,"column":8},"skip":true},{"start":{"line":305,"column":8},"end":{"line":305,"column":8},"skip":true}]},"26":{"line":309,"type":"if","locations":[{"start":{"line":309,"column":8},"end":{"line":309,"column":8},"skip":true},{"start":{"line":309,"column":8},"end":{"line":309,"column":8},"skip":true}]},"27":{"line":312,"type":"binary-expr","locations":[{"start":{"line":312,"column":27},"end":{"line":312,"column":43},"skip":true},{"start":{"line":312,"column":47},"end":{"line":312,"column":53},"skip":true}]},"28":{"line":316,"type":"if","locations":[{"start":{"line":316,"column":12},"end":{"line":316,"column":12},"skip":true},{"start":{"line":316,"column":12},"end":{"line":316,"column":12},"skip":true}]}},"code":["/*","example.js","","quickstart example","","instruction","    1. save this script as example.js","    2. run the shell command:","        $ npm install npmtest-testem && PORT=8081 node example.js","    3. play with the browser-demo on http://127.0.0.1:8081","*/","","","","/* istanbul instrument in package npmtest_testem */","/*jslint","    bitwise: true,","    browser: true,","    maxerr: 8,","    maxlen: 96,","    node: true,","    nomen: true,","    regexp: true,","    stupid: true","*/","(function () {","    'use strict';","    var local;","","","","    // run shared js-env code - pre-init","    (function () {","        // init local","        local = {};","        // init modeJs","        local.modeJs = (function () {","            try {","                return typeof navigator.userAgent === 'string' &&","                    typeof document.querySelector('body') === 'object' &&","                    typeof XMLHttpRequest.prototype.open === 'function' &&","                    'browser';","            } catch (errorCaughtBrowser) {","                return module.exports &&","                    typeof process.versions.node === 'string' &&","                    typeof require('http').createServer === 'function' &&","                    'node';","            }","        }());","        // init global","        local.global = local.modeJs === 'browser'","            ? window","            : global;","        // init utility2_rollup","        local = local.global.utility2_rollup || (local.modeJs === 'browser'","            ? local.global.utility2_npmtest_testem","            : global.utility2_moduleExports);","        // export local","        local.global.local = local;","    }());","    switch (local.modeJs) {","","","","    // post-init","    // run browser js-env code - post-init","    /* istanbul ignore next */","    case 'browser':","        local.testRunBrowser = function (event) {","            if (!event || (event &&","                    event.currentTarget &&","                    event.currentTarget.className &&","                    event.currentTarget.className.includes &&","                    event.currentTarget.className.includes('onreset'))) {","                // reset output","                Array.from(","                    document.querySelectorAll('body > .resettable')","                ).forEach(function (element) {","                    switch (element.tagName) {","                    case 'INPUT':","                    case 'TEXTAREA':","                        element.value = '';","                        break;","                    default:","                        element.textContent = '';","                    }","                });","            }","            switch (event && event.currentTarget && event.currentTarget.id) {","            case 'testRunButton1':","                // show tests","                if (document.querySelector('#testReportDiv1').style.display === 'none') {","                    document.querySelector('#testReportDiv1').style.display = 'block';","                    document.querySelector('#testRunButton1').textContent =","                        'hide internal test';","                    local.modeTest = true;","                    local.testRunDefault(local);","                // hide tests","                } else {","                    document.querySelector('#testReportDiv1').style.display = 'none';","                    document.querySelector('#testRunButton1').textContent = 'run internal test';","                }","                break;","            // custom-case","            default:","                break;","            }","            if (document.querySelector('#inputTextareaEval1') && (!event || (event &&","                    event.currentTarget &&","                    event.currentTarget.className &&","                    event.currentTarget.className.includes &&","                    event.currentTarget.className.includes('oneval')))) {","                // try to eval input-code","                try {","                    /*jslint evil: true*/","                    eval(document.querySelector('#inputTextareaEval1').value);","                } catch (errorCaught) {","                    console.error(errorCaught);","                }","            }","        };","        // log stderr and stdout to #outputTextareaStdout1","        ['error', 'log'].forEach(function (key) {","            console[key + '_original'] = console[key];","            console[key] = function () {","                var element;","                console[key + '_original'].apply(console, arguments);","                element = document.querySelector('#outputTextareaStdout1');","                if (!element) {","                    return;","                }","                // append text to #outputTextareaStdout1","                element.value += Array.from(arguments).map(function (arg) {","                    return typeof arg === 'string'","                        ? arg","                        : JSON.stringify(arg, null, 4);","                }).join(' ') + '\\n';","                // scroll textarea to bottom","                element.scrollTop = element.scrollHeight;","            };","        });","        // init event-handling","        ['change', 'click', 'keyup'].forEach(function (event) {","            Array.from(document.querySelectorAll('.on' + event)).forEach(function (element) {","                element.addEventListener(event, local.testRunBrowser);","            });","        });","        // run tests","        local.testRunBrowser();","        break;","","","","    // run node js-env code - post-init","    /* istanbul ignore next */","    case 'node':","        // export local","        module.exports = local;","        // require modules","        local.fs = require('fs');","        local.http = require('http');","        local.url = require('url');","        // init assets","        local.assetsDict = local.assetsDict || {};","        /* jslint-ignore-begin */","        local.assetsDict['/assets.index.template.html'] = '\\","<!doctype html>\\n\\","<html lang=\"en\">\\n\\","<head>\\n\\","<meta charset=\"UTF-8\">\\n\\","<meta name=\"viewport\" content=\"width=device-width, initial-scale=1\">\\n\\","<title>{{env.npm_package_name}} (v{{env.npm_package_version}})</title>\\n\\","<style>\\n\\","/*csslint\\n\\","    box-sizing: false,\\n\\","    universal-selector: false\\n\\","*/\\n\\","* {\\n\\","    box-sizing: border-box;\\n\\","}\\n\\","body {\\n\\","    background: #dde;\\n\\","    font-family: Arial, Helvetica, sans-serif;\\n\\","    margin: 2rem;\\n\\","}\\n\\","body > * {\\n\\","    margin-bottom: 1rem;\\n\\","}\\n\\",".utility2FooterDiv {\\n\\","    margin-top: 20px;\\n\\","    text-align: center;\\n\\","}\\n\\","</style>\\n\\","<style>\\n\\","/*csslint\\n\\","*/\\n\\","textarea {\\n\\","    font-family: monospace;\\n\\","    height: 10rem;\\n\\","    width: 100%;\\n\\","}\\n\\","textarea[readonly] {\\n\\","    background: #ddd;\\n\\","}\\n\\","</style>\\n\\","</head>\\n\\","<body>\\n\\","<!-- utility2-comment\\n\\","<div id=\"ajaxProgressDiv1\" style=\"background: #d00; height: 2px; left: 0; margin: 0; padding: 0; position: fixed; top: 0; transition: background 0.5s, width 1.5s; width: 25%;\"></div>\\n\\","utility2-comment -->\\n\\","<h1>\\n\\","<!-- utility2-comment\\n\\","    <a\\n\\","        {{#if env.npm_package_homepage}}\\n\\","        href=\"{{env.npm_package_homepage}}\"\\n\\","        {{/if env.npm_package_homepage}}\\n\\","        target=\"_blank\"\\n\\","    >\\n\\","utility2-comment -->\\n\\","        {{env.npm_package_name}} (v{{env.npm_package_version}})\\n\\","<!-- utility2-comment\\n\\","    </a>\\n\\","utility2-comment -->\\n\\","</h1>\\n\\","<h3>{{env.npm_package_description}}</h3>\\n\\","<!-- utility2-comment\\n\\","<h4><a download href=\"assets.app.js\">download standalone app</a></h4>\\n\\","<button class=\"onclick onreset\" id=\"testRunButton1\">run internal test</button><br>\\n\\","<div id=\"testReportDiv1\" style=\"display: none;\"></div>\\n\\","utility2-comment -->\\n\\","\\n\\","\\n\\","\\n\\","<label>stderr and stdout</label>\\n\\","<textarea class=\"resettable\" id=\"outputTextareaStdout1\" readonly></textarea>\\n\\","<!-- utility2-comment\\n\\","{{#if isRollup}}\\n\\","<script src=\"assets.app.js\"></script>\\n\\","{{#unless isRollup}}\\n\\","utility2-comment -->\\n\\","<script src=\"assets.utility2.rollup.js\"></script>\\n\\","<script src=\"jsonp.utility2._stateInit?callback=window.utility2._stateInit\"></script>\\n\\","<script src=\"assets.npmtest_testem.rollup.js\"></script>\\n\\","<script src=\"assets.example.js\"></script>\\n\\","<script src=\"assets.test.js\"></script>\\n\\","<!-- utility2-comment\\n\\","{{/if isRollup}}\\n\\","utility2-comment -->\\n\\","<div class=\"utility2FooterDiv\">\\n\\","    [ this app was created with\\n\\","    <a href=\"https://github.com/kaizhu256/node-utility2\" target=\"_blank\">utility2</a>\\n\\","    ]\\n\\","</div>\\n\\","</body>\\n\\","</html>\\n\\","';","        /* jslint-ignore-end */","        if (local.templateRender) {","            local.assetsDict['/'] = local.templateRender(","                local.assetsDict['/assets.index.template.html'],","                {","                    env: local.objectSetDefault(local.env, {","                        npm_package_description: 'the greatest app in the world!',","                        npm_package_name: 'my-app',","                        npm_package_nameAlias: 'my_app',","                        npm_package_version: '0.0.1'","                    })","                }","            );","        } else {","            local.assetsDict['/'] = local.assetsDict['/assets.index.template.html']","                .replace((/\\{\\{env\\.(\\w+?)\\}\\}/g), function (match0, match1) {","                    // jslint-hack","                    String(match0);","                    switch (match1) {","                    case 'npm_package_description':","                        return 'the greatest app in the world!';","                    case 'npm_package_name':","                        return 'my-app';","                    case 'npm_package_nameAlias':","                        return 'my_app';","                    case 'npm_package_version':","                        return '0.0.1';","                    }","                });","        }","        // run the cli","        if (local.global.utility2_rollup || module !== require.main) {","            break;","        }","        local.assetsDict['/assets.example.js'] =","            local.assetsDict['/assets.example.js'] ||","            local.fs.readFileSync(__filename, 'utf8');","        local.assetsDict['/assets.npmtest_testem.rollup.js'] =","            local.assetsDict['/assets.npmtest_testem.rollup.js'] ||","            local.fs.readFileSync(","                // buildCustomOrg-hack","                local.npmtest_testem.__dirname +","                    '/lib.npmtest_testem.js',","                'utf8'","            ).replace((/^#!/), '//');","        local.assetsDict['/favicon.ico'] = local.assetsDict['/favicon.ico'] || '';","        // if $npm_config_timeout_exit exists,","        // then exit this process after $npm_config_timeout_exit ms","        if (Number(process.env.npm_config_timeout_exit)) {","            setTimeout(process.exit, Number(process.env.npm_config_timeout_exit));","        }","        // start server","        if (local.global.utility2_serverHttp1) {","            break;","        }","        process.env.PORT = process.env.PORT || '8081';","        console.error('server starting on port ' + process.env.PORT);","        local.http.createServer(function (request, response) {","            request.urlParsed = local.url.parse(request.url);","            if (local.assetsDict[request.urlParsed.pathname] !== undefined) {","                response.end(local.assetsDict[request.urlParsed.pathname]);","                return;","            }","            response.statusCode = 404;","            response.end();","        }).listen(process.env.PORT);","        break;","    }","}());",""],"l":{"26":2,"28":2,"33":2,"35":2,"37":2,"38":2,"39":2,"44":1,"51":2,"55":2,"59":2,"61":2,"69":1,"70":2,"76":2,"79":2,"82":2,"83":2,"85":1,"89":2,"92":1,"93":1,"94":1,"96":1,"97":1,"100":1,"101":1,"103":1,"106":1,"108":2,"114":1,"116":1,"118":1,"123":1,"124":2,"125":2,"126":2,"127":2,"128":2,"129":2,"130":1,"133":2,"134":2,"139":2,"143":1,"144":3,"145":1,"149":1,"150":1,"158":1,"160":1,"161":1,"162":1,"164":1,"166":1,"258":1,"259":1,"271":1,"274":6,"275":6,"277":1,"279":2,"281":1,"283":2,"288":1,"289":1,"291":1,"294":1,"302":1,"305":1,"306":1,"309":1,"310":1,"312":1,"313":1,"314":1,"315":1,"316":1,"317":1,"318":1,"320":1,"321":1,"323":1}},"/home/travis/build/npmtest/node-npmtest-testem/node_modules/testem/lib/api.js":{"path":"/home/travis/build/npmtest/node-npmtest-testem/node_modules/testem/lib/api.js","s":{"1":1,"2":1,"3":1,"4":1,"5":1,"6":1,"7":1,"8":1,"9":1,"10":1,"11":1,"12":1,"13":1,"14":1,"15":1,"16":1,"17":1,"18":1,"19":0,"20":1,"21":1,"22":1,"23":1,"24":1,"25":1,"26":1,"27":0,"28":1,"29":0,"30":0,"31":1,"32":0,"33":0,"34":0,"35":0,"36":0,"37":0,"38":0,"39":1},"b":{"1":[0,1]},"f":{"1":1,"2":1,"3":1,"4":1,"5":32,"6":1,"7":0,"8":0,"9":0,"10":0,"11":0},"fnMap":{"1":{"name":"Api","line":51,"loc":{"start":{"line":51,"column":0},"end":{"line":51,"column":15}}},"2":{"name":"(anonymous_2)","line":53,"loc":{"start":{"line":53,"column":22},"end":{"line":53,"column":48}}},"3":{"name":"(anonymous_3)","line":58,"loc":{"start":{"line":58,"column":19},"end":{"line":58,"column":30}}},"4":{"name":"(anonymous_4)","line":64,"loc":{"start":{"line":64,"column":33},"end":{"line":64,"column":44}}},"5":{"name":"(anonymous_5)","line":70,"loc":{"start":{"line":70,"column":23},"end":{"line":70,"column":34}}},"6":{"name":"(anonymous_6)","line":75,"loc":{"start":{"line":75,"column":25},"end":{"line":75,"column":54}}},"7":{"name":"(anonymous_7)","line":80,"loc":{"start":{"line":80,"column":24},"end":{"line":80,"column":35}}},"8":{"name":"(anonymous_8)","line":84,"loc":{"start":{"line":84,"column":24},"end":{"line":84,"column":53}}},"9":{"name":"(anonymous_9)","line":89,"loc":{"start":{"line":89,"column":28},"end":{"line":89,"column":46}}},"10":{"name":"(anonymous_10)","line":92,"loc":{"start":{"line":92,"column":14},"end":{"line":92,"column":25}}},"11":{"name":"(anonymous_11)","line":95,"loc":{"start":{"line":95,"column":30},"end":{"line":95,"column":41}}}},"statementMap":{"1":{"start":{"line":3,"column":0},"end":{"line":3,"column":28}},"2":{"start":{"line":4,"column":0},"end":{"line":4,"column":33}},"3":{"start":{"line":5,"column":0},"end":{"line":5,"column":50}},"4":{"start":{"line":6,"column":0},"end":{"line":6,"column":23}},"5":{"start":{"line":7,"column":0},"end":{"line":7,"column":27}},"6":{"start":{"line":8,"column":0},"end":{"line":8,"column":33}},"7":{"start":{"line":51,"column":0},"end":{"line":51,"column":17}},"8":{"start":{"line":53,"column":0},"end":{"line":62,"column":2}},"9":{"start":{"line":54,"column":2},"end":{"line":54,"column":18}},"10":{"start":{"line":55,"column":2},"end":{"line":55,"column":47}},"11":{"start":{"line":56,"column":2},"end":{"line":56,"column":26}},"12":{"start":{"line":57,"column":2},"end":{"line":57,"column":34}},"13":{"start":{"line":58,"column":2},"end":{"line":61,"column":5}},"14":{"start":{"line":59,"column":4},"end":{"line":59,"column":47}},"15":{"start":{"line":60,"column":4},"end":{"line":60,"column":21}},"16":{"start":{"line":64,"column":0},"end":{"line":73,"column":2}},"17":{"start":{"line":65,"column":2},"end":{"line":65,"column":39}},"18":{"start":{"line":66,"column":2},"end":{"line":72,"column":3}},"19":{"start":{"line":67,"column":4},"end":{"line":67,"column":45}},"20":{"start":{"line":69,"column":4},"end":{"line":69,"column":40}},"21":{"start":{"line":70,"column":4},"end":{"line":70,"column":37}},"22":{"start":{"line":71,"column":4},"end":{"line":71,"column":28}},"23":{"start":{"line":75,"column":0},"end":{"line":78,"column":2}},"24":{"start":{"line":76,"column":2},"end":{"line":76,"column":25}},"25":{"start":{"line":77,"column":2},"end":{"line":77,"column":31}},"26":{"start":{"line":80,"column":0},"end":{"line":82,"column":2}},"27":{"start":{"line":81,"column":2},"end":{"line":81,"column":38}},"28":{"start":{"line":84,"column":0},"end":{"line":87,"column":2}},"29":{"start":{"line":85,"column":2},"end":{"line":85,"column":25}},"30":{"start":{"line":86,"column":2},"end":{"line":86,"column":30}},"31":{"start":{"line":89,"column":0},"end":{"line":99,"column":2}},"32":{"start":{"line":90,"column":2},"end":{"line":90,"column":25}},"33":{"start":{"line":91,"column":2},"end":{"line":91,"column":64}},"34":{"start":{"line":92,"column":2},"end":{"line":98,"column":5}},"35":{"start":{"line":93,"column":4},"end":{"line":93,"column":36}},"36":{"start":{"line":94,"column":4},"end":{"line":94,"column":19}},"37":{"start":{"line":95,"column":4},"end":{"line":97,"column":7}},"38":{"start":{"line":96,"column":6},"end":{"line":96,"column":77}},"39":{"start":{"line":101,"column":0},"end":{"line":101,"column":21}}},"branchMap":{"1":{"line":66,"type":"if","locations":[{"start":{"line":66,"column":2},"end":{"line":66,"column":2}},{"start":{"line":66,"column":2},"end":{"line":66,"column":2}}]}},"code":["'use strict';","","var log = require('npmlog');","var Config = require('./config');","var EventEmitter = require('events').EventEmitter;","var fs = require('fs');","var App = require('./app');","var Server = require('./server');","","/*","  CLI-level options:","","  file:                 [String]  configuration file (testem.json, .testem.json, testem.yml, .testem.yml)","  host:                 [String]  server host to use (localhost)","  port:                 [Number]  server port to use (7357)","  launch:               [Array]   list of launchers to use for current runs (defaults to current mode)","  skip:                 [Array]   list of launchers to skip","  debug:                [Boolean] debug mode (false)","  test_page:            [String|Array]  path (or list of paths) to the page (or pages) to use to run tests","  growl:                [Boolean] enables growl / native notifications (false)","","  Config-level options:","","  launchers:            [Object]  List of custom launchers","  launch_in_dev:        [Array]   list of launchers to use for dev runs","  launch_in_ci:         [Array]   list of launchers to use for CI runs","  timeout:              [Number]  timeout for a browser","  framework:            [String]  test framework to use","  url:                  [String]  url server runs at (http://{host}:{port}/)","  src_files:            [Array]   list of files or file patterns to use","  src_files_ignore:     [Array]   list of files or file patterns to exclude from usage","  serve_files:          [Array]   list of files or file patterns to inject into test playground (defaults to src_files)","  watch_files:          [Array]   list of files or file patterns to watch changes of (defaults to src_files)","  css_files:            [Array]   additional stylesheets to include","  cwd:                  [Path]    directory to use as root","  config_dir:           [Path]    directory to use as root for resolving configs, if different than cwd","  query_params:         [Object]  Object map defining query params to add to the test page. Can be query string also.","  parallel:             [Number]  max number of parallel runners (1)","  routes:               [Object]  overrides for assets paths","  fail_on_zero_tests:   [Boolean] whether process should exit with error status when no tests found","  unsafe_file_serving:  [Boolean] allow serving directories that are not in your CWD (false)","","  Available hooks:","","  on_start:             Runs on suite startup","  before_tests:         Runs before every run of tests","  after_tests:          Runs after every run of tests","  on_exit:              Runs before suite exits","*/","","function Api() {}","","Api.prototype.setup = function(mode, finalizer) {","  var self = this;","  this.config = new Config(mode, this.options);","  this.configureLogging();","  log.info('Test\\'em starting..');","  this.config.read(function() {","    self.app = new App(self.config, finalizer);","    self.app.start();","  });","};","","Api.prototype.configureLogging = function() {","  var debug = this.config.get('debug');","  if (debug) {","    log.stream = fs.createWriteStream(debug);","  } else {","    var fakeStream = new EventEmitter();","    fakeStream.write = function() {};","    log.stream = fakeStream;","  }","};","","Api.prototype.startDev = function(options, finalizer) {","  this.options = options;","  this.setup('dev', finalizer);","};","","Api.prototype.restart = function() {","  this.app.triggerRun('Api: restart');","};","","Api.prototype.startCI = function(options, finalizer) {","  this.options = options;","  this.setup('ci', finalizer);","};","","Api.prototype.startServer = function(options) {","  this.options = options;","  var config = this.config = new Config('server', this.options);","  config.read(function() {","    var server = new Server(config);","    server.start();","    server.on('server-start', function() {","      console.log('Open ' + config.get('url') + ' in a browser to connect.');","    });","  });","};","","module.exports = Api;",""],"l":{"3":1,"4":1,"5":1,"6":1,"7":1,"8":1,"51":1,"53":1,"54":1,"55":1,"56":1,"57":1,"58":1,"59":1,"60":1,"64":1,"65":1,"66":1,"67":0,"69":1,"70":1,"71":1,"75":1,"76":1,"77":1,"80":1,"81":0,"84":1,"85":0,"86":0,"89":1,"90":0,"91":0,"92":0,"93":0,"94":0,"95":0,"96":0,"101":1}},"/home/travis/build/npmtest/node-npmtest-testem/node_modules/testem/lib/config.js":{"path":"/home/travis/build/npmtest/node-npmtest-testem/node_modules/testem/lib/config.js","s":{"1":1,"2":1,"3":1,"4":1,"5":1,"6":1,"7":1,"8":1,"9":1,"10":1,"11":1,"12":1,"13":1,"14":1,"15":1,"16":1,"17":1,"18":1,"19":2,"20":2,"21":2,"22":2,"23":2,"24":2,"25":2,"26":2,"27":2,"28":0,"29":2,"30":0,"31":0,"32":1,"33":1,"34":1,"35":0,"36":1,"37":1,"38":1,"39":1,"40":1,"41":0,"42":1,"43":1,"44":1,"45":6,"46":0,"47":6,"48":1,"49":6,"50":0,"51":6,"52":1,"53":0,"54":1,"55":6,"56":1,"57":0,"58":0,"59":0,"60":0,"61":0,"62":0,"63":0,"64":0,"65":0,"66":0,"67":0,"68":0,"69":0,"70":1,"71":0,"72":0,"73":0,"74":1,"75":0,"76":0,"77":0,"78":0,"79":0,"80":0,"81":0,"82":1,"83":0,"84":0,"85":0,"86":0,"87":0,"88":0,"89":0,"90":0,"91":1,"92":3,"93":3,"94":0,"95":3,"96":1,"97":2,"98":2,"99":0,"100":0,"101":0,"102":0,"103":0,"104":0,"105":0,"106":0,"107":0,"108":0,"109":0,"110":0,"111":1,"112":2,"113":2,"114":2,"115":2,"116":2,"117":2,"118":2,"119":1,"120":51,"121":1,"122":50,"123":2,"124":48,"125":0,"126":48,"127":9,"128":9,"129":3,"130":6,"131":1,"132":49,"133":49,"134":49,"135":2,"136":47,"137":1,"138":1,"139":0,"140":1,"141":1,"142":1,"143":1,"144":1,"145":1,"146":1,"147":1,"148":0,"149":1,"150":1,"151":4,"152":4,"153":1,"154":1,"155":0,"156":0,"157":0,"158":1,"159":1,"160":1,"161":1,"162":1,"163":0,"164":1,"165":1,"166":1,"167":1,"168":0,"169":1,"170":1,"171":0,"172":1,"173":1,"174":0,"175":0,"176":0,"177":1,"178":1,"179":1,"180":1,"181":1,"182":1,"183":1,"184":0,"185":0,"186":0,"187":0,"188":0,"189":0,"190":1,"191":1,"192":0,"193":0,"194":0,"195":0,"196":0,"197":0,"198":0,"199":0,"200":0,"201":0,"202":0,"203":0,"204":0,"205":0,"206":0,"207":0,"208":0,"209":0,"210":0,"211":0,"212":1,"213":0,"214":0,"215":0,"216":0,"217":0,"218":0,"219":0,"220":0,"221":0,"222":0,"223":0,"224":0,"225":0,"226":0,"227":0,"228":0,"229":0,"230":0,"231":0,"232":0,"233":0,"234":0,"235":0,"236":0,"237":0,"238":1,"239":0,"240":0,"241":0,"242":1,"243":0,"244":0,"245":0,"246":1,"247":0,"248":0,"249":0,"250":1,"251":1,"252":1,"253":0,"254":0,"255":1,"256":0,"257":1,"258":0,"259":0,"260":0,"261":0,"262":0,"263":0,"264":0,"265":0,"266":1,"267":0,"268":0,"269":0,"270":0,"271":0,"272":0,"273":0,"274":0,"275":0,"276":0,"277":0,"278":0,"279":0,"280":0,"281":0,"282":0,"283":0,"284":0,"285":1},"b":{"1":[2,0],"2":[2,2],"3":[2,0],"4":[0,2],"5":[0,2],"6":[0,1],"7":[0,1],"8":[1,0],"9":[0,6],"10":[0,6],"11":[6,6],"12":[0,0],"13":[0,0],"14":[0,0],"15":[0,0],"16":[0,0],"17":[0,0],"18":[0,0],"19":[0,0],"20":[0,0],"21":[0,0],"22":[0,0],"23":[0,3],"24":[3,3],"25":[2,0],"26":[0,0],"27":[0,0],"28":[0,0],"29":[2,0],"30":[1,50],"31":[51,51],"32":[2,48],"33":[50,2],"34":[0,48],"35":[48,0],"36":[9,39],"37":[3,6],"38":[49,2],"39":[2,47],"40":[0,1],"41":[1,1],"42":[0,1],"43":[0,1],"44":[0,1],"45":[0,1],"46":[1,0],"47":[1,1],"48":[0,0],"49":[0,1],"50":[0,0],"51":[0,0],"52":[0,0],"53":[0,0],"54":[0,0],"55":[0,0],"56":[0,0],"57":[0,0],"58":[0,0],"59":[0,0],"60":[0,0],"61":[0,0],"62":[0,0],"63":[0,0],"64":[0,0],"65":[0,0],"66":[0,0],"67":[0,0],"68":[0,0],"69":[0,0],"70":[0,0],"71":[0,0,0],"72":[0,0,0],"73":[0,0],"74":[1,0],"75":[0,0],"76":[0,0],"77":[0,0],"78":[0,0],"79":[0,0]},"f":{"1":2,"2":1,"3":1,"4":6,"5":6,"6":0,"7":6,"8":0,"9":0,"10":0,"11":0,"12":0,"13":0,"14":3,"15":2,"16":0,"17":2,"18":2,"19":51,"20":49,"21":1,"22":1,"23":1,"24":1,"25":4,"26":1,"27":1,"28":1,"29":0,"30":1,"31":0,"32":0,"33":0,"34":0,"35":0,"36":0,"37":0,"38":0,"39":0,"40":0,"41":0,"42":0,"43":0,"44":0,"45":0,"46":0,"47":1,"48":0,"49":0,"50":0,"51":0,"52":0,"53":0,"54":0,"55":0},"fnMap":{"1":{"name":"Config","line":33,"loc":{"start":{"line":33,"column":0},"end":{"line":33,"column":46}}},"2":{"name":"(anonymous_2)","line":57,"loc":{"start":{"line":57,"column":24},"end":{"line":57,"column":43}}},"3":{"name":"(anonymous_3)","line":68,"loc":{"start":{"line":68,"column":90},"end":{"line":68,"column":108}}},"4":{"name":"(anonymous_4)","line":81,"loc":{"start":{"line":81,"column":31},"end":{"line":81,"column":50}}},"5":{"name":"(anonymous_5)","line":89,"loc":{"start":{"line":89,"column":37},"end":{"line":89,"column":56}}},"6":{"name":"(anonymous_6)","line":97,"loc":{"start":{"line":97,"column":38},"end":{"line":97,"column":57}}},"7":{"name":"(anonymous_7)","line":101,"loc":{"start":{"line":101,"column":23},"end":{"line":101,"column":34}}},"8":{"name":"(anonymous_8)","line":105,"loc":{"start":{"line":105,"column":34},"end":{"line":105,"column":65}}},"9":{"name":"(anonymous_9)","line":125,"loc":{"start":{"line":125,"column":26},"end":{"line":125,"column":57}}},"10":{"name":"(anonymous_10)","line":132,"loc":{"start":{"line":132,"column":28},"end":{"line":132,"column":59}}},"11":{"name":"(anonymous_11)","line":134,"loc":{"start":{"line":134,"column":26},"end":{"line":134,"column":46}}},"12":{"name":"(anonymous_12)","line":145,"loc":{"start":{"line":145,"column":28},"end":{"line":145,"column":59}}},"13":{"name":"(anonymous_13)","line":147,"loc":{"start":{"line":147,"column":26},"end":{"line":147,"column":46}}},"14":{"name":"(anonymous_14)","line":162,"loc":{"start":{"line":162,"column":7},"end":{"line":162,"column":18}}},"15":{"name":"(anonymous_15)","line":176,"loc":{"start":{"line":176,"column":42},"end":{"line":176,"column":78}}},"16":{"name":"(anonymous_16)","line":190,"loc":{"start":{"line":190,"column":38},"end":{"line":190,"column":54}}},"17":{"name":"(anonymous_17)","line":201,"loc":{"start":{"line":201,"column":31},"end":{"line":201,"column":42}}},"18":{"name":"(anonymous_18)","line":210,"loc":{"start":{"line":210,"column":22},"end":{"line":210,"column":37}}},"19":{"name":"(anonymous_19)","line":215,"loc":{"start":{"line":215,"column":37},"end":{"line":215,"column":51}}},"20":{"name":"(anonymous_20)","line":235,"loc":{"start":{"line":235,"column":23},"end":{"line":235,"column":37}}},"21":{"name":"(anonymous_21)","line":245,"loc":{"start":{"line":245,"column":23},"end":{"line":245,"column":44}}},"22":{"name":"(anonymous_22)","line":252,"loc":{"start":{"line":252,"column":29},"end":{"line":252,"column":40}}},"23":{"name":"(anonymous_23)","line":256,"loc":{"start":{"line":256,"column":41},"end":{"line":256,"column":54}}},"24":{"name":"(anonymous_24)","line":260,"loc":{"start":{"line":260,"column":56},"end":{"line":260,"column":89}}},"25":{"name":"(anonymous_25)","line":266,"loc":{"start":{"line":266,"column":30},"end":{"line":266,"column":48}}},"26":{"name":"(anonymous_26)","line":283,"loc":{"start":{"line":283,"column":32},"end":{"line":283,"column":45}}},"27":{"name":"(anonymous_27)","line":285,"loc":{"start":{"line":285,"column":29},"end":{"line":285,"column":63}}},"28":{"name":"(anonymous_28)","line":294,"loc":{"start":{"line":294,"column":42},"end":{"line":294,"column":62}}},"29":{"name":"(anonymous_29)","line":307,"loc":{"start":{"line":307,"column":33},"end":{"line":307,"column":48}}},"30":{"name":"(anonymous_30)","line":314,"loc":{"start":{"line":314,"column":38},"end":{"line":314,"column":62}}},"31":{"name":"(anonymous_31)","line":320,"loc":{"start":{"line":320,"column":17},"end":{"line":320,"column":32}}},"32":{"name":"(anonymous_32)","line":335,"loc":{"start":{"line":335,"column":37},"end":{"line":335,"column":48}}},"33":{"name":"(anonymous_33)","line":337,"loc":{"start":{"line":337,"column":29},"end":{"line":337,"column":54}}},"34":{"name":"(anonymous_34)","line":339,"loc":{"start":{"line":339,"column":11},"end":{"line":339,"column":23}}},"35":{"name":"(anonymous_35)","line":342,"loc":{"start":{"line":342,"column":38},"end":{"line":342,"column":50}}},"36":{"name":"(anonymous_36)","line":344,"loc":{"start":{"line":344,"column":43},"end":{"line":344,"column":55}}},"37":{"name":"(anonymous_37)","line":349,"loc":{"start":{"line":349,"column":30},"end":{"line":349,"column":49}}},"38":{"name":"(anonymous_38)","line":368,"loc":{"start":{"line":368,"column":30},"end":{"line":368,"column":65}}},"39":{"name":"(anonymous_39)","line":380,"loc":{"start":{"line":380,"column":15},"end":{"line":380,"column":38}}},"40":{"name":"(anonymous_40)","line":389,"loc":{"start":{"line":389,"column":26},"end":{"line":389,"column":38}}},"41":{"name":"(anonymous_41)","line":392,"loc":{"start":{"line":392,"column":33},"end":{"line":392,"column":70}}},"42":{"name":"(anonymous_42)","line":403,"loc":{"start":{"line":403,"column":75},"end":{"line":403,"column":91}}},"43":{"name":"(anonymous_43)","line":404,"loc":{"start":{"line":404,"column":43},"end":{"line":404,"column":55}}},"44":{"name":"(anonymous_44)","line":412,"loc":{"start":{"line":412,"column":31},"end":{"line":412,"column":50}}},"45":{"name":"(anonymous_45)","line":418,"loc":{"start":{"line":418,"column":33},"end":{"line":418,"column":52}}},"46":{"name":"(anonymous_46)","line":424,"loc":{"start":{"line":424,"column":34},"end":{"line":424,"column":45}}},"47":{"name":"(anonymous_47)","line":432,"loc":{"start":{"line":432,"column":30},"end":{"line":432,"column":41}}},"48":{"name":"(anonymous_48)","line":436,"loc":{"start":{"line":436,"column":31},"end":{"line":436,"column":50}}},"49":{"name":"(anonymous_49)","line":441,"loc":{"start":{"line":441,"column":33},"end":{"line":441,"column":44}}},"50":{"name":"getOptions","line":443,"loc":{"start":{"line":443,"column":2},"end":{"line":443,"column":25}}},"51":{"name":"(anonymous_51)","line":448,"loc":{"start":{"line":448,"column":24},"end":{"line":448,"column":36}}},"52":{"name":"(anonymous_52)","line":458,"loc":{"start":{"line":458,"column":35},"end":{"line":458,"column":48}}},"53":{"name":"(anonymous_53)","line":473,"loc":{"start":{"line":473,"column":21},"end":{"line":473,"column":42}}},"54":{"name":"(anonymous_54)","line":474,"loc":{"start":{"line":474,"column":25},"end":{"line":474,"column":37}}},"55":{"name":"(anonymous_55)","line":480,"loc":{"start":{"line":480,"column":21},"end":{"line":480,"column":42}}}},"statementMap":{"1":{"start":{"line":13,"column":0},"end":{"line":13,"column":23}},"2":{"start":{"line":14,"column":0},"end":{"line":14,"column":23}},"3":{"start":{"line":15,"column":0},"end":{"line":15,"column":30}},"4":{"start":{"line":16,"column":0},"end":{"line":16,"column":28}},"5":{"start":{"line":17,"column":0},"end":{"line":17,"column":27}},"6":{"start":{"line":18,"column":0},"end":{"line":18,"column":27}},"7":{"start":{"line":19,"column":0},"end":{"line":19,"column":25}},"8":{"start":{"line":20,"column":0},"end":{"line":20,"column":41}},"9":{"start":{"line":21,"column":0},"end":{"line":21,"column":35}},"10":{"start":{"line":23,"column":0},"end":{"line":23,"column":53}},"11":{"start":{"line":24,"column":0},"end":{"line":24,"column":52}},"12":{"start":{"line":25,"column":0},"end":{"line":25,"column":31}},"13":{"start":{"line":26,"column":0},"end":{"line":26,"column":36}},"14":{"start":{"line":27,"column":0},"end":{"line":27,"column":27}},"15":{"start":{"line":28,"column":0},"end":{"line":28,"column":51}},"16":{"start":{"line":30,"column":0},"end":{"line":30,"column":54}},"17":{"start":{"line":31,"column":0},"end":{"line":31,"column":41}},"18":{"start":{"line":33,"column":0},"end":{"line":55,"column":1}},"19":{"start":{"line":34,"column":2},"end":{"line":34,"column":25}},"20":{"start":{"line":35,"column":2},"end":{"line":35,"column":39}},"21":{"start":{"line":36,"column":2},"end":{"line":36,"column":24}},"22":{"start":{"line":37,"column":2},"end":{"line":37,"column":29}},"23":{"start":{"line":38,"column":2},"end":{"line":40,"column":4}},"24":{"start":{"line":42,"column":2},"end":{"line":45,"column":3}},"25":{"start":{"line":43,"column":4},"end":{"line":43,"column":38}},"26":{"start":{"line":44,"column":4},"end":{"line":44,"column":35}},"27":{"start":{"line":47,"column":2},"end":{"line":49,"column":3}},"28":{"start":{"line":48,"column":4},"end":{"line":48,"column":42}},"29":{"start":{"line":51,"column":2},"end":{"line":54,"column":3}},"30":{"start":{"line":52,"column":4},"end":{"line":52,"column":45}},"31":{"start":{"line":53,"column":4},"end":{"line":53,"column":39}},"32":{"start":{"line":57,"column":0},"end":{"line":79,"column":2}},"33":{"start":{"line":58,"column":2},"end":{"line":58,"column":41}},"34":{"start":{"line":60,"column":2},"end":{"line":78,"column":3}},"35":{"start":{"line":61,"column":4},"end":{"line":61,"column":46}},"36":{"start":{"line":63,"column":4},"end":{"line":63,"column":43}},"37":{"start":{"line":67,"column":4},"end":{"line":67,"column":104}},"38":{"start":{"line":68,"column":4},"end":{"line":77,"column":18}},"39":{"start":{"line":69,"column":6},"end":{"line":69,"column":34}},"40":{"start":{"line":70,"column":6},"end":{"line":76,"column":7}},"41":{"start":{"line":71,"column":8},"end":{"line":71,"column":50}},"42":{"start":{"line":73,"column":8},"end":{"line":75,"column":9}},"43":{"start":{"line":74,"column":10},"end":{"line":74,"column":30}},"44":{"start":{"line":81,"column":0},"end":{"line":87,"column":2}},"45":{"start":{"line":82,"column":2},"end":{"line":84,"column":3}},"46":{"start":{"line":83,"column":4},"end":{"line":83,"column":20}},"47":{"start":{"line":86,"column":2},"end":{"line":86,"column":44}},"48":{"start":{"line":89,"column":0},"end":{"line":95,"column":2}},"49":{"start":{"line":90,"column":2},"end":{"line":94,"column":3}},"50":{"start":{"line":91,"column":4},"end":{"line":91,"column":63}},"51":{"start":{"line":93,"column":4},"end":{"line":93,"column":38}},"52":{"start":{"line":97,"column":0},"end":{"line":99,"column":2}},"53":{"start":{"line":98,"column":2},"end":{"line":98,"column":45}},"54":{"start":{"line":101,"column":0},"end":{"line":103,"column":2}},"55":{"start":{"line":102,"column":2},"end":{"line":102,"column":42}},"56":{"start":{"line":105,"column":0},"end":{"line":123,"column":2}},"57":{"start":{"line":106,"column":2},"end":{"line":106,"column":18}},"58":{"start":{"line":107,"column":2},"end":{"line":122,"column":3}},"59":{"start":{"line":108,"column":4},"end":{"line":110,"column":5}},"60":{"start":{"line":109,"column":6},"end":{"line":109,"column":26}},"61":{"start":{"line":111,"column":9},"end":{"line":122,"column":3}},"62":{"start":{"line":112,"column":4},"end":{"line":112,"column":38}},"63":{"start":{"line":113,"column":9},"end":{"line":122,"column":3}},"64":{"start":{"line":114,"column":4},"end":{"line":114,"column":40}},"65":{"start":{"line":115,"column":9},"end":{"line":122,"column":3}},"66":{"start":{"line":116,"column":4},"end":{"line":116,"column":40}},"67":{"start":{"line":118,"column":4},"end":{"line":118,"column":67}},"68":{"start":{"line":119,"column":4},"end":{"line":121,"column":5}},"69":{"start":{"line":120,"column":6},"end":{"line":120,"column":26}},"70":{"start":{"line":125,"column":0},"end":{"line":130,"column":2}},"71":{"start":{"line":126,"column":2},"end":{"line":126,"column":65}},"72":{"start":{"line":127,"column":2},"end":{"line":129,"column":3}},"73":{"start":{"line":128,"column":4},"end":{"line":128,"column":24}},"74":{"start":{"line":132,"column":0},"end":{"line":143,"column":2}},"75":{"start":{"line":133,"column":2},"end":{"line":133,"column":18}},"76":{"start":{"line":134,"column":2},"end":{"line":142,"column":5}},"77":{"start":{"line":135,"column":4},"end":{"line":138,"column":5}},"78":{"start":{"line":136,"column":6},"end":{"line":136,"column":40}},"79":{"start":{"line":137,"column":6},"end":{"line":137,"column":29}},"80":{"start":{"line":139,"column":4},"end":{"line":141,"column":5}},"81":{"start":{"line":140,"column":6},"end":{"line":140,"column":26}},"82":{"start":{"line":145,"column":0},"end":{"line":157,"column":2}},"83":{"start":{"line":146,"column":2},"end":{"line":146,"column":18}},"84":{"start":{"line":147,"column":2},"end":{"line":156,"column":5}},"85":{"start":{"line":148,"column":4},"end":{"line":152,"column":5}},"86":{"start":{"line":149,"column":6},"end":{"line":149,"column":44}},"87":{"start":{"line":150,"column":6},"end":{"line":150,"column":29}},"88":{"start":{"line":151,"column":6},"end":{"line":151,"column":41}},"89":{"start":{"line":153,"column":4},"end":{"line":155,"column":5}},"90":{"start":{"line":154,"column":6},"end":{"line":154,"column":26}},"91":{"start":{"line":159,"column":0},"end":{"line":174,"column":2}},"92":{"start":{"line":163,"column":4},"end":{"line":163,"column":24}},"93":{"start":{"line":164,"column":4},"end":{"line":166,"column":5}},"94":{"start":{"line":165,"column":6},"end":{"line":165,"column":23}},"95":{"start":{"line":167,"column":4},"end":{"line":167,"column":76}},"96":{"start":{"line":176,"column":0},"end":{"line":199,"column":2}},"97":{"start":{"line":177,"column":2},"end":{"line":179,"column":3}},"98":{"start":{"line":178,"column":4},"end":{"line":178,"column":21}},"99":{"start":{"line":181,"column":2},"end":{"line":186,"column":3}},"100":{"start":{"line":182,"column":4},"end":{"line":184,"column":5}},"101":{"start":{"line":183,"column":6},"end":{"line":183,"column":48}},"102":{"start":{"line":185,"column":4},"end":{"line":185,"column":55}},"103":{"start":{"line":188,"column":2},"end":{"line":188,"column":36}},"104":{"start":{"line":189,"column":2},"end":{"line":189,"column":64}},"105":{"start":{"line":190,"column":2},"end":{"line":192,"column":5}},"106":{"start":{"line":191,"column":4},"end":{"line":191,"column":53}},"107":{"start":{"line":193,"column":2},"end":{"line":193,"column":35}},"108":{"start":{"line":194,"column":2},"end":{"line":196,"column":39}},"109":{"start":{"line":197,"column":2},"end":{"line":197,"column":48}},"110":{"start":{"line":198,"column":2},"end":{"line":198,"column":28}},"111":{"start":{"line":201,"column":0},"end":{"line":213,"column":2}},"112":{"start":{"line":202,"column":2},"end":{"line":202,"column":53}},"113":{"start":{"line":203,"column":2},"end":{"line":203,"column":59}},"114":{"start":{"line":204,"column":2},"end":{"line":204,"column":18}},"115":{"start":{"line":206,"column":2},"end":{"line":208,"column":3}},"116":{"start":{"line":207,"column":4},"end":{"line":207,"column":26}},"117":{"start":{"line":210,"column":2},"end":{"line":212,"column":5}},"118":{"start":{"line":211,"column":4},"end":{"line":211,"column":58}},"119":{"start":{"line":215,"column":0},"end":{"line":233,"column":2}},"120":{"start":{"line":216,"column":2},"end":{"line":218,"column":3}},"121":{"start":{"line":217,"column":4},"end":{"line":217,"column":28}},"122":{"start":{"line":219,"column":2},"end":{"line":221,"column":3}},"123":{"start":{"line":220,"column":4},"end":{"line":220,"column":33}},"124":{"start":{"line":222,"column":2},"end":{"line":224,"column":3}},"125":{"start":{"line":223,"column":4},"end":{"line":223,"column":33}},"126":{"start":{"line":225,"column":2},"end":{"line":232,"column":3}},"127":{"start":{"line":226,"column":4},"end":{"line":226,"column":40}},"128":{"start":{"line":227,"column":4},"end":{"line":231,"column":5}},"129":{"start":{"line":228,"column":6},"end":{"line":228,"column":35}},"130":{"start":{"line":230,"column":6},"end":{"line":230,"column":24}},"131":{"start":{"line":235,"column":0},"end":{"line":243,"column":2}},"132":{"start":{"line":236,"column":2},"end":{"line":236,"column":36}},"133":{"start":{"line":237,"column":2},"end":{"line":237,"column":44}},"134":{"start":{"line":238,"column":2},"end":{"line":242,"column":3}},"135":{"start":{"line":239,"column":4},"end":{"line":239,"column":34}},"136":{"start":{"line":241,"column":4},"end":{"line":241,"column":39}},"137":{"start":{"line":245,"column":0},"end":{"line":250,"column":2}},"138":{"start":{"line":246,"column":2},"end":{"line":248,"column":3}},"139":{"start":{"line":247,"column":4},"end":{"line":247,"column":21}},"140":{"start":{"line":249,"column":2},"end":{"line":249,"column":27}},"141":{"start":{"line":252,"column":0},"end":{"line":254,"column":2}},"142":{"start":{"line":253,"column":2},"end":{"line":253,"column":58}},"143":{"start":{"line":256,"column":0},"end":{"line":281,"column":2}},"144":{"start":{"line":257,"column":2},"end":{"line":257,"column":18}},"145":{"start":{"line":259,"column":2},"end":{"line":259,"column":55}},"146":{"start":{"line":260,"column":2},"end":{"line":280,"column":5}},"147":{"start":{"line":261,"column":4},"end":{"line":263,"column":5}},"148":{"start":{"line":262,"column":6},"end":{"line":262,"column":21}},"149":{"start":{"line":265,"column":4},"end":{"line":265,"column":32}},"150":{"start":{"line":266,"column":4},"end":{"line":269,"column":7}},"151":{"start":{"line":267,"column":6},"end":{"line":267,"column":73}},"152":{"start":{"line":268,"column":6},"end":{"line":268,"column":67}},"153":{"start":{"line":272,"column":4},"end":{"line":272,"column":48}},"154":{"start":{"line":273,"column":4},"end":{"line":278,"column":5}},"155":{"start":{"line":274,"column":6},"end":{"line":277,"column":7}},"156":{"start":{"line":275,"column":8},"end":{"line":275,"column":81}},"157":{"start":{"line":276,"column":8},"end":{"line":276,"column":61}},"158":{"start":{"line":279,"column":4},"end":{"line":279,"column":33}},"159":{"start":{"line":283,"column":0},"end":{"line":292,"column":2}},"160":{"start":{"line":284,"column":2},"end":{"line":284,"column":18}},"161":{"start":{"line":285,"column":2},"end":{"line":291,"column":5}},"162":{"start":{"line":286,"column":4},"end":{"line":288,"column":5}},"163":{"start":{"line":287,"column":6},"end":{"line":287,"column":21}},"164":{"start":{"line":290,"column":4},"end":{"line":290,"column":52}},"165":{"start":{"line":294,"column":0},"end":{"line":312,"column":2}},"166":{"start":{"line":295,"column":2},"end":{"line":295,"column":37}},"167":{"start":{"line":296,"column":2},"end":{"line":302,"column":3}},"168":{"start":{"line":297,"column":4},"end":{"line":297,"column":51}},"169":{"start":{"line":298,"column":9},"end":{"line":302,"column":3}},"170":{"start":{"line":299,"column":4},"end":{"line":299,"column":48}},"171":{"start":{"line":301,"column":4},"end":{"line":301,"column":67}},"172":{"start":{"line":304,"column":2},"end":{"line":304,"column":30}},"173":{"start":{"line":305,"column":2},"end":{"line":310,"column":3}},"174":{"start":{"line":306,"column":4},"end":{"line":306,"column":41}},"175":{"start":{"line":307,"column":
[...]
olumn":4},"end":{"line":40,"column":7}},"17":{"start":{"line":44,"column":0},"end":{"line":44,"column":29}}},"branchMap":{"1":{"line":26,"type":"if","locations":[{"start":{"line":26,"column":4},"end":{"line":26,"column":4}},{"start":{"line":26,"column":4},"end":{"line":26,"column":4}}]},"2":{"line":28,"type":"if","locations":[{"start":{"line":28,"column":11},"end":{"line":28,"column":11}},{"start":{"line":28,"column":11},"end":{"line":28,"column":11}}]}},"code":["'use strict';","","var Backbone = require('backbone');","","var TestResults = Backbone.Model.extend({","  initialize: function() {","    this.reset();","  },","  reset: function() {","    this.set({","      topLevelError: null,","      failed: 0,","      passed: 0,","      pending: 0,","      total: 0,","      tests: new Backbone.Collection(),","      all: false","    });","  },","  addResult: function(result) {","    var total = this.get('total');","    var pending = this.get('pending');","    var passed = this.get('passed');","    var failed = this.get('failed');","    total++;","    if (result.pending) {","      pending++;","    } else if (result.failed === 0) {","      passed++;","    } else {","      failed++;","    }","    this.get('tests').push(result);","    this.set({","      total: total,","      pending: pending,","      passed: passed,","      failed: failed,","      items: result.items","    });","  }","});","","module.exports = TestResults;",""],"l":{"3":1,"5":1,"7":0,"10":0,"21":0,"22":0,"23":0,"24":0,"25":0,"26":0,"27":0,"28":0,"29":0,"31":0,"33":0,"34":0,"44":1}},"/home/travis/build/npmtest/node-npmtest-testem/node_modules/testem/lib/utils/report-file.js":{"path":"/home/travis/build/npmtest/node-npmtest-testem/node_modules/testem/lib/utils/report-file.js","s":{"1":1,"2":1,"3":1,"4":1,"5":1,"6":1,"7":0,"8":0,"9":0,"10":0,"11":0,"12":1,"13":0,"14":0,"15":0,"16":0,"17":0,"18":0,"19":0,"20":0,"21":1,"22":0,"23":0,"24":1},"b":{"1":[0,0]},"f":{"1":0,"2":0,"3":0,"4":0},"fnMap":{"1":{"name":"ReportFile","line":9,"loc":{"start":{"line":9,"column":0},"end":{"line":9,"column":32}}},"2":{"name":"finish","line":19,"loc":{"start":{"line":19,"column":2},"end":{"line":19,"column":24}}},"3":{"name":"(anonymous_3)","line":29,"loc":{"start":{"line":29,"column":43},"end":{"line":29,"column":69}}},"4":{"name":"(anonymous_4)","line":35,"loc":{"start":{"line":35,"column":29},"end":{"line":35,"column":40}}}},"statementMap":{"1":{"start":{"line":3,"column":0},"end":{"line":3,"column":23}},"2":{"start":{"line":4,"column":0},"end":{"line":4,"column":27}},"3":{"start":{"line":5,"column":0},"end":{"line":5,"column":31}},"4":{"start":{"line":6,"column":0},"end":{"line":6,"column":48}},"5":{"start":{"line":7,"column":0},"end":{"line":7,"column":35}},"6":{"start":{"line":9,"column":0},"end":{"line":33,"column":1}},"7":{"start":{"line":10,"column":2},"end":{"line":10,"column":25}},"8":{"start":{"line":12,"column":2},"end":{"line":12,"column":40}},"9":{"start":{"line":14,"column":2},"end":{"line":14,"column":54}},"10":{"start":{"line":16,"column":2},"end":{"line":16,"column":72}},"11":{"start":{"line":18,"column":2},"end":{"line":18,"column":27}},"12":{"start":{"line":19,"column":2},"end":{"line":24,"column":3}},"13":{"start":{"line":20,"column":4},"end":{"line":23,"column":5}},"14":{"start":{"line":21,"column":6},"end":{"line":21,"column":26}},"15":{"start":{"line":22,"column":6},"end":{"line":22,"column":34}},"16":{"start":{"line":26,"column":2},"end":{"line":26,"column":38}},"17":{"start":{"line":27,"column":2},"end":{"line":27,"column":40}},"18":{"start":{"line":29,"column":2},"end":{"line":32,"column":16}},"19":{"start":{"line":30,"column":4},"end":{"line":30,"column":44}},"20":{"start":{"line":31,"column":4},"end":{"line":31,"column":42}},"21":{"start":{"line":35,"column":0},"end":{"line":39,"column":2}},"22":{"start":{"line":36,"column":2},"end":{"line":36,"column":26}},"23":{"start":{"line":38,"column":2},"end":{"line":38,"column":27}},"24":{"start":{"line":41,"column":0},"end":{"line":41,"column":28}}},"branchMap":{"1":{"line":20,"type":"if","locations":[{"start":{"line":20,"column":4},"end":{"line":20,"column":4}},{"start":{"line":20,"column":4},"end":{"line":20,"column":4}}]}},"code":["'use strict';","","var fs = require('fs');","var path = require('path');","var mkdirp = require('mkdirp');","var PassThrough = require('stream').PassThrough;","var Bluebird = require('bluebird');","","function ReportFile(reportFile) {","  this.file = reportFile;","","  this.outputStream = new PassThrough();","","  mkdirp.sync(path.dirname(path.resolve(reportFile)));","","  this.outputStream = fs.createWriteStream(reportFile, { flags: 'w+' });","","  var alreadyEnded = false;","  function finish(data) {","    if (!alreadyEnded) {","      alreadyEnded = true;","      this.outputStream.end(data);","    }","  }","","  this.outputStream.on('end', finish);","  this.outputStream.on('error', finish);","","  this.closePromise = new Bluebird.Promise(function(resolve, reject) {","    this.outputStream.on('finish', resolve);","    this.outputStream.on('error', reject);","  }.bind(this));","}","","ReportFile.prototype.close = function() {","  this.outputStream.end();","","  return this.closePromise;","};","","module.exports = ReportFile;",""],"l":{"3":1,"4":1,"5":1,"6":1,"7":1,"9":1,"10":0,"12":0,"14":0,"16":0,"18":0,"19":1,"20":0,"21":0,"22":0,"26":0,"27":0,"29":0,"30":0,"31":0,"35":1,"36":0,"38":0,"41":1}},"/home/travis/build/npmtest/node-npmtest-testem/node_modules/testem/lib/utils/signal-listeners.js":{"path":"/home/travis/build/npmtest/node-npmtest-testem/node_modules/testem/lib/utils/signal-listeners.js","s":{"1":1,"2":1,"3":1,"4":1,"5":1,"6":1,"7":0,"8":1,"9":1,"10":1,"11":0,"12":1,"13":1,"14":0,"15":1,"16":1,"17":1,"18":0,"19":0,"20":0,"21":0,"22":1},"b":{"1":[0,0],"2":[0,0]},"f":{"1":1,"2":1,"3":0,"4":1,"5":0,"6":0,"7":0},"fnMap":{"1":{"name":"SignalListeners","line":6,"loc":{"start":{"line":6,"column":0},"end":{"line":6,"column":27}}},"2":{"name":"(anonymous_2)","line":8,"loc":{"start":{"line":8,"column":23},"end":{"line":8,"column":34}}},"3":{"name":"(anonymous_3)","line":11,"loc":{"start":{"line":11,"column":40},"end":{"line":11,"column":51}}},"4":{"name":"(anonymous_4)","line":18,"loc":{"start":{"line":18,"column":48},"end":{"line":18,"column":59}}},"5":{"name":"(anonymous_5)","line":19,"loc":{"start":{"line":19,"column":28},"end":{"line":19,"column":39}}},"6":{"name":"(anonymous_6)","line":24,"loc":{"start":{"line":24,"column":28},"end":{"line":24,"column":39}}},"7":{"name":"(anonymous_7)","line":32,"loc":{"start":{"line":32,"column":51},"end":{"line":32,"column":62}}}},"statementMap":{"1":{"start":{"line":3,"column":0},"end":{"line":3,"column":35}},"2":{"start":{"line":4,"column":0},"end":{"line":4,"column":50}},"3":{"start":{"line":6,"column":0},"end":{"line":6,"column":29}},"4":{"start":{"line":8,"column":0},"end":{"line":14,"column":2}},"5":{"start":{"line":9,"column":2},"end":{"line":9,"column":46}},"6":{"start":{"line":11,"column":2},"end":{"line":13,"column":5}},"7":{"start":{"line":12,"column":4},"end":{"line":12,"column":36}},"8":{"start":{"line":16,"column":0},"end":{"line":16,"column":61}},"9":{"start":{"line":18,"column":0},"end":{"line":30,"column":3}},"10":{"start":{"line":19,"column":2},"end":{"line":21,"column":15}},"11":{"start":{"line":20,"column":4},"end":{"line":20,"column":61}},"12":{"start":{"line":22,"column":2},"end":{"line":22,"column":48}},"13":{"start":{"line":24,"column":2},"end":{"line":26,"column":15}},"14":{"start":{"line":25,"column":4},"end":{"line":25,"column":62}},"15":{"start":{"line":27,"column":2},"end":{"line":27,"column":49}},"16":{"start":{"line":29,"column":2},"end":{"line":29,"column":14}},"17":{"start":{"line":32,"column":0},"end":{"line":39,"column":3}},"18":{"start":{"line":33,"column":2},"end":{"line":35,"column":3}},"19":{"start":{"line":34,"column":4},"end":{"line":34,"column":62}},"20":{"start":{"line":36,"column":2},"end":{"line":38,"column":3}},"21":{"start":{"line":37,"column":4},"end":{"line":37,"column":63}},"22":{"start":{"line":41,"column":0},"end":{"line":41,"column":33}}},"branchMap":{"1":{"line":33,"type":"if","locations":[{"start":{"line":33,"column":2},"end":{"line":33,"column":2}},{"start":{"line":33,"column":2},"end":{"line":33,"column":2}}]},"2":{"line":36,"type":"if","locations":[{"start":{"line":36,"column":2},"end":{"line":36,"column":2}},{"start":{"line":36,"column":2},"end":{"line":36,"column":2}}]}},"code":["'use strict';","","var Bluebird = require('bluebird');","var EventEmitter = require('events').EventEmitter;","","function SignalListeners() {}","","SignalListeners.with = function() {","  var signalListeners = new SignalListeners();","","  return signalListeners.add().disposer(function() {","    return signalListeners.remove();","  });","};","","SignalListeners.prototype.__proto__ = EventEmitter.prototype;","","SignalListeners.prototype.add = Bluebird.method(function() {","  this._boundSigInterrupt = function() {","    this.emit('signal', new Error('Received SIGINT signal'));","  }.bind(this);","  process.on('SIGINT', this._boundSigInterrupt);","","  this._boundSigTerminate = function() {","    this.emit('signal', new Error('Received SIGTERM signal'));","  }.bind(this);","  process.on('SIGTERM', this._boundSigTerminate);","","  return this;","});","","SignalListeners.prototype.remove = Bluebird.method(function() {","  if (this._boundSigInterrupt) {","    process.removeListener('SIGINT', this._boundSigInterrupt);","  }","  if (this._boundSigTerminate) {","    process.removeListener('SIGTERM', this._boundSigTerminate);","  }","});","","module.exports = SignalListeners;",""],"l":{"3":1,"4":1,"6":1,"8":1,"9":1,"11":1,"12":0,"16":1,"18":1,"19":1,"20":0,"22":1,"24":1,"25":0,"27":1,"29":1,"32":1,"33":0,"34":0,"36":0,"37":0,"41":1}},"/home/travis/build/npmtest/node-npmtest-testem/node_modules/testem/public/.eslintrc.js":{"path":"/home/travis/build/npmtest/node-npmtest-testem/node_modules/testem/public/.eslintrc.js","s":{"1":1},"b":{},"f":{},"fnMap":{},"statementMap":{"1":{"start":{"line":3,"column":0},"end":{"line":8,"column":1}}},"branchMap":{},"code":["'use strict';","","module.exports = {","  env: {","    browser: true,","    node: false","  }","}",""],"l":{"3":1}},"/home/travis/build/npmtest/node-npmtest-testem/node_modules/testem/testem.js":{"path":"/home/travis/build/npmtest/node-npmtest-testem/node_modules/testem/testem.js","s":{"1":1,"2":1,"3":1,"4":1,"5":1,"6":1,"7":1,"8":0,"9":0,"10":0,"11":1,"12":0,"13":0,"14":0,"15":1,"16":0,"17":0,"18":0,"19":1,"20":0,"21":0,"22":0,"23":0,"24":0,"25":0,"26":0,"27":0,"28":0,"29":0,"30":0,"31":0,"32":0,"33":1,"34":1,"35":1,"36":1,"37":1,"38":0,"39":0,"40":1,"41":1,"42":0,"43":1,"44":1,"45":0,"46":0,"47":1,"48":3,"49":0,"50":0},"b":{"1":[0,1],"2":[0,1],"3":[1,0],"4":[0,0]},"f":{"1":0,"2":0,"3":0,"4":0,"5":1,"6":0,"7":3,"8":0},"fnMap":{"1":{"name":"(anonymous_1)","line":25,"loc":{"start":{"line":25,"column":14},"end":{"line":25,"column":28}}},"2":{"name":"(anonymous_2)","line":38,"loc":{"start":{"line":38,"column":14},"end":{"line":38,"column":28}}},"3":{"name":"(anonymous_3)","line":47,"loc":{"start":{"line":47,"column":14},"end":{"line":47,"column":28}}},"4":{"name":"(anonymous_4)","line":53,"loc":{"start":{"line":53,"column":21},"end":{"line":53,"column":32}}},"5":{"name":"main","line":70,"loc":{"start":{"line":70,"column":0},"end":{"line":70,"column":16}}},"6":{"name":"(anonymous_6)","line":75,"loc":{"start":{"line":75,"column":16},"end":{"line":75,"column":27}}},"7":{"name":"act","line":94,"loc":{"start":{"line":94,"column":0},"end":{"line":94,"column":18}}},"8":{"name":"(anonymous_8)","line":95,"loc":{"start":{"line":95,"column":9},"end":{"line":95,"column":20}}}},"statementMap":{"1":{"start":{"line":4,"column":0},"end":{"line":4,"column":35}},"2":{"start":{"line":5,"column":0},"end":{"line":5,"column":26}},"3":{"start":{"line":6,"column":0},"end":{"line":6,"column":37}},"4":{"start":{"line":7,"column":0},"end":{"line":7,"column":31}},"5":{"start":{"line":8,"column":0},"end":{"line":8,"column":20}},"6":{"start":{"line":10,"column":0},"end":{"line":20,"column":65}},"7":{"start":{"line":22,"column":0},"end":{"line":29,"column":6}},"8":{"start":{"line":26,"column":4},"end":{"line":26,"column":28}},"9":{"start":{"line":27,"column":4},"end":{"line":27,"column":22}},"10":{"start":{"line":28,"column":4},"end":{"line":28,"column":26}},"11":{"start":{"line":31,"column":0},"end":{"line":42,"column":6}},"12":{"start":{"line":39,"column":4},"end":{"line":39,"column":28}},"13":{"start":{"line":40,"column":4},"end":{"line":40,"column":22}},"14":{"start":{"line":41,"column":4},"end":{"line":41,"column":19}},"15":{"start":{"line":44,"column":0},"end":{"line":51,"column":6}},"16":{"start":{"line":48,"column":4},"end":{"line":48,"column":28}},"17":{"start":{"line":49,"column":4},"end":{"line":49,"column":22}},"18":{"start":{"line":50,"column":4},"end":{"line":50,"column":23}},"19":{"start":{"line":53,"column":0},"end":{"line":67,"column":3}},"20":{"start":{"line":54,"column":2},"end":{"line":54,"column":54}},"21":{"start":{"line":55,"column":2},"end":{"line":55,"column":58}},"22":{"start":{"line":56,"column":2},"end":{"line":56,"column":49}},"23":{"start":{"line":57,"column":2},"end":{"line":57,"column":85}},"24":{"start":{"line":58,"column":2},"end":{"line":58,"column":86}},"25":{"start":{"line":59,"column":2},"end":{"line":59,"column":98}},"26":{"start":{"line":60,"column":2},"end":{"line":60,"column":79}},"27":{"start":{"line":61,"column":2},"end":{"line":61,"column":81}},"28":{"start":{"line":62,"column":2},"end":{"line":62,"column":79}},"29":{"start":{"line":63,"column":2},"end":{"line":63,"column":77}},"30":{"start":{"line":64,"column":2},"end":{"line":64,"column":86}},"31":{"start":{"line":65,"column":2},"end":{"line":65,"column":84}},"32":{"start":{"line":66,"column":2},"end":{"line":66,"column":16}},"33":{"start":{"line":69,"column":0},"end":{"line":69,"column":7}},"34":{"start":{"line":70,"column":0},"end":{"line":88,"column":1}},"35":{"start":{"line":71,"column":2},"end":{"line":71,"column":30}},"36":{"start":{"line":73,"column":2},"end":{"line":73,"column":48}},"37":{"start":{"line":74,"column":2},"end":{"line":87,"column":3}},"38":{"start":{"line":75,"column":4},"end":{"line":77,"column":7}},"39":{"start":{"line":76,"column":6},"end":{"line":76,"column":33}},"40":{"start":{"line":79,"column":4},"end":{"line":79,"column":24}},"41":{"start":{"line":80,"column":4},"end":{"line":86,"column":5}},"42":{"start":{"line":81,"column":6},"end":{"line":81,"column":31}},"43":{"start":{"line":82,"column":11},"end":{"line":86,"column":5}},"44":{"start":{"line":83,"column":6},"end":{"line":83,"column":32}},"45":{"start":{"line":84,"column":11},"end":{"line":86,"column":5}},"46":{"start":{"line":85,"column":6},"end":{"line":85,"column":35}},"47":{"start":{"line":94,"column":0},"end":{"line":99,"column":1}},"48":{"start":{"line":95,"column":2},"end":{"line":98,"column":4}},"49":{"start":{"line":96,"column":4},"end":{"line":96,"column":50}},"50":{"start":{"line":97,"column":4},"end":{"line":97,"column":17}}},"branchMap":{"1":{"line":74,"type":"if","locations":[{"start":{"line":74,"column":2},"end":{"line":74,"column":2}},{"start":{"line":74,"column":2},"end":{"line":74,"column":2}}]},"2":{"line":80,"type":"if","locations":[{"start":{"line":80,"column":4},"end":{"line":80,"column":4}},{"start":{"line":80,"column":4},"end":{"line":80,"column":4}}]},"3":{"line":82,"type":"if","locations":[{"start":{"line":82,"column":11},"end":{"line":82,"column":11}},{"start":{"line":82,"column":11},"end":{"line":82,"column":11}}]},"4":{"line":84,"type":"if","locations":[{"start":{"line":84,"column":11},"end":{"line":84,"column":11}},{"start":{"line":84,"column":11},"end":{"line":84,"column":11}}]}},"code":["//#!/usr/bin/env node","'use strict';","","var program = require('commander');","var progOptions = program;","var Config = require('./lib/config');","var Api = require('./lib/api');","var appMode = 'dev';","","program","  .version(require(__dirname + '/package').version)","  .usage('[options]')","  .option('-f, --file [file]', 'config file - defaults to testem.json or testem.yml')","  .option('-p, --port [num]', 'server port - defaults to 7357', Number)","  .option('--host [hostname]', 'host name - defaults to localhost', String)","  .option('-l, --launch [list]', 'list of launchers to launch(comma separated)')","  .option('-s, --skip [list]', 'list of launchers to skip(comma separated)')","  .option('-d, --debug [file]', 'output debug to debug log - defaults to testem.log')","  .option('-t, --test_page [page]', 'the html page to drive the tests')","  .option('-g, --growl', 'turn on growl / native notifications');","","program","  .command('launchers')","  .description('Print the list of available launchers (browsers & process launchers)')","  .action(act(function(env) {","    env.__proto__ = program;","    progOptions = env;","    appMode = 'launchers';","  }));","","program","  .command('ci')","  .description('Continuous integration mode')","  .option('-T, --timeout [sec]', 'timeout a browser after [sec] seconds', null)","  .option('-P, --parallel [num]', 'number of browsers to run in parallel, defaults to 1', Number)","  .option('-b, --bail_on_uncaught_error', 'Bail on any uncaught errors')","  .option('-R, --reporter [reporter]', 'Test reporter to use [tap|dot|xunit|teamcity]')","  .action(act(function(env) {","    env.__proto__ = program;","    progOptions = env;","    appMode = 'ci';","  }));","","program","  .command('server')","  .description('Run just the server')","  .action(act(function(env) {","    env.__proto__ = program;","    progOptions = env;","    appMode = 'server';","  }));","","program.on('--help', function() {","  console.log('  Keyboard Controls (in dev mode):\\n');","  console.log('    ENTER                  run the tests');","  console.log('    q                      quit');","  console.log('    LEFT ARROW             move to the next browser tab on the left');","  console.log('    RIGHT ARROW            move to the next browser tab on the right');","  console.log('    TAB                    switch between top and bottom panel (split mode only)');","  console.log('    UP ARROW               scroll up in the target text panel');","  console.log('    DOWN ARROW             scroll down in the target text panel');","  console.log('    SPACE                  page down in the target text panel');","  console.log('    b                      page up in the target text panel');","  console.log('    d                      half a page down in the target text panel');","  console.log('    u                      half a page up in the target text panel');","  console.log();","});","","main();","function main() {","  program.parse(process.argv);","","  var config = new Config(appMode, progOptions);","  if (appMode === 'launchers') {","    config.read(function() {","      config.printLauncherInfo();","    });","  } else {","    var api = new Api();","    if (appMode === 'ci') {","      api.startCI(progOptions);","    } else if (appMode === 'dev') {","      api.startDev(progOptions);","    } else if (appMode === 'server') {","      api.startServer(progOptions);","    }","  }","}","","// this is to workaround the weird behavior in command where","// if you provide additional command line arguments that aren't","// options, it goes in as a string as the 1st arguments of the","// \"action\" callback, we don't want this","function act(fun) {","  return function() {","    var options = arguments[arguments.length - 1];","    fun(options);","  };","}",""],"l":{"4":1,"5":1,"6":1,"7":1,"8":1,"10":1,"22":1,"26":0,"27":0,"28":0,"31":1,"39":0,"40":0,"41":0,"44":1,"48":0,"49":0,"50":0,"53":1,"54":0,"55":0,"56":0,"57":0,"58":0,"59":0,"60":0,"61":0,"62":0,"63":0,"64":0,"65":0,"66":0,"69":1,"70":1,"71":1,"73":1,"74":1,"75":0,"76":0,"79":1,"80":1,"81":0,"82":1,"83":1,"84":0,"85":0,"94":1,"95":3,"96":0,"97":0}}}